New log file opened at Tue May 10 16:43:57 CEST 2016 by 1871@MBP-de-Mickael
Taking next connection to: 54277
New client attempting to connect on port: 54278-54277
  Address = /192.168.1.56:54277
This client on port 54278 has uuid 6270fb6a-23d8-40c9-abcb-fb87a998c899 configName activator humanReadableName Activator protocolVersion 3 featureTags Vector()
Connected Clients: activator-6270fb6a-23d8-40c9-abcb-fb87a998c899
Taking next connection to: 54277
New client attempting to connect on port: 54279-54277
  Address = /192.168.1.56:54277
Handshake exception on socket: 54279
sbt.impl.ipc.HandshakeException: Unable to perform handshake
	at sbt.impl.ipc.Peer.handshake(IPC.scala:46)
	at sbt.impl.ipc.MultiClientServer.<init>(IPC.scala:150)
	at sbt.server.SbtServerSocketHandler$$anon$1.run(SbtServerSocketHandler.scala:43)
Caused by: java.net.SocketException: Connection reset
	at java.net.SocketInputStream.read(SocketInputStream.java:209)
	at java.net.SocketInputStream.read(SocketInputStream.java:141)
	at java.io.BufferedInputStream.fill(BufferedInputStream.java:246)
	at java.io.BufferedInputStream.read(BufferedInputStream.java:265)
	at java.io.DataInputStream.readInt(DataInputStream.java:387)
	at sbt.impl.ipc.Peer.receive(IPC.scala:95)
	at sbt.impl.ipc.Peer.handshake(IPC.scala:49)
	... 2 more
Taking next connection to: 54277
New client attempting to connect on port: 54280-54277
  Address = /192.168.1.56:54277
This client on port 54280 has uuid efc7fb7f-b5da-4197-bcc4-d6e0c0daa0a7 configName activator humanReadableName Activator protocolVersion 3 featureTags Vector()
Connected Clients: activator-6270fb6a-23d8-40c9-abcb-fb87a998c899, activator-efc7fb7f-b5da-4197-bcc4-d6e0c0daa0a7
Taking next connection to: 54277
New client attempting to connect on port: 54289-54277
  Address = /192.168.1.56:54277
Handshake exception on socket: 54289
sbt.impl.ipc.HandshakeException: Unable to perform handshake
	at sbt.impl.ipc.Peer.handshake(IPC.scala:46)
	at sbt.impl.ipc.MultiClientServer.<init>(IPC.scala:150)
	at sbt.server.SbtServerSocketHandler$$anon$1.run(SbtServerSocketHandler.scala:43)
Caused by: java.io.EOFException
	at java.io.DataInputStream.readInt(DataInputStream.java:392)
	at sbt.impl.ipc.Peer.receive(IPC.scala:95)
	at sbt.impl.ipc.Peer.handshake(IPC.scala:49)
	... 2 more
Taking next connection to: 54277
New client attempting to connect on port: 54290-54277
  Address = /192.168.1.56:54277
This client on port 54290 has uuid 6cfc34d6-eced-4ed5-976c-4f3ece389ee9 configName play-fork-run humanReadableName Play Fork Run protocolVersion 1 featureTags Vector()
Connected Clients: activator-6270fb6a-23d8-40c9-abcb-fb87a998c899, activator-efc7fb7f-b5da-4197-bcc4-d6e0c0daa0a7, play-fork-run-6cfc34d6-eced-4ed5-976c-4f3ece389ee9
Taking next connection to: 54277
Checking to see if clients are empty...
We have 1 non-daemon clients, continuing serving connections.
Taking next connection to: 54277
Checking to see if clients are empty...
We have 1 non-daemon clients, continuing serving connections.
Taking next connection to: 54277
Checking to see if clients are empty...
We have 1 non-daemon clients, continuing serving connections.
Taking next connection to: 54277
Checking to see if clients are empty...
We have 1 non-daemon clients, continuing serving connections.
Taking next connection to: 54277
Checking to see if clients are empty...
We have 1 non-daemon clients, continuing serving connections.
Taking next connection to: 54277
