New log file opened at Fri Apr 08 11:08:22 CEST 2016 by 5980@MacBook-Pro-de-Mickael-2.local
Sending msg to client play-fork-run-0d331219-2bfd-4120-9be0-1d1ab6e1fcc6: DetachedLogEvent(LogMessage(debug,sbt server socket logs are in: /Users/phanthavong/play-java/.sbtserver/connections/master.log))
Sending msg to client play-fork-run-0d331219-2bfd-4120-9be0-1d1ab6e1fcc6: DetachedLogEvent(LogMessage(debug,sbt client logs are in: /Users/phanthavong/play-java/.sbtserver/connections/play-fork-run-0d331219-2bfd-4120-9be0-1d1ab6e1fcc6.log))
Sending msg to client play-fork-run-0d331219-2bfd-4120-9be0-1d1ab6e1fcc6: DetachedLogEvent(LogMessage(debug,sbt general server logs are in: /Users/phanthavong/play-java/.sbtserver/master.log))
Reading next message from client.
Got request: DaemonRequest(true)
Reading next message from client.
Sending msg to client play-fork-run-0d331219-2bfd-4120-9be0-1d1ab6e1fcc6: (3,ReceivedResponse())
Got request: ListenToEvents()
Reading next message from client.
Sending msg to client play-fork-run-0d331219-2bfd-4120-9be0-1d1ab6e1fcc6: ExecutionWaiting(12,test,ClientInfo(29132160-6936-40bb-b89d-069412184f6e,activator,Activator,3,Vector()))
Sending msg to client play-fork-run-0d331219-2bfd-4120-9be0-1d1ab6e1fcc6: ExecutionStarting(12)
Sending msg to client play-fork-run-0d331219-2bfd-4120-9be0-1d1ab6e1fcc6: TaskStarted(12,1319,None)
Sending msg to client play-fork-run-0d331219-2bfd-4120-9be0-1d1ab6e1fcc6: TaskStarted(12,991,Some(AttributeKey[sbt.Tests$Output]("executeTests") in Scope(Build: file:/Users/phanthavong/play-java/, , Project: ProjectReference(file:/Users/phanthavong/play-java/,root), Config: test)))
Sending msg to client play-fork-run-0d331219-2bfd-4120-9be0-1d1ab6e1fcc6: TaskStarted(12,1320,None)
Sending msg to client play-fork-run-0d331219-2bfd-4120-9be0-1d1ab6e1fcc6: BackgroundJobStarted(11,BackgroundJobInfo(2,backgroundRun,AttributeKey[sbt.BackgroundJobHandle]("backgroundRun") in Scope(Build: file:/Users/phanthavong/play-java/, , Project: ProjectReference(file:/Users/phanthavong/play-java/,root), Config: compile)))
Sending msg to client play-fork-run-0d331219-2bfd-4120-9be0-1d1ab6e1fcc6: BackgroundJobStarted(5,BackgroundJobInfo(1,backgroundRun,AttributeKey[sbt.BackgroundJobHandle]("backgroundRun") in Scope(Build: file:/Users/phanthavong/play-java/, , Project: ProjectReference(file:/Users/phanthavong/play-java/,root), Config: compile)))
Sending msg to client play-fork-run-0d331219-2bfd-4120-9be0-1d1ab6e1fcc6: (4,ReceivedResponse())
Got request: KeyLookupRequest(root/playForkConfig)
Reading next message from client.
Sending msg to client play-fork-run-0d331219-2bfd-4120-9be0-1d1ab6e1fcc6: (5,KeyLookupResponse(root/playForkConfig,Vector(AttributeKey[play.forkrun.protocol.ForkConfig]("playForkConfig") in Scope(Build: file:/Users/phanthavong/play-java/, , Project: ProjectReference(file:/Users/phanthavong/play-java/,root)))))
Sending msg to client play-fork-run-0d331219-2bfd-4120-9be0-1d1ab6e1fcc6: BackgroundJobLogEvent(1,LogMessage(info,JVM exiting, shutting down Play fork run ...))
Sending msg to client play-fork-run-0d331219-2bfd-4120-9be0-1d1ab6e1fcc6: BackgroundJobLogEvent(1,LogMessage(info,Play fork run already stopped ...))
Got request: ListenToValue(AttributeKey[play.forkrun.protocol.ForkConfig]("playForkConfig") in Scope(Build: file:/Users/phanthavong/play-java/, , Project: ProjectReference(file:/Users/phanthavong/play-java/,root)))
Reading next message from client.
Sending msg to client play-fork-run-0d331219-2bfd-4120-9be0-1d1ab6e1fcc6: (6,ReceivedResponse())
Got request: KeyExecutionRequest(AttributeKey[play.forkrun.protocol.ForkConfig]("playForkConfig") in Scope(Build: file:/Users/phanthavong/play-java/, , Project: ProjectReference(file:/Users/phanthavong/play-java/,root)))
Reading next message from client.
Sending msg to client play-fork-run-0d331219-2bfd-4120-9be0-1d1ab6e1fcc6: (7,ExecutionRequestReceived(13))
Sending msg to client play-fork-run-0d331219-2bfd-4120-9be0-1d1ab6e1fcc6: ExecutionWaiting(13,{file:/Users/phanthavong/play-java/}root/*:playForkConfig,ClientInfo(0d331219-2bfd-4120-9be0-1d1ab6e1fcc6,play-fork-run,Play Fork Run,1,Vector()))
Sending msg to client play-fork-run-0d331219-2bfd-4120-9be0-1d1ab6e1fcc6: BackgroundJobLogEvent(1,LogMessage(info,Forked Play process exited with status: 0))
Sending msg to client play-fork-run-0d331219-2bfd-4120-9be0-1d1ab6e1fcc6: BackgroundJobFinished(5,1)
Sending msg to client play-fork-run-0d331219-2bfd-4120-9be0-1d1ab6e1fcc6: TaskLogEvent(1320,LogStdOut([info] application - ApplicationTimer demo: Starting application at 2016-04-08T09:08:22.790Z))
Sending msg to client play-fork-run-0d331219-2bfd-4120-9be0-1d1ab6e1fcc6: TaskLogEvent(1320,LogStdOut([info] application - ApplicationTimer demo: Stopping application at 2016-04-08T09:08:25.949Z after 3s.))
Sending msg to client play-fork-run-0d331219-2bfd-4120-9be0-1d1ab6e1fcc6: TaskLogEvent(1320,LogStdOut([info] application - Shutting down connection pool.))
Sending msg to client play-fork-run-0d331219-2bfd-4120-9be0-1d1ab6e1fcc6: TaskLogEvent(1320,LogMessage(debug,Test IntegrationTest.test finished, took 5.887 sec))
Sending msg to client play-fork-run-0d331219-2bfd-4120-9be0-1d1ab6e1fcc6: TaskLogEvent(1320,LogMessage(debug,Test run finished: 0 failed, 0 ignored, 1 total, 5.888s))
Sending msg to client play-fork-run-0d331219-2bfd-4120-9be0-1d1ab6e1fcc6: TaskLogEvent(1320,LogMessage(debug,    Produced 0 nested tasks and 1 events.))
Sending msg to client play-fork-run-0d331219-2bfd-4120-9be0-1d1ab6e1fcc6: TaskEvent(1320,LazyValue(TestGroupStarted(IntegrationTest),sbt.protocol.TestGroupStar$$$$a1c43a69e6d69fc565aebe15e13b1a1$$$$tedPickler1$2$@4c454a15))
Sending msg to client play-fork-run-0d331219-2bfd-4120-9be0-1d1ab6e1fcc6: TaskEvent(1320,LazyValue(TestEvent(IntegrationTest.test,None,passed,None,5887),sbt.protocol.TestEvent$SbtProtocolTestEventPickler1$2$@42b029f5))
Sending msg to client play-fork-run-0d331219-2bfd-4120-9be0-1d1ab6e1fcc6: TaskEvent(1320,LazyValue(TestGroupFinished(IntegrationTest,passed,None),sbt.protocol.TestGroupFini$$$$c8161fda9fde24be4dd9f5afdb23f2e6$$$$hedPickler1$2$@5984b607))
Sending msg to client play-fork-run-0d331219-2bfd-4120-9be0-1d1ab6e1fcc6: TaskFinished(12,1320,None,true,None)
Sending msg to client play-fork-run-0d331219-2bfd-4120-9be0-1d1ab6e1fcc6: TaskFinished(12,1319,None,true,None)
Sending msg to client play-fork-run-0d331219-2bfd-4120-9be0-1d1ab6e1fcc6: TaskStarted(12,1318,None)
Sending msg to client play-fork-run-0d331219-2bfd-4120-9be0-1d1ab6e1fcc6: TaskStarted(12,1322,None)
Sending msg to client play-fork-run-0d331219-2bfd-4120-9be0-1d1ab6e1fcc6: TaskFinished(12,1322,None,true,None)
Sending msg to client play-fork-run-0d331219-2bfd-4120-9be0-1d1ab6e1fcc6: TaskStarted(12,1321,None)
Sending msg to client play-fork-run-0d331219-2bfd-4120-9be0-1d1ab6e1fcc6: TaskFinished(12,1321,None,true,None)
Sending msg to client play-fork-run-0d331219-2bfd-4120-9be0-1d1ab6e1fcc6: TaskFinished(12,1318,None,true,None)
Sending msg to client play-fork-run-0d331219-2bfd-4120-9be0-1d1ab6e1fcc6: TaskStarted(12,1317,None)
Sending msg to client play-fork-run-0d331219-2bfd-4120-9be0-1d1ab6e1fcc6: TaskStarted(12,1323,None)
Sending msg to client play-fork-run-0d331219-2bfd-4120-9be0-1d1ab6e1fcc6: TaskFinished(12,1323,None,true,None)
Sending msg to client play-fork-run-0d331219-2bfd-4120-9be0-1d1ab6e1fcc6: TaskFinished(12,1317,None,true,None)
Sending msg to client play-fork-run-0d331219-2bfd-4120-9be0-1d1ab6e1fcc6: TaskStarted(12,1316,None)
Sending msg to client play-fork-run-0d331219-2bfd-4120-9be0-1d1ab6e1fcc6: TaskFinished(12,1316,None,true,None)
Sending msg to client play-fork-run-0d331219-2bfd-4120-9be0-1d1ab6e1fcc6: TaskStarted(12,1315,None)
Sending msg to client play-fork-run-0d331219-2bfd-4120-9be0-1d1ab6e1fcc6: TaskFinished(12,1315,None,true,None)
Sending msg to client play-fork-run-0d331219-2bfd-4120-9be0-1d1ab6e1fcc6: TaskFinished(12,991,Some(AttributeKey[sbt.Tests$Output]("executeTests") in Scope(Build: file:/Users/phanthavong/play-java/, , Project: ProjectReference(file:/Users/phanthavong/play-java/,root), Config: test)),true,None)
Sending msg to client play-fork-run-0d331219-2bfd-4120-9be0-1d1ab6e1fcc6: TaskStarted(12,852,Some(AttributeKey[sbt.Tests$Output]("executeTests") in Scope(Build: file:/Users/phanthavong/play-java/, , Project: ProjectReference(file:/Users/phanthavong/play-java/,root), Config: test)))
Sending msg to client play-fork-run-0d331219-2bfd-4120-9be0-1d1ab6e1fcc6: TaskFinished(12,852,Some(AttributeKey[sbt.Tests$Output]("executeTests") in Scope(Build: file:/Users/phanthavong/play-java/, , Project: ProjectReference(file:/Users/phanthavong/play-java/,root), Config: test)),true,None)
Sending msg to client play-fork-run-0d331219-2bfd-4120-9be0-1d1ab6e1fcc6: TaskStarted(12,848,Some(AttributeKey[void]("test") in Scope(Build: file:/Users/phanthavong/play-java/, , Project: ProjectReference(file:/Users/phanthavong/play-java/,root), Config: test)))
Sending msg to client play-fork-run-0d331219-2bfd-4120-9be0-1d1ab6e1fcc6: TaskLogEvent(848,LogMessage(debug,Summary for JUnit not available.))
Sending msg to client play-fork-run-0d331219-2bfd-4120-9be0-1d1ab6e1fcc6: TaskLogEvent(848,LogMessage(info,Read from stdout: Passed: Total 3, Failed 0, Errors 0, Passed 3))
Sending msg to client play-fork-run-0d331219-2bfd-4120-9be0-1d1ab6e1fcc6: TaskLogEvent(848,LogMessage(info,Passed: Total 3, Failed 0, Errors 0, Passed 3))
Sending msg to client play-fork-run-0d331219-2bfd-4120-9be0-1d1ab6e1fcc6: TaskLogEvent(848,LogMessage(debug,Passed tests:))
Sending msg to client play-fork-run-0d331219-2bfd-4120-9be0-1d1ab6e1fcc6: TaskLogEvent(848,LogMessage(debug,	ApplicationTest
	IntegrationTest))
Sending msg to client play-fork-run-0d331219-2bfd-4120-9be0-1d1ab6e1fcc6: TaskFinished(12,848,Some(AttributeKey[void]("test") in Scope(Build: file:/Users/phanthavong/play-java/, , Project: ProjectReference(file:/Users/phanthavong/play-java/,root), Config: test)),true,None)
Sending msg to client play-fork-run-0d331219-2bfd-4120-9be0-1d1ab6e1fcc6: TaskStarted(12,847,None)
Sending msg to client play-fork-run-0d331219-2bfd-4120-9be0-1d1ab6e1fcc6: TaskFinished(12,847,None,true,None)
Sending msg to client play-fork-run-0d331219-2bfd-4120-9be0-1d1ab6e1fcc6: TaskStarted(12,846,None)
Sending msg to client play-fork-run-0d331219-2bfd-4120-9be0-1d1ab6e1fcc6: TaskFinished(12,846,None,true,None)
Sending msg to client play-fork-run-0d331219-2bfd-4120-9be0-1d1ab6e1fcc6: DetachedLogEvent(LogMessage(debug,cancel strategy finish enabled=false lastCommand=Some(LastCommand(CommandExecutionWork(ExecutionId(12),test,Set(LiveClient(activator 29132160-6936-40bb-b89d-069412184f6e)),sbt.server.WorkCancellationStatus$$anon$1@5d1a541d)))))
Sending msg to client play-fork-run-0d331219-2bfd-4120-9be0-1d1ab6e1fcc6: DetachedLogEvent(LogSuccess(Total time: 9 s, completed 8 avr. 2016 11:08:26))
Sending msg to client play-fork-run-0d331219-2bfd-4120-9be0-1d1ab6e1fcc6: DetachedLogEvent(LogMessage(debug,> server-post-command-cleanup))
Sending msg to client play-fork-run-0d331219-2bfd-4120-9be0-1d1ab6e1fcc6: ExecutionSuccess(12)
Sending msg to client play-fork-run-0d331219-2bfd-4120-9be0-1d1ab6e1fcc6: DetachedLogEvent(LogMessage(debug,> server-handle-next-server-request))
Sending msg to client play-fork-run-0d331219-2bfd-4120-9be0-1d1ab6e1fcc6: ExecutionStarting(13)
Sending msg to client play-fork-run-0d331219-2bfd-4120-9be0-1d1ab6e1fcc6: DetachedLogEvent(LogMessage(debug,> {file:/Users/phanthavong/play-java/}root/*:playForkConfig))
Sending msg to client play-fork-run-0d331219-2bfd-4120-9be0-1d1ab6e1fcc6: BackgroundJobLogEvent(2,LogMessage(info,Passed: Total 3, Failed 0, Errors 0, Passed 3))
Sending msg to client play-fork-run-0d331219-2bfd-4120-9be0-1d1ab6e1fcc6: DetachedLogEvent(LogMessage(debug,Evaluating tasks: *:playForkConfig))
Sending msg to client play-fork-run-0d331219-2bfd-4120-9be0-1d1ab6e1fcc6: DetachedLogEvent(LogMessage(debug,Running task... Cancel: sbt.server.ServerTaskCancellation@355122ff, check cycles: false))
Sending msg to client play-fork-run-0d331219-2bfd-4120-9be0-1d1ab6e1fcc6: DetachedLogEvent(LogMessage(debug,cancel strategy start enabled=true lastCommand=Some(LastCommand(CommandExecutionWork(ExecutionId(13),{file:/Users/phanthavong/play-java/}root/*:playForkConfig,Set(LiveClient(play-fork-run 0d331219-2bfd-4120-9be0-1d1ab6e1fcc6)),sbt.server.WorkCancellationStatus$$anon$1@75ca2e11)))))
Sending msg to client play-fork-run-0d331219-2bfd-4120-9be0-1d1ab6e1fcc6: TaskStarted(13,1328,None)
Sending msg to client play-fork-run-0d331219-2bfd-4120-9be0-1d1ab6e1fcc6: TaskStarted(13,1329,Some(AttributeKey[scala.collection.Seq[java.lang.String]]("javaOptions") in Scope(Global)))
Sending msg to client play-fork-run-0d331219-2bfd-4120-9be0-1d1ab6e1fcc6: TaskStarted(13,1330,Some(AttributeKey[scala.Option[java.lang.String]]("mainClass") in Scope(Build: file:/Users/phanthavong/play-java/, , Project: ProjectReference(file:/Users/phanthavong/play-java/,root), Config: compile, Task: AttributeKey[void]("run"))))
Sending msg to client play-fork-run-0d331219-2bfd-4120-9be0-1d1ab6e1fcc6: TaskStarted(13,1335,None)
Sending msg to client play-fork-run-0d331219-2bfd-4120-9be0-1d1ab6e1fcc6: TaskStarted(13,1340,None)
Sending msg to client play-fork-run-0d331219-2bfd-4120-9be0-1d1ab6e1fcc6: TaskStarted(13,1341,Some(AttributeKey[boolean]("skip") in Scope(Global)))
Sending msg to client play-fork-run-0d331219-2bfd-4120-9be0-1d1ab6e1fcc6: TaskStarted(13,1346,Some(AttributeKey[java.lang.String]("updateCacheName") in Scope(Build: file:/Users/phanthavong/play-java/, , Project: ProjectReference(file:/Users/phanthavong/play-java/,root))))
Sending msg to client play-fork-run-0d331219-2bfd-4120-9be0-1d1ab6e1fcc6: TaskStarted(13,1347,None)
Sending msg to client play-fork-run-0d331219-2bfd-4120-9be0-1d1ab6e1fcc6: TaskStarted(13,1357,Some(AttributeKey[scala.Option[scala.collection.Seq[sbt.Resolver]]]("bootResolvers") in Scope(Build: file:/Users/phanthavong/play-java/, , Project: ProjectReference(file:/Users/phanthavong/play-java/,root))))
Sending msg to client play-fork-run-0d331219-2bfd-4120-9be0-1d1ab6e1fcc6: TaskStarted(13,1358,Some(AttributeKey[scala.collection.Seq[sbt.Resolver]]("externalResolvers") in Scope(Build: file:/Users/phanthavong/play-java/, , Project: ProjectReference(file:/Users/phanthavong/play-java/,root))))
Sending msg to client play-fork-run-0d331219-2bfd-4120-9be0-1d1ab6e1fcc6: TaskStarted(13,1361,Some(AttributeKey[scala.collection.Seq[sbt.Credentials]]("credentials") in Scope(Global)))
Sending msg to client play-fork-run-0d331219-2bfd-4120-9be0-1d1ab6e1fcc6: TaskStarted(13,1366,None)
Sending msg to client play-fork-run-0d331219-2bfd-4120-9be0-1d1ab6e1fcc6: TaskStarted(13,1368,None)
Sending msg to client play-fork-run-0d331219-2bfd-4120-9be0-1d1ab6e1fcc6: TaskStarted(13,1369,None)
Sending msg to client play-fork-run-0d331219-2bfd-4120-9be0-1d1ab6e1fcc6: TaskStarted(13,1373,None)
Sending msg to client play-fork-run-0d331219-2bfd-4120-9be0-1d1ab6e1fcc6: TaskStarted(13,1381,Some(AttributeKey[scala.Tuple2[java.lang.String,java.io.File]]("playPrefixAndAssets") in Scope(Build: file:/Users/phanthavong/play-java/, , Project: ProjectReference(file:/Users/phanthavong/play-java/,root))))
Sending msg to client play-fork-run-0d331219-2bfd-4120-9be0-1d1ab6e1fcc6: TaskStarted(13,1383,None)
Sending msg to client play-fork-run-0d331219-2bfd-4120-9be0-1d1ab6e1fcc6: TaskFinished(13,1328,None,true,None)
Sending msg to client play-fork-run-0d331219-2bfd-4120-9be0-1d1ab6e1fcc6: TaskFinished(13,1329,Some(AttributeKey[scala.collection.Seq[java.lang.String]]("javaOptions") in Scope(Global)),true,None)
Sending msg to client play-fork-run-0d331219-2bfd-4120-9be0-1d1ab6e1fcc6: TaskStarted(13,1327,Some(AttributeKey[scala.collection.Seq[java.lang.String]]("javaOptions") in Scope(Build: file:/Users/phanthavong/play-java/, )))
Sending msg to client play-fork-run-0d331219-2bfd-4120-9be0-1d1ab6e1fcc6: TaskFinished(13,1330,Some(AttributeKey[scala.Option[java.lang.String]]("mainClass") in Scope(Build: file:/Users/phanthavong/play-java/, , Project: ProjectReference(file:/Users/phanthavong/play-java/,root), Config: compile, Task: AttributeKey[void]("run"))),true,None)
Sending msg to client play-fork-run-0d331219-2bfd-4120-9be0-1d1ab6e1fcc6: TaskFinished(13,1335,None,true,None)
Sending msg to client play-fork-run-0d331219-2bfd-4120-9be0-1d1ab6e1fcc6: TaskStarted(13,1334,None)
Sending msg to client play-fork-run-0d331219-2bfd-4120-9be0-1d1ab6e1fcc6: TaskStarted(13,1338,None)
Sending msg to client play-fork-run-0d331219-2bfd-4120-9be0-1d1ab6e1fcc6: TaskStarted(13,1345,None)
Sending msg to client play-fork-run-0d331219-2bfd-4120-9be0-1d1ab6e1fcc6: TaskStarted(13,1354,None)
Sending msg to client play-fork-run-0d331219-2bfd-4120-9be0-1d1ab6e1fcc6: TaskStarted(13,1359,None)
Sending msg to client play-fork-run-0d331219-2bfd-4120-9be0-1d1ab6e1fcc6: TaskStarted(13,1360,None)
Sending msg to client play-fork-run-0d331219-2bfd-4120-9be0-1d1ab6e1fcc6: TaskStarted(13,1376,None)
Sending msg to client play-fork-run-0d331219-2bfd-4120-9be0-1d1ab6e1fcc6: TaskStarted(13,1377,None)
Sending msg to client play-fork-run-0d331219-2bfd-4120-9be0-1d1ab6e1fcc6: TaskFinished(13,1340,None,true,None)
Sending msg to client play-fork-run-0d331219-2bfd-4120-9be0-1d1ab6e1fcc6: TaskStarted(13,1342,Some(AttributeKey[java.io.File]("dependencyCacheDirectory") in Scope(Build: file:/Users/phanthavong/play-java/, , Project: ProjectReference(file:/Users/phanthavong/play-java/,root))))
Sending msg to client play-fork-run-0d331219-2bfd-4120-9be0-1d1ab6e1fcc6: TaskStarted(13,1356,Some(AttributeKey[sbt.BuildStructure]("buildStructure") in Scope(Global)))
Sending msg to client play-fork-run-0d331219-2bfd-4120-9be0-1d1ab6e1fcc6: TaskFinished(13,1341,Some(AttributeKey[boolean]("skip") in Scope(Global)),true,None)
Sending msg to client play-fork-run-0d331219-2bfd-4120-9be0-1d1ab6e1fcc6: TaskFinished(13,1346,Some(AttributeKey[java.lang.String]("updateCacheName") in Scope(Build: file:/Users/phanthavong/play-java/, , Project: ProjectReference(file:/Users/phanthavong/play-java/,root))),true,None)
Sending msg to client play-fork-run-0d331219-2bfd-4120-9be0-1d1ab6e1fcc6: TaskFinished(13,1347,None,true,None)
Sending msg to client play-fork-run-0d331219-2bfd-4120-9be0-1d1ab6e1fcc6: TaskFinished(13,1357,Some(AttributeKey[scala.Option[scala.collection.Seq[sbt.Resolver]]]("bootResolvers") in Scope(Build: file:/Users/phanthavong/play-java/, , Project: ProjectReference(file:/Users/phanthavong/play-java/,root))),true,None)
Sending msg to client play-fork-run-0d331219-2bfd-4120-9be0-1d1ab6e1fcc6: TaskFinished(13,1358,Some(AttributeKey[scala.collection.Seq[sbt.Resolver]]("externalResolvers") in Scope(Build: file:/Users/phanthavong/play-java/, , Project: ProjectReference(file:/Users/phanthavong/play-java/,root))),true,None)
Sending msg to client play-fork-run-0d331219-2bfd-4120-9be0-1d1ab6e1fcc6: TaskFinished(13,1361,Some(AttributeKey[scala.collection.Seq[sbt.Credentials]]("credentials") in Scope(Global)),true,None)
Sending msg to client play-fork-run-0d331219-2bfd-4120-9be0-1d1ab6e1fcc6: TaskFinished(13,1366,None,true,None)
Sending msg to client play-fork-run-0d331219-2bfd-4120-9be0-1d1ab6e1fcc6: TaskFinished(13,1368,None,true,None)
Sending msg to client play-fork-run-0d331219-2bfd-4120-9be0-1d1ab6e1fcc6: TaskFinished(13,1369,None,true,None)
Sending msg to client play-fork-run-0d331219-2bfd-4120-9be0-1d1ab6e1fcc6: TaskStarted(13,1367,Some(AttributeKey[scala.collection.Seq[sbt.UpdateReport]]("transitiveUpdate") in Scope(Build: file:/Users/phanthavong/play-java/, , Project: ProjectReference(file:/Users/phanthavong/play-java/,root))))
Sending msg to client play-fork-run-0d331219-2bfd-4120-9be0-1d1ab6e1fcc6: TaskFinished(13,1373,None,true,None)
Sending msg to client play-fork-run-0d331219-2bfd-4120-9be0-1d1ab6e1fcc6: TaskFinished(13,1381,Some(AttributeKey[scala.Tuple2[java.lang.String,java.io.File]]("playPrefixAndAssets") in Scope(Build: file:/Users/phanthavong/play-java/, , Project: ProjectReference(file:/Users/phanthavong/play-java/,root))),true,None)
Sending msg to client play-fork-run-0d331219-2bfd-4120-9be0-1d1ab6e1fcc6: TaskStarted(13,1380,Some(AttributeKey[scala.collection.Seq[scala.Tuple2[java.lang.String,java.io.File]]]("playAllAssets") in Scope(Build: file:/Users/phanthavong/play-java/, , Project: ProjectReference(file:/Users/phanthavong/play-java/,root))))
Sending msg to client play-fork-run-0d331219-2bfd-4120-9be0-1d1ab6e1fcc6: TaskFinished(13,1383,None,true,None)
Sending msg to client play-fork-run-0d331219-2bfd-4120-9be0-1d1ab6e1fcc6: TaskFinished(13,1327,Some(AttributeKey[scala.collection.Seq[java.lang.String]]("javaOptions") in Scope(Build: file:/Users/phanthavong/play-java/, )),true,None)
Sending msg to client play-fork-run-0d331219-2bfd-4120-9be0-1d1ab6e1fcc6: TaskFinished(13,1334,None,true,None)
Sending msg to client play-fork-run-0d331219-2bfd-4120-9be0-1d1ab6e1fcc6: TaskFinished(13,1338,None,true,None)
Sending msg to client play-fork-run-0d331219-2bfd-4120-9be0-1d1ab6e1fcc6: TaskFinished(13,1345,None,true,None)
Sending msg to client play-fork-run-0d331219-2bfd-4120-9be0-1d1ab6e1fcc6: TaskStarted(13,1344,Some(AttributeKey[scala.collection.immutable.Map[sbt.ModuleID,sbt.SourcePosition]]("dependencyPositions") in Scope(Build: file:/Users/phanthavong/play-java/, , Project: ProjectReference(file:/Users/phanthavong/play-java/,root))))
Sending msg to client play-fork-run-0d331219-2bfd-4120-9be0-1d1ab6e1fcc6: TaskFinished(13,1354,None,true,None)
Sending msg to client play-fork-run-0d331219-2bfd-4120-9be0-1d1ab6e1fcc6: TaskFinished(13,1359,None,true,None)
Sending msg to client play-fork-run-0d331219-2bfd-4120-9be0-1d1ab6e1fcc6: TaskFinished(13,1360,None,true,None)
Sending msg to client play-fork-run-0d331219-2bfd-4120-9be0-1d1ab6e1fcc6: TaskFinished(13,1376,None,true,None)
Sending msg to client play-fork-run-0d331219-2bfd-4120-9be0-1d1ab6e1fcc6: TaskFinished(13,1377,None,true,None)
Sending msg to client play-fork-run-0d331219-2bfd-4120-9be0-1d1ab6e1fcc6: TaskFinished(13,1342,Some(AttributeKey[java.io.File]("dependencyCacheDirectory") in Scope(Build: file:/Users/phanthavong/play-java/, , Project: ProjectReference(file:/Users/phanthavong/play-java/,root))),true,None)
Sending msg to client play-fork-run-0d331219-2bfd-4120-9be0-1d1ab6e1fcc6: TaskFinished(13,1356,Some(AttributeKey[sbt.BuildStructure]("buildStructure") in Scope(Global)),true,None)
Sending msg to client play-fork-run-0d331219-2bfd-4120-9be0-1d1ab6e1fcc6: TaskStarted(13,1355,Some(AttributeKey[sbt.Settings[sbt.Scope]]("settingsData") in Scope(Global)))
Sending msg to client play-fork-run-0d331219-2bfd-4120-9be0-1d1ab6e1fcc6: TaskFinished(13,1367,Some(AttributeKey[scala.collection.Seq[sbt.UpdateReport]]("transitiveUpdate") in Scope(Build: file:/Users/phanthavong/play-java/, , Project: ProjectReference(file:/Users/phanthavong/play-java/,root))),true,None)
Sending msg to client play-fork-run-0d331219-2bfd-4120-9be0-1d1ab6e1fcc6: TaskFinished(13,1380,Some(AttributeKey[scala.collection.Seq[scala.Tuple2[java.lang.String,java.io.File]]]("playAllAssets") in Scope(Build: file:/Users/phanthavong/play-java/, , Project: ProjectReference(file:/Users/phanthavong/play-java/,root))),true,None)
Sending msg to client play-fork-run-0d331219-2bfd-4120-9be0-1d1ab6e1fcc6: TaskFinished(13,1344,Some(AttributeKey[scala.collection.immutable.Map[sbt.ModuleID,sbt.SourcePosition]]("dependencyPositions") in Scope(Build: file:/Users/phanthavong/play-java/, , Project: ProjectReference(file:/Users/phanthavong/play-java/,root))),true,None)
Sending msg to client play-fork-run-0d331219-2bfd-4120-9be0-1d1ab6e1fcc6: TaskStarted(13,1343,Some(AttributeKey[sbt.UnresolvedWarningConfiguration]("unresolvedWarningConfiguration") in Scope(Build: file:/Users/phanthavong/play-java/, , Project: ProjectReference(file:/Users/phanthavong/play-java/,root), Task: AttributeKey[sbt.UpdateReport]("update"))))
Sending msg to client play-fork-run-0d331219-2bfd-4120-9be0-1d1ab6e1fcc6: TaskFinished(13,1355,Some(AttributeKey[sbt.Settings[sbt.Scope]]("settingsData") in Scope(Global)),true,None)
Sending msg to client play-fork-run-0d331219-2bfd-4120-9be0-1d1ab6e1fcc6: TaskStarted(13,1353,Some(AttributeKey[scala.collection.immutable.Map[org.apache.ivy.core.module.id.ModuleRevisionId,org.apache.ivy.core.module.descriptor.ModuleDescriptor]]("projectDescriptors") in Scope(Build: file:/Users/phanthavong/play-java/, , Project: ProjectReference(file:/Users/phanthavong/play-java/,root))))
Sending msg to client play-fork-run-0d331219-2bfd-4120-9be0-1d1ab6e1fcc6: TaskStarted(13,1364,Some(AttributeKey[scala.collection.Seq[sbt.ModuleID]]("projectDependencies") in Scope(Build: file:/Users/phanthavong/play-java/, , Project: ProjectReference(file:/Users/phanthavong/play-java/,root))))
Sending msg to client play-fork-run-0d331219-2bfd-4120-9be0-1d1ab6e1fcc6: TaskStarted(13,1365,None)
Sending msg to client play-fork-run-0d331219-2bfd-4120-9be0-1d1ab6e1fcc6: TaskStarted(13,1375,None)
Sending msg to client play-fork-run-0d331219-2bfd-4120-9be0-1d1ab6e1fcc6: TaskStarted(13,1382,Some(AttributeKey[scala.collection.Seq[java.io.File]]("playMonitoredFiles") in Scope(Build: file:/Users/phanthavong/play-java/, , Project: ProjectReference(file:/Users/phanthavong/play-java/,root))))
Sending msg to client play-fork-run-0d331219-2bfd-4120-9be0-1d1ab6e1fcc6: TaskFinished(13,1343,Some(AttributeKey[sbt.UnresolvedWarningConfiguration]("unresolvedWarningConfiguration") in Scope(Build: file:/Users/phanthavong/play-java/, , Project: ProjectReference(file:/Users/phanthavong/play-java/,root), Task: AttributeKey[sbt.UpdateReport]("update"))),true,None)
Sending msg to client play-fork-run-0d331219-2bfd-4120-9be0-1d1ab6e1fcc6: TaskStarted(13,1385,None)
Sending msg to client play-fork-run-0d331219-2bfd-4120-9be0-1d1ab6e1fcc6: TaskFinished(13,1364,Some(AttributeKey[scala.collection.Seq[sbt.ModuleID]]("projectDependencies") in Scope(Build: file:/Users/phanthavong/play-java/, , Project: ProjectReference(file:/Users/phanthavong/play-java/,root))),true,None)
Sending msg to client play-fork-run-0d331219-2bfd-4120-9be0-1d1ab6e1fcc6: TaskStarted(13,1363,Some(AttributeKey[scala.collection.Seq[sbt.ModuleID]]("allDependencies") in Scope(Build: file:/Users/phanthavong/play-java/, , Project: ProjectReference(file:/Users/phanthavong/play-java/,root))))
Sending msg to client play-fork-run-0d331219-2bfd-4120-9be0-1d1ab6e1fcc6: TaskStarted(13,1386,None)
Sending msg to client play-fork-run-0d331219-2bfd-4120-9be0-1d1ab6e1fcc6: TaskStarted(13,1390,None)
Sending msg to client play-fork-run-0d331219-2bfd-4120-9be0-1d1ab6e1fcc6: TaskStarted(13,1391,None)
Sending msg to client play-fork-run-0d331219-2bfd-4120-9be0-1d1ab6e1fcc6: TaskStarted(13,1394,None)
Sending msg to client play-fork-run-0d331219-2bfd-4120-9be0-1d1ab6e1fcc6: TaskStarted(13,1396,None)
Sending msg to client play-fork-run-0d331219-2bfd-4120-9be0-1d1ab6e1fcc6: TaskStarted(13,1397,None)
Sending msg to client play-fork-run-0d331219-2bfd-4120-9be0-1d1ab6e1fcc6: TaskStarted(13,1398,None)
Sending msg to client play-fork-run-0d331219-2bfd-4120-9be0-1d1ab6e1fcc6: TaskFinished(13,1385,None,true,None)
Sending msg to client play-fork-run-0d331219-2bfd-4120-9be0-1d1ab6e1fcc6: TaskStarted(13,1384,None)
Sending msg to client play-fork-run-0d331219-2bfd-4120-9be0-1d1ab6e1fcc6: TaskFinished(13,1363,Some(AttributeKey[scala.collection.Seq[sbt.ModuleID]]("allDependencies") in Scope(Build: file:/Users/phanthavong/play-java/, , Project: ProjectReference(file:/Users/phanthavong/play-java/,root))),true,None)
Sending msg to client play-fork-run-0d331219-2bfd-4120-9be0-1d1ab6e1fcc6: TaskStarted(13,1362,Some(AttributeKey[sbt.ModuleSettings]("moduleSettings") in Scope(Build: file:/Users/phanthavong/play-java/, , Project: ProjectReference(file:/Users/phanthavong/play-java/,root))))
Sending msg to client play-fork-run-0d331219-2bfd-4120-9be0-1d1ab6e1fcc6: TaskFinished(13,1386,None,true,None)
Sending msg to client play-fork-run-0d331219-2bfd-4120-9be0-1d1ab6e1fcc6: TaskFinished(13,1365,None,true,None)
Sending msg to client play-fork-run-0d331219-2bfd-4120-9be0-1d1ab6e1fcc6: TaskFinished(13,1390,None,true,None)
Sending msg to client play-fork-run-0d331219-2bfd-4120-9be0-1d1ab6e1fcc6: TaskFinished(13,1391,None,true,None)
Sending msg to client play-fork-run-0d331219-2bfd-4120-9be0-1d1ab6e1fcc6: TaskStarted(13,1389,Some(AttributeKey[scala.collection.Seq[sbt.Attributed[java.io.File]]]("unmanagedJars") in Scope(Build: file:/Users/phanthavong/play-java/, , Project: ProjectReference(file:/Users/phanthavong/play-java/,root), Config: runtime)))
Sending msg to client play-fork-run-0d331219-2bfd-4120-9be0-1d1ab6e1fcc6: TaskFinished(13,1394,None,true,None)
Sending msg to client play-fork-run-0d331219-2bfd-4120-9be0-1d1ab6e1fcc6: TaskStarted(13,1393,None)
Sending msg to client play-fork-run-0d331219-2bfd-4120-9be0-1d1ab6e1fcc6: TaskFinished(13,1396,None,true,None)
Sending msg to client play-fork-run-0d331219-2bfd-4120-9be0-1d1ab6e1fcc6: TaskFinished(13,1397,None,true,None)
Sending msg to client play-fork-run-0d331219-2bfd-4120-9be0-1d1ab6e1fcc6: TaskStarted(13,1395,Some(AttributeKey[scala.collection.Seq[sbt.Attributed[java.io.File]]]("unmanagedJars") in Scope(Build: file:/Users/phanthavong/play-java/, , Project: ProjectReference(file:/Users/phanthavong/play-java/,root), Config: compile)))
Sending msg to client play-fork-run-0d331219-2bfd-4120-9be0-1d1ab6e1fcc6: TaskFinished(13,1398,None,true,None)
Sending msg to client play-fork-run-0d331219-2bfd-4120-9be0-1d1ab6e1fcc6: TaskFinished(13,1382,Some(AttributeKey[scala.collection.Seq[java.io.File]]("playMonitoredFiles") in Scope(Build: file:/Users/phanthavong/play-java/, , Project: ProjectReference(file:/Users/phanthavong/play-java/,root))),true,None)
Sending msg to client play-fork-run-0d331219-2bfd-4120-9be0-1d1ab6e1fcc6: TaskFinished(13,1384,None,true,None)
Sending msg to client play-fork-run-0d331219-2bfd-4120-9be0-1d1ab6e1fcc6: TaskFinished(13,1353,Some(AttributeKey[scala.collection.immutable.Map[org.apache.ivy.core.module.id.ModuleRevisionId,org.apache.ivy.core.module.descriptor.ModuleDescriptor]]("projectDescriptors") in Scope(Build: file:/Users/phanthavong/play-java/, , Project: ProjectReference(file:/Users/phanthavong/play-java/,root))),true,None)
Sending msg to client play-fork-run-0d331219-2bfd-4120-9be0-1d1ab6e1fcc6: TaskStarted(13,1352,Some(AttributeKey[sbt.Resolver]("projectResolver") in Scope(Build: file:/Users/phanthavong/play-java/, , Project: ProjectReference(file:/Users/phanthavong/play-java/,root))))
Sending msg to client play-fork-run-0d331219-2bfd-4120-9be0-1d1ab6e1fcc6: TaskFinished(13,1362,Some(AttributeKey[sbt.ModuleSettings]("moduleSettings") in Scope(Build: file:/Users/phanthavong/play-java/, , Project: ProjectReference(file:/Users/phanthavong/play-java/,root))),true,None)
Sending msg to client play-fork-run-0d331219-2bfd-4120-9be0-1d1ab6e1fcc6: TaskFinished(13,1389,Some(AttributeKey[scala.collection.Seq[sbt.Attributed[java.io.File]]]("unmanagedJars") in Scope(Build: file:/Users/phanthavong/play-java/, , Project: ProjectReference(file:/Users/phanthavong/play-java/,root), Config: runtime)),true,None)
Sending msg to client play-fork-run-0d331219-2bfd-4120-9be0-1d1ab6e1fcc6: TaskStarted(13,1399,None)
Sending msg to client play-fork-run-0d331219-2bfd-4120-9be0-1d1ab6e1fcc6: TaskFinished(13,1395,Some(AttributeKey[scala.collection.Seq[sbt.Attributed[java.io.File]]]("unmanagedJars") in Scope(Build: file:/Users/phanthavong/play-java/, , Project: ProjectReference(file:/Users/phanthavong/play-java/,root), Config: compile)),true,None)
Sending msg to client play-fork-run-0d331219-2bfd-4120-9be0-1d1ab6e1fcc6: TaskFinished(13,1352,Some(AttributeKey[sbt.Resolver]("projectResolver") in Scope(Build: file:/Users/phanthavong/play-java/, , Project: ProjectReference(file:/Users/phanthavong/play-java/,root))),true,None)
Sending msg to client play-fork-run-0d331219-2bfd-4120-9be0-1d1ab6e1fcc6: TaskStarted(13,1351,Some(AttributeKey[scala.collection.Seq[sbt.Resolver]]("fullResolvers") in Scope(Build: file:/Users/phanthavong/play-java/, , Project: ProjectReference(file:/Users/phanthavong/play-java/,root))))
Sending msg to client play-fork-run-0d331219-2bfd-4120-9be0-1d1ab6e1fcc6: TaskFinished(13,1399,None,true,None)
Sending msg to client play-fork-run-0d331219-2bfd-4120-9be0-1d1ab6e1fcc6: TaskFinished(13,1393,None,true,None)
Sending msg to client play-fork-run-0d331219-2bfd-4120-9be0-1d1ab6e1fcc6: TaskStarted(13,1392,Some(AttributeKey[scala.collection.Seq[sbt.Attributed[java.io.File]]]("unmanagedJars") in Scope(Build: file:/Users/phanthavong/play-java/, , Project: ProjectReference(file:/Users/phanthavong/play-java/,root), Config: compile)))
Sending msg to client play-fork-run-0d331219-2bfd-4120-9be0-1d1ab6e1fcc6: TaskFinished(13,1351,Some(AttributeKey[scala.collection.Seq[sbt.Resolver]]("fullResolvers") in Scope(Build: file:/Users/phanthavong/play-java/, , Project: ProjectReference(file:/Users/phanthavong/play-java/,root))),true,None)
Sending msg to client play-fork-run-0d331219-2bfd-4120-9be0-1d1ab6e1fcc6: TaskStarted(13,1350,Some(AttributeKey[sbt.IvyConfiguration]("ivyConfiguration") in Scope(Build: file:/Users/phanthavong/play-java/, , Project: ProjectReference(file:/Users/phanthavong/play-java/,root))))
Sending msg to client play-fork-run-0d331219-2bfd-4120-9be0-1d1ab6e1fcc6: TaskFinished(13,1392,Some(AttributeKey[scala.collection.Seq[sbt.Attributed[java.io.File]]]("unmanagedJars") in Scope(Build: file:/Users/phanthavong/play-java/, , Project: ProjectReference(file:/Users/phanthavong/play-java/,root), Config: compile)),true,None)
Sending msg to client play-fork-run-0d331219-2bfd-4120-9be0-1d1ab6e1fcc6: TaskStarted(13,1388,None)
Sending msg to client play-fork-run-0d331219-2bfd-4120-9be0-1d1ab6e1fcc6: TaskFinished(13,1350,Some(AttributeKey[sbt.IvyConfiguration]("ivyConfiguration") in Scope(Build: file:/Users/phanthavong/play-java/, , Project: ProjectReference(file:/Users/phanthavong/play-java/,root))),true,None)
Sending msg to client play-fork-run-0d331219-2bfd-4120-9be0-1d1ab6e1fcc6: TaskStarted(13,1349,Some(AttributeKey[sbt.IvySbt]("ivySbt") in Scope(Build: file:/Users/phanthavong/play-java/, , Project: ProjectReference(file:/Users/phanthavong/play-java/,root))))
Sending msg to client play-fork-run-0d331219-2bfd-4120-9be0-1d1ab6e1fcc6: TaskFinished(13,1388,None,true,None)
Sending msg to client play-fork-run-0d331219-2bfd-4120-9be0-1d1ab6e1fcc6: TaskStarted(13,1387,None)
Sending msg to client play-fork-run-0d331219-2bfd-4120-9be0-1d1ab6e1fcc6: TaskFinished(13,1349,Some(AttributeKey[sbt.IvySbt]("ivySbt") in Scope(Build: file:/Users/phanthavong/play-java/, , Project: ProjectReference(file:/Users/phanthavong/play-java/,root))),true,None)
Sending msg to client play-fork-run-0d331219-2bfd-4120-9be0-1d1ab6e1fcc6: TaskStarted(13,1348,Some(AttributeKey[sbt.IvySbt$Module]("ivyModule") in Scope(Build: file:/Users/phanthavong/play-java/, , Project: ProjectReference(file:/Users/phanthavong/play-java/,root))))
Sending msg to client play-fork-run-0d331219-2bfd-4120-9be0-1d1ab6e1fcc6: TaskFinished(13,1387,None,true,None)
Sending msg to client play-fork-run-0d331219-2bfd-4120-9be0-1d1ab6e1fcc6: TaskFinished(13,1375,None,true,None)
Sending msg to client play-fork-run-0d331219-2bfd-4120-9be0-1d1ab6e1fcc6: TaskStarted(13,1374,Some(AttributeKey[scala.collection.Seq[sbt.Attributed[java.io.File]]]("unmanagedClasspath") in Scope(Build: file:/Users/phanthavong/play-java/, , Project: ProjectReference(file:/Users/phanthavong/play-java/,root), Config: runtime)))
Sending msg to client play-fork-run-0d331219-2bfd-4120-9be0-1d1ab6e1fcc6: TaskFinished(13,1348,Some(AttributeKey[sbt.IvySbt$Module]("ivyModule") in Scope(Build: file:/Users/phanthavong/play-java/, , Project: ProjectReference(file:/Users/phanthavong/play-java/,root))),true,None)
Sending msg to client play-fork-run-0d331219-2bfd-4120-9be0-1d1ab6e1fcc6: TaskStarted(13,1339,Some(AttributeKey[sbt.UpdateReport]("update") in Scope(Build: file:/Users/phanthavong/play-java/, , Project: ProjectReference(file:/Users/phanthavong/play-java/,root))))
Sending msg to client play-fork-run-0d331219-2bfd-4120-9be0-1d1ab6e1fcc6: TaskFinished(13,1374,Some(AttributeKey[scala.collection.Seq[sbt.Attributed[java.io.File]]]("unmanagedClasspath") in Scope(Build: file:/Users/phanthavong/play-java/, , Project: ProjectReference(file:/Users/phanthavong/play-java/,root), Config: runtime)),true,None)
Sending msg to client play-fork-run-0d331219-2bfd-4120-9be0-1d1ab6e1fcc6: TaskFinished(13,1339,Some(AttributeKey[sbt.UpdateReport]("update") in Scope(Build: file:/Users/phanthavong/play-java/, , Project: ProjectReference(file:/Users/phanthavong/play-java/,root))),true,None)
Sending msg to client play-fork-run-0d331219-2bfd-4120-9be0-1d1ab6e1fcc6: TaskStarted(13,1337,Some(AttributeKey[sbt.UpdateReport]("update") in Scope(Build: file:/Users/phanthavong/play-java/, , Project: ProjectReference(file:/Users/phanthavong/play-java/,root))))
Sending msg to client play-fork-run-0d331219-2bfd-4120-9be0-1d1ab6e1fcc6: TaskFinished(13,1337,Some(AttributeKey[sbt.UpdateReport]("update") in Scope(Build: file:/Users/phanthavong/play-java/, , Project: ProjectReference(file:/Users/phanthavong/play-java/,root))),true,None)
Sending msg to client play-fork-run-0d331219-2bfd-4120-9be0-1d1ab6e1fcc6: TaskStarted(13,1372,Some(AttributeKey[sbt.Configuration]("classpathConfiguration") in Scope(Build: file:/Users/phanthavong/play-java/, , Project: ProjectReference(file:/Users/phanthavong/play-java/,root), Config: compile)))
Sending msg to client play-fork-run-0d331219-2bfd-4120-9be0-1d1ab6e1fcc6: TaskStarted(13,1379,Some(AttributeKey[scala.collection.Seq[sbt.Attributed[java.io.File]]]("managedClasspath") in Scope(Build: file:/Users/phanthavong/play-java/, , Project: ProjectReference(file:/Users/phanthavong/play-java/,root), Config: docs)))
Sending msg to client play-fork-run-0d331219-2bfd-4120-9be0-1d1ab6e1fcc6: TaskFinished(13,1372,Some(AttributeKey[sbt.Configuration]("classpathConfiguration") in Scope(Build: file:/Users/phanthavong/play-java/, , Project: ProjectReference(file:/Users/phanthavong/play-java/,root), Config: compile)),true,None)
Sending msg to client play-fork-run-0d331219-2bfd-4120-9be0-1d1ab6e1fcc6: TaskStarted(13,1371,None)
Sending msg to client play-fork-run-0d331219-2bfd-4120-9be0-1d1ab6e1fcc6: TaskFinished(13,1379,Some(AttributeKey[scala.collection.Seq[sbt.Attributed[java.io.File]]]("managedClasspath") in Scope(Build: file:/Users/phanthavong/play-java/, , Project: ProjectReference(file:/Users/phanthavong/play-java/,root), Config: docs)),true,None)
Sending msg to client play-fork-run-0d331219-2bfd-4120-9be0-1d1ab6e1fcc6: TaskStarted(13,1378,Some(AttributeKey[scala.Option[java.io.File]]("playDocsJar") in Scope(Build: file:/Users/phanthavong/play-java/, , Project: ProjectReference(file:/Users/phanthavong/play-java/,root))))
Sending msg to client play-fork-run-0d331219-2bfd-4120-9be0-1d1ab6e1fcc6: TaskFinished(13,1371,None,true,None)
Sending msg to client play-fork-run-0d331219-2bfd-4120-9be0-1d1ab6e1fcc6: TaskStarted(13,1370,Some(AttributeKey[sbt.Configuration]("classpathConfiguration") in Scope(Build: file:/Users/phanthavong/play-java/, , Project: ProjectReference(file:/Users/phanthavong/play-java/,root), Config: runtime)))
Sending msg to client play-fork-run-0d331219-2bfd-4120-9be0-1d1ab6e1fcc6: TaskFinished(13,1378,Some(AttributeKey[scala.Option[java.io.File]]("playDocsJar") in Scope(Build: file:/Users/phanthavong/play-java/, , Project: ProjectReference(file:/Users/phanthavong/play-java/,root))),true,None)
Sending msg to client play-fork-run-0d331219-2bfd-4120-9be0-1d1ab6e1fcc6: TaskFinished(13,1370,Some(AttributeKey[sbt.Configuration]("classpathConfiguration") in Scope(Build: file:/Users/phanthavong/play-java/, , Project: ProjectReference(file:/Users/phanthavong/play-java/,root), Config: runtime)),true,None)
Sending msg to client play-fork-run-0d331219-2bfd-4120-9be0-1d1ab6e1fcc6: TaskStarted(13,1336,None)
Sending msg to client play-fork-run-0d331219-2bfd-4120-9be0-1d1ab6e1fcc6: TaskFinished(13,1336,None,true,None)
Sending msg to client play-fork-run-0d331219-2bfd-4120-9be0-1d1ab6e1fcc6: TaskStarted(13,1333,Some(AttributeKey[scala.collection.Seq[sbt.Attributed[java.io.File]]]("managedClasspath") in Scope(Build: file:/Users/phanthavong/play-java/, , Project: ProjectReference(file:/Users/phanthavong/play-java/,root), Config: runtime)))
Sending msg to client play-fork-run-0d331219-2bfd-4120-9be0-1d1ab6e1fcc6: TaskFinished(13,1333,Some(AttributeKey[scala.collection.Seq[sbt.Attributed[java.io.File]]]("managedClasspath") in Scope(Build: file:/Users/phanthavong/play-java/, , Project: ProjectReference(file:/Users/phanthavong/play-java/,root), Config: runtime)),true,None)
Sending msg to client play-fork-run-0d331219-2bfd-4120-9be0-1d1ab6e1fcc6: TaskStarted(13,1332,None)
Sending msg to client play-fork-run-0d331219-2bfd-4120-9be0-1d1ab6e1fcc6: TaskFinished(13,1332,None,true,None)
Sending msg to client play-fork-run-0d331219-2bfd-4120-9be0-1d1ab6e1fcc6: TaskStarted(13,1331,Some(AttributeKey[scala.collection.Seq[sbt.Attributed[java.io.File]]]("playDependencyClasspath") in Scope(Build: file:/Users/phanthavong/play-java/, , Project: ProjectReference(file:/Users/phanthavong/play-java/,root))))
Sending msg to client play-fork-run-0d331219-2bfd-4120-9be0-1d1ab6e1fcc6: TaskFinished(13,1331,Some(AttributeKey[scala.collection.Seq[sbt.Attributed[java.io.File]]]("playDependencyClasspath") in Scope(Build: file:/Users/phanthavong/play-java/, , Project: ProjectReference(file:/Users/phanthavong/play-java/,root))),true,None)
Sending msg to client play-fork-run-0d331219-2bfd-4120-9be0-1d1ab6e1fcc6: TaskStarted(13,1326,Some(AttributeKey[play.forkrun.protocol.ForkConfig]("playForkConfig") in Scope(Build: file:/Users/phanthavong/play-java/, , Project: ProjectReference(file:/Users/phanthavong/play-java/,root))))
Sending msg to client play-fork-run-0d331219-2bfd-4120-9be0-1d1ab6e1fcc6: TaskFinished(13,1326,Some(AttributeKey[play.forkrun.protocol.ForkConfig]("playForkConfig") in Scope(Build: file:/Users/phanthavong/play-java/, , Project: ProjectReference(file:/Users/phanthavong/play-java/,root))),true,None)
Sending msg to client play-fork-run-0d331219-2bfd-4120-9be0-1d1ab6e1fcc6: ValueChanged(AttributeKey[play.forkrun.protocol.ForkConfig]("playForkConfig") in Scope(Build: file:/Users/phanthavong/play-java/, , Project: ProjectReference(file:/Users/phanthavong/play-java/,root)),TaskSuccess(BuildValue(LazyValue(ForkConfig(/Users/phanthavong/play-java,List(-Djna.nosys=true),List(/Users/phanthavong/.ivy2/cache/org.scala-lang/scala-library/jars/scala-library-2.11.7.jar, /Users/phanthavong/Documents/PlayFramework/activator-dist-1.3.9/repository/com.typesafe.play/twirl-api_2.11/1.1.1/jars/twirl-api_2.11.jar, /Users/phanthavong/Documents/PlayFramework/activator-dist-1.3.9/repository/org.apache.commons/commons-lang3/3.4/jars/commons-lang3.jar, /Users/phanthavong/.ivy2/cache/org.scala-lang.modules/scala-xml_2.11/bundles/scala-xml_2.11-1.0.1.jar, /Users/phanthavong/Documents/PlayFramework/activator-dist-1.3.9/repository/com.typesafe.play/play-enhancer/1.1.0/jars/play-enhancer.jar, /Users/phanthavong/.ivy2/cache/com.typesafe.play/play-server_2.11/jars/play-server_2.11-2.5.1.jar, /Users/phanthavong/.ivy2/cache/com.typesafe.play/play_2.11/jars/play_2.11-2.5.1.jar, /Users/phanthavong/.ivy2/cache/com.typesafe.play/build-link/jars/build-link-2.5.1.jar, /Users/phanthavong/.ivy2/cache/com.typesafe.play/play-exceptions/jars/play-exceptions-2.5.1.jar, /Users/phanthavong/.ivy2/cache/com.typesafe.play/play-iteratees_2.11/jars/play-iteratees_2.11-2.5.1.jar, /Users/phanthavong/.ivy2/cache/org.scala-stm/scala-stm_2.11/jars/scala-stm_2.11-0.7.jar, /Users/phanthavong/Documents/PlayFramework/activator-dist-1.3.9/repository/com.typesafe/config/1.3.0/bundles/config.jar, /Users/phanthavong/.ivy2/cache/com.typesafe.play/play-json_2.11/jars/play-json_2.11-2.5.1.jar, /Users/phanthavong/.ivy2/cache/com.typesafe.play/play-functional_2.11/jars/play-functional_2.11-2.5.1.jar, /Users/phanthavong/.ivy2/cache/com.typesafe.play/play-datacommons_2.11/jars/play-datacommons_2.11-2.5.1.jar, /Users/phanthavong/Documents/PlayFramework/activator-dist-1.3.9/repository/joda-time/joda-time/2.9.2/jars/joda-time.jar, /Users/phanthavong/Documents/PlayFramework/activator-dist-1.3.9/repository/org.joda/joda-convert/1.8.1/jars/joda-convert.jar, /Users/phanthavong/.ivy2/cache/org.scala-lang/scala-reflect/jars/scala-reflect-2.11.7.jar, /Users/phanthavong/Documents/PlayFramework/activator-dist-1.3.9/repository/com.fasterxml.jackson.core/jackson-core/2.7.1/bundles/jackson-core.jar, /Users/phanthavong/Documents/PlayFramework/activator-dist-1.3.9/repository/com.fasterxml.jackson.core/jackson-annotations/2.7.1/bundles/jackson-annotations.jar, /Users/phanthavong/Documents/PlayFramework/activator-dist-1.3.9/repository/com.fasterxml.jackson.core/jackson-databind/2.7.1/bundles/jackson-databind.jar, /Users/phanthavong/Documents/PlayFramework/activator-dist-1.3.9/repository/com.fasterxml.jackson.datatype/jackson-datatype-jdk8/2.7.1/bundles/jackson-datatype-jdk8.jar, /Users/phanthavong/Documents/PlayFramework/activator-dist-1.3.9/repository/com.fasterxml.jackson.datatype/jackson-datatype-jsr310/2.7.1/bundles/jackson-datatype-jsr310.jar, /Users/phanthavong/.ivy2/cache/com.typesafe.play/play-netty-utils/jars/play-netty-utils-2.5.1.jar, /Users/phanthavong/Documents/PlayFramework/activator-dist-1.3.9/repository/org.slf4j/slf4j-api/1.7.16/jars/slf4j-api.jar, /Users/phanthavong/Documents/PlayFramework/activator-dist-1.3.9/repository/org.slf4j/jul-to-slf4j/1.7.16/jars/jul-to-slf4j.jar, /Users/phanthavong/Documents/PlayFramework/activator-dist-1.3.9/repository/org.slf4j/jcl-over-slf4j/1.7.16/jars/jcl-over-slf4j.jar, /Users/phanthavong/.ivy2/cache/com.typesafe.play/play-streams_2.11/jars/play-streams_2.11-2.5.1.jar, /Users/phanthavong/Documents/PlayFramework/activator-dist-1.3.9/repository/org.reactivestreams/reactive-streams/1.0.0/jars/reactive-streams.jar, /Users/phanthavong/Documents/PlayFramework/activator-dist-1.3.9/repository/com.typesafe.akka/akka-stream_2.11/2.4.2/jars/akka-stream_2.11.jar, /Users/phanthavong/Documents/PlayFramework/activator-dist-1.3.9/repository/com.typesafe.akka/akka-actor_2.11/2.4.2/jars/akka-actor_2.11.jar, /Users/phanthavong/Documents/PlayFramework/activator-dist-1.3.9/repository/org.scala-lang.modules/scala-java8-compat_2.11/0.7.0/bundles/scala-java8-compat_2.11.jar, /Users/phanthavong/Documents/PlayFramework/activator-dist-1.3.9/repository/com.typesafe/ssl-config-akka_2.11/0.1.3/bundles/ssl-config-akka_2.11.jar, /Users/phanthavong/Documents/PlayFramework/activator-dist-1.3.9/repository/com.typesafe/ssl-config-core_2.11/0.1.3/bundles/ssl-config-core_2.11.jar, /Users/phanthavong/.ivy2/cache/org.scala-lang.modules/scala-parser-combinators_2.11/bundles/scala-parser-combinators_2.11-1.0.4.jar, /Users/phanthavong/Documents/PlayFramework/activator-dist-1.3.9/repository/com.typesafe.akka/akka-slf4j_2.11/2.4.2/jars/akka-slf4j_2.11.jar, /Users/phanthavong/Documents/PlayFramework/activator-dist-1.3.9/repository/commons-codec/commons-codec/1.10/jars/commons-codec.jar, /Users/phanthavong/.ivy2/cache/xerces/xercesImpl/jars/xercesImpl-2.11.0.jar, /Users/phanthavong/.ivy2/cache/xml-apis/xml-apis/jars/xml-apis-1.4.01.jar, /Users/phanthavong/.ivy2/cache/javax.transaction/jta/jars/jta-1.1.jar, /Users/phanthavong/Documents/PlayFramework/activator-dist-1.3.9/repository/com.google.inject/guice/4.0/jars/guice.jar, /Users/phanthavong/Documents/PlayFramework/activator-dist-1.3.9/repository/javax.inject/javax.inject/1/jars/javax.inject.jar, /Users/phanthavong/Documents/PlayFramework/activator-dist-1.3.9/repository/aopalliance/aopalliance/1.0/jars/aopalliance.jar, /Users/phanthavong/Documents/PlayFramework/activator-dist-1.3.9/repository/com.google.inject.extensions/guice-assistedinject/4.0/jars/guice-assistedinject.jar, /Users/phanthavong/.ivy2/cache/com.typesafe.play/play-java_2.11/jars/play-java_2.11-2.5.1.jar, /Users/phanthavong/Documents/PlayFramework/activator-dist-1.3.9/repository/org.yaml/snakeyaml/1.16/bundles/snakeyaml.jar, /Users/phanthavong/Documents/PlayFramework/activator-dist-1.3.9/repository/org.hibernate/hibernate-validator/5.2.4.Final/jars/hibernate-validator.jar, /Users/phanthavong/Documents/PlayFramework/activator-dist-1.3.9/repository/javax.validation/validation-api/1.1.0.Final/jars/validation-api.jar, /Users/phanthavong/Documents/PlayFramework/activator-dist-1.3.9/repository/org.jboss.logging/jboss-logging/3.2.1.Final/jars/jboss-logging.jar, /Users/phanthavong/Documents/PlayFramework/activator-dist-1.3.9/repository/com.fasterxml/classmate/1.1.0/bundles/classmate.jar, /Users/phanthavong/Documents/PlayFramework/activator-dist-1.3.9/repository/javax.el/javax.el-api/3.0.0/jars/javax.el-api.jar, /Users/phanthavong/Documents/PlayFramework/activator-dist-1.3.9/repository/org.springframework/spring-context/4.2.4.RELEASE/jars/spring-context.jar, /Users/phanthavong/Documents/PlayFramework/activator-dist-1.3.9/repository/org.springframework/spring-core/4.2.4.RELEASE/jars/spring-core.jar, /Users/phanthavong/Documents/PlayFramework/activator-dist-1.3.9/repository/org.springframework/spring-beans/4.2.4.RELEASE/jars/spring-beans.jar, /Users/phanthavong/Documents/PlayFramework/activator-dist-1.3.9/repository/org.reflections/reflections/0.9.10/jars/reflections.jar, /Users/phanthavong/Documents/PlayFramework/activator-dist-1.3.9/repository/com.google.guava/guava/19.0/bundles/guava.jar, /Users/phanthavong/Documents/PlayFramework/activator-dist-1.3.9/repository/net.jodah/typetools/0.4.4/bundles/typetools.jar, /Users/phanthavong/Documents/PlayFramework/activator-dist-1.3.9/repository/com.google.code.findbugs/jsr305/3.0.1/jars/jsr305.jar, /Users/phanthavong/Documents/PlayFramework/activator-dist-1.3.9/repository/org.apache.tomcat/tomcat-servlet-api/8.0.32/jars/tomcat-servlet-api.jar, /Users/phanthavong/.ivy2/cache/com.typesafe.play/play-netty-server_2.11/jars/play-netty-server_2.11-2.5.1.jar, /Users/phanthavong/.ivy2/cache/com.typesafe.netty/netty-reactive-streams-http/jars/netty-reactive-streams-http-1.0.5.jar, /Users/phanthavong/.ivy2/cache/com.typesafe.netty/netty-reactive-streams/jars/netty-reactive-streams-1.0.5.jar, /Users/phanthavong/Documents/PlayFramework/activator-dist-1.3.9/repository/io.netty/netty-handler/4.0.34.Final/jars/netty-handler.jar, /Users/phanthavong/Documents/PlayFramework/activator-dist-1.3.9/repository/io.netty/netty-buffer/4.0.34.Final/jars/netty-buffer.jar, /Users/phanthavong/Documents/PlayFramework/activator-dist-1.3.9/repository/io.netty/netty-common/4.0.34.Final/jars/netty-common.jar, /Users/phanthavong/Documents/PlayFramework/activator-dist-1.3.9/repository/io.netty/netty-transport/4.0.34.Final/jars/netty-transport.jar, /Users/phanthavong/Documents/PlayFramework/activator-dist-1.3.9/repository/io.netty/netty-codec/4.0.34.Final/jars/netty-codec.jar, /Users/phanthavong/Documents/PlayFramework/activator-dist-1.3.9/repository/io.netty/netty-codec-http/4.0.34.Final/jars/netty-codec-http.jar, /Users/phanthavong/.ivy2/cache/io.netty/netty-transport-native-epoll/jars/netty-transport-native-epoll-4.0.34.Final-linux-x86_64.jar, /Users/phanthavong/.ivy2/cache/com.typesafe.play/play-logback_2.11/jars/play-logback_2.11-2.5.1.jar, /Users/phanthavong/Documents/PlayFramework/activator-dist-1.3.9/repository/ch.qos.logback/logback-core/1.1.4/jars/logback-core.jar, /Users/phanthavong/Documents/PlayFramework/activator-dist-1.3.9/repository/ch.qos.logback/logback-classic/1.1.4/jars/logback-classic.jar, /Users/phanthavong/.ivy2/cache/com.typesafe.play/play-java-jdbc_2.11/jars/play-java-jdbc_2.11-2.5.1.jar, /Users/phanthavong/.ivy2/cache/com.typesafe.play/play-jdbc_2.11/jars/play-jdbc_2.11-2.5.1.jar, /Users/phanthavong/.ivy2/cache/com.typesafe.play/play-jdbc-api_2.11/jars/play-jdbc-api_2.11-2.5.1.jar, /Users/phanthavong/Documents/PlayFramework/activator-dist-1.3.9/repository/com.jolbox/bonecp/0.8.0.RELEASE/bundles/bonecp.jar, /Users/phanthavong/Documents/PlayFramework/activator-dist-1.3.9/repository/com.zaxxer/HikariCP/2.4.3/bundles/HikariCP.jar, /Users/phanthavong/Documents/PlayFramework/activator-dist-1.3.9/repository/com.googlecode.usc/jdbcdslog/1.0.6.2/jars/jdbcdslog.jar, /Users/phanthavong/Documents/PlayFramework/activator-dist-1.3.9/repository/com.h2database/h2/1.4.191/jars/h2.jar, /Users/phanthavong/Documents/PlayFramework/activator-dist-1.3.9/repository/tyrex/tyrex/1.0.1/jars/tyrex.jar, /Users/phanthavong/.ivy2/cache/com.typesafe.play/play-cache_2.11/jars/play-cache_2.11-2.5.1.jar, /Users/phanthavong/Documents/PlayFramework/activator-dist-1.3.9/repository/net.sf.ehcache/ehcache-core/2.6.11/jars/ehcache-core.jar, /Users/phanthavong/.ivy2/cache/com.typesafe.play/play-java-ws_2.11/jars/play-java-ws_2.11-2.5.1.jar, /Users/phanthavong/.ivy2/cache/com.typesafe.play/play-ws_2.11/jars/play-ws_2.11-2.5.1.jar, /Users/phanthavong/.ivy2/cache/org.asynchttpclient/async-http-client/jars/async-http-client-2.0.0-RC16.jar, /Users/phanthavong/.ivy2/cache/org.asynchttpclient/netty-resolver-dns/jars/netty-resolver-dns-2.0.0-RC16.jar, /Users/phanthavong/.ivy2/cache/org.asynchttpclient/netty-resolver/jars/netty-resolver-2.0.0-RC16.jar, /Users/phanthavong/.ivy2/cache/org.asynchttpclient/netty-codec-dns/jars/netty-codec-dns-2.0.0-RC16.jar, /Users/phanthavong/Documents/PlayFramework/activator-dist-1.3.9/repository/org.javassist/javassist/3.20.0-GA/bundles/javassist.jar, /Users/phanthavong/.ivy2/cache/oauth.signpost/signpost-core/jars/signpost-core-1.2.1.2.jar, /Users/phanthavong/.ivy2/cache/oauth.signpost/signpost-commonshttp4/jars/signpost-commonshttp4-1.2.1.2.jar, /Users/phanthavong/Documents/PlayFramework/activator-dist-1.3.9/repository/org.apache.httpcomponents/httpcore/4.0.1/jars/httpcore.jar, /Users/phanthavong/Documents/PlayFramework/activator-dist-1.3.9/repository/org.apache.httpcomponents/httpclient/4.0.1/jars/httpclient.jar, /Users/phanthavong/.ivy2/cache/commons-logging/commons-logging/jars/commons-logging-1.1.1.jar),List((public/,/Users/phanthavong/play-java/target/web/public/main)),List(/Users/phanthavong/.ivy2/cache/com.typesafe.play/play-omnidoc_2.11/jars/play-omnidoc_2.11-2.5.1.jar, /Users/phanthavong/.ivy2/cache/org.scala-lang/scala-library/jars/scala-library-2.11.7.jar, /Users/phanthavong/.ivy2/cache/com.typesafe.play/play-docs_2.11/jars/play-docs_2.11-2.5.1.jar, /Users/phanthavong/.ivy2/cache/com.typesafe.play/play-netty-server_2.11/jars/play-netty-server_2.11-2.5.1.jar, /Users/phanthavong/.ivy2/cache/com.typesafe.play/play-server_2.11/jars/play-server_2.11-2.5.1.jar, /Users/phanthavong/.ivy2/cache/com.typesafe.play/play_2.11/jars/play_2.11-2.5.1.jar, /Users/phanthavong/.ivy2/cache/com.typesafe.play/build-link/jars/build-link-2.5.1.jar, /Users/phanthavong/.ivy2/cache/com.typesafe.play/play-exceptions/jars/play-exceptions-2.5.1.jar, /Users/phanthavong/.ivy2/cache/com.typesafe.play/play-iteratees_2.11/jars/play-iteratees_2.11-2.5.1.jar, /Users/phanthavong/.ivy2/cache/org.scala-stm/scala-stm_2.11/jars/scala-stm_2.11-0.7.jar, /Users/phanthavong/Documents/PlayFramework/activator-dist-1.3.9/repository/com.typesafe/config/1.3.0/bundles/config.jar, /Users/phanthavong/.ivy2/cache/com.typesafe.play/play-json_2.11/jars/play-json_2.11-2.5.1.jar, /Users/phanthavong/.ivy2/cache/com.typesafe.play/play-functional_2.11/jars/play-functional_2.11-2.5.1.jar, /Users/phanthavong/.ivy2/cache/com.typesafe.play/play-datacommons_2.11/jars/play-datacommons_2.11-2.5.1.jar, /Users/phanthavong/Documents/PlayFramework/activator-dist-1.3.9/repository/joda-time/joda-time/2.9.2/jars/joda-time.jar, /Users/phanthavong/Documents/PlayFramework/activator-dist-1.3.9/repository/org.joda/joda-convert/1.8.1/jars/joda-convert.jar, /Users/phanthavong/.ivy2/cache/org.scala-lang/scala-reflect/jars/scala-reflect-2.11.7.jar, /Users/phanthavong/Documents/PlayFramework/activator-dist-1.3.9/repository/com.fasterxml.jackson.core/jackson-core/2.7.1/bundles/jackson-core.jar, /Users/phanthavong/Documents/PlayFramework/activator-dist-1.3.9/repository/com.fasterxml.jackson.core/jackson-annotations/2.7.1/bundles/jackson-annotations.jar, /Users/phanthavong/Documents/PlayFramework/activator-dist-1.3.9/repository/com.fasterxml.jackson.core/jackson-databind/2.7.1/bundles/jackson-databind.jar, /Users/phanthavong/Documents/PlayFramework/activator-dist-1.3.9/repository/com.fasterxml.jackson.datatype/jackson-datatype-jdk8/2.7.1/bundles/jackson-datatype-jdk8.jar, /Users/phanthavong/Documents/PlayFramework/activator-dist-1.3.9/repository/com.fasterxml.jackson.datatype/jackson-datatype-jsr310/2.7.1/bundles/jackson-datatype-jsr310.jar, /Users/phanthavong/.ivy2/cache/com.typesafe.play/play-netty-utils/jars/play-netty-utils-2.5.1.jar, /Users/phanthavong/Documents/PlayFramework/activator-dist-1.3.9/repository/org.slf4j/slf4j-api/1.7.16/jars/slf4j-api.jar, /Users/phanthavong/Documents/PlayFramework/activator-dist-1.3.9/repository/org.slf4j/jul-to-slf4j/1.7.16/jars/jul-to-slf4j.jar, /Users/phanthavong/Documents/PlayFramework/activator-dist-1.3.9/repository/org.slf4j/jcl-over-slf4j/1.7.16/jars/jcl-over-slf4j.jar, /Users/phanthavong/.ivy2/cache/com.typesafe.play/play-streams_2.11/jars/play-streams_2.11-2.5.1.jar, /Users/phanthavong/Documents/PlayFramework/activator-dist-1.3.9/repository/org.reactivestreams/reactive-streams/1.0.0/jars/reactive-streams.jar, /Users/phanthavong/Documents/PlayFramework/activator-dist-1.3.9/repository/com.typesafe.akka/akka-stream_2.11/2.4.2/jars/akka-stream_2.11.jar, /Users/phanthavong/Documents/PlayFramework/activator-dist-1.3.9/repository/com.typesafe.akka/akka-actor_2.11/2.4.2/jars/akka-actor_2.11.jar, /Users/phanthavong/Documents/PlayFramework/activator-dist-1.3.9/repository/org.scala-lang.modules/scala-java8-compat_2.11/0.7.0/bundles/scala-java8-compat_2.11.jar, /Users/phanthavong/Documents/PlayFramework/activator-dist-1.3.9/repository/com.typesafe/ssl-config-akka_2.11/0.1.3/bundles/ssl-config-akka_2.11.jar, /Users/phanthavong/Documents/PlayFramework/activator-dist-1.3.9/repository/com.typesafe/ssl-config-core_2.11/0.1.3/bundles/ssl-config-core_2.11.jar, /Users/phanthavong/.ivy2/cache/org.scala-lang.modules/scala-parser-combinators_2.11/bundles/scala-parser-combinators_2.11-1.0.4.jar, /Users/phanthavong/Documents/PlayFramework/activator-dist-1.3.9/repository/com.typesafe.play/twirl-api_2.11/1.1.1/jars/twirl-api_2.11.jar, /Users/phanthavong/Documents/PlayFramework/activator-dist-1.3.9/repository/org.apache.commons/commons-lang3/3.4/jars/commons-lang3.jar, /Users/phanthavong/.ivy2/cache/org.scala-lang.modules/scala-xml_2.11/bundles/scala-xml_2.11-1.0.1.jar, /Users/phanthavong/Documents/PlayFramework/activator-dist-1.3.9/repository/com.typesafe.akka/akka-slf4j_2.11/2.4.2/jars/akka-slf4j_2.11.jar, /Users/phanthavong/Documents/PlayFramework/activator-dist-1.3.9/repository/commons-codec/commons-codec/1.10/jars/commons-codec.jar, /Users/phanthavong/.ivy2/cache/xerces/xercesImpl/jars/xercesImpl-2.11.0.jar, /Users/phanthavong/.ivy2/cache/xml-apis/xml-apis/jars/xml-apis-1.4.01.jar, /Users/phanthavong/.ivy2/cache/javax.transaction/jta/jars/jta-1.1.jar, /Users/phanthavong/Documents/PlayFramework/activator-dist-1.3.9/repository/com.google.inject/guice/4.0/jars/guice.jar, /Users/phanthavong/Documents/PlayFramework/activator-dist-1.3.9/repository/javax.inject/javax.inject/1/jars/javax.inject.jar, /Users/phanthavong/Documents/PlayFramework/activator-dist-1.3.9/repository/aopalliance/aopalliance/1.0/jars/aopalliance.jar, /Users/phanthavong/.ivy2/cache/com.google.guava/guava/bundles/guava-16.0.1.jar, /Users/phanthavong/Documents/PlayFramework/activator-dist-1.3.9/repository/com.google.inject.extensions/guice-assistedinject/4.0/jars/guice-assistedinject.jar, /Users/phanthavong/.ivy2/cache/com.typesafe.netty/netty-reactive-streams-http/jars/netty-reactive-streams-http-1.0.5.jar, /Users/phanthavong/.ivy2/cache/com.typesafe.netty/netty-reactive-streams/jars/netty-reactive-streams-1.0.5.jar, /Users/phanthavong/Documents/PlayFramework/activator-dist-1.3.9/repository/io.netty/netty-handler/4.0.34.Final/jars/netty-handler.jar, /Users/phanthavong/Documents/PlayFramework/activator-dist-1.3.9/repository/io.netty/netty-buffer/4.0.34.Final/jars/netty-buffer.jar, /Users/phanthavong/Documents/PlayFramework/activator-dist-1.3.9/repository/io.netty/netty-common/4.0.34.Final/jars/netty-common.jar, /Users/phanthavong/Documents/PlayFramework/activator-dist-1.3.9/repository/io.netty/netty-transport/4.0.34.Final/jars/netty-transport.jar, /Users/phanthavong/Documents/PlayFramework/activator-dist-1.3.9/repository/io.netty/netty-codec/4.0.34.Final/jars/netty-codec.jar, /Users/phanthavong/Documents/PlayFramework/activator-dist-1.3.9/repository/io.netty/netty-codec-http/4.0.34.Final/jars/netty-codec-http.jar, /Users/phanthavong/.ivy2/cache/io.netty/netty-transport-native-epoll/jars/netty-transport-native-epoll-4.0.34.Final-linux-x86_64.jar, /Users/phanthavong/Documents/PlayFramework/activator-dist-1.3.9/repository/com.typesafe.play/play-doc_2.11/1.2.2/jars/play-doc_2.11.jar, /Users/phanthavong/Documents/PlayFramework/activator-dist-1.3.9/repository/org.pegdown/pegdown/1.4.0/jars/pegdown.jar, /Users/phanthavong/Documents/PlayFramework/activator-dist-1.3.9/repository/org.parboiled/parboiled-java/1.1.5/bundles/parboiled-java.jar, /Users/phanthavong/Documents/PlayFramework/activator-dist-1.3.9/repository/org.parboiled/parboiled-core/1.1.5/bundles/parboiled-core.jar, /Users/phanthavong/Documents/PlayFramework/activator-dist-1.3.9/repository/org.ow2.asm/asm/4.1/jars/asm.jar, /Users/phanthavong/Documents/PlayFramework/activator-dist-1.3.9/repository/org.ow2.asm/asm-tree/4.1/jars/asm-tree.jar, /Users/phanthavong/Documents/PlayFramework/activator-dist-1.3.9/repository/org.ow2.asm/asm-analysis/4.1/jars/asm-analysis.jar, /Users/phanthavong/Documents/PlayFramework/activator-dist-1.3.9/repository/org.ow2.asm/asm-util/4.1/jars/asm-util.jar, /Users/phanthavong/Documents/PlayFramework/activator-dist-1.3.9/repository/commons-io/commons-io/2.4/jars/commons-io.jar),Some(/Users/phanthavong/.ivy2/cache/com.typesafe.play/play-omnidoc_2.11/jars/play-omnidoc_2.11-2.5.1.jar),List(),9000,0.0.0.0,DefaultWatchService,List(/Users/phanthavong/play-java/public, /Users/phanthavong/play-java/conf, /Users/phanthavong/play-java/app),/Users/phanthavong/play-java/target,500,root/playForkNotifyStart,root/playForkReload,300000,play.core.server.DevServerStart),scala.pickling.PicklerUnpickler$DelegatingPicklerUnpickler@4a46de30),ForkConfig(/Users/phanthavong/play-java,List(-Djna.nosys=true),List(/Users/phanthavong/.ivy2/cache/org.scala-lang/scala-library/jars/scala-library-2.11.7.jar, /Users/phanthavong/Documents/PlayFramework/activator-dist-1.3.9/repository/com.typesafe.play/twirl-api_2.11/1.1.1/jars/twirl-api_2.11.jar, /Users/phanthavong/Documents/PlayFramework/activator-dist-1.3.9/repository/org.apache.commons/commons-lang3/3.4/jars/commons-lang3.jar, /Users/phanthavong/.ivy2/cache/org.scala-lang.modules/scala-xml_2.11/bundles/scala-xml_2.11-1.0.1.jar, /Users/phanthavong/Documents/PlayFramework/activator-dist-1.3.9/repository/com.typesafe.play/play-enhancer/1.1.0/jars/play-enhancer.jar, /Users/phanthavong/.ivy2/cache/com.typesafe.play/play-server_2.11/jars/play-server_2.11-2.5.1.jar, /Users/phanthavong/.ivy2/cache/com.typesafe.play/play_2.11/jars/play_2.11-2.5.1.jar, /Users/phanthavong/.ivy2/cache/com.typesafe.play/build-link/jars/build-link-2.5.1.jar, /Users/phanthavong/.ivy2/cache/com.typesafe.play/play-exceptions/jars/play-exceptions-2.5.1.jar, /Users/phanthavong/.ivy2/cache/com.typesafe.play/play-iteratees_2.11/jars/play-iteratees_2.11-2.5.1.jar, /Users/phanthavong/.ivy2/cache/org.scala-stm/scala-stm_2.11/jars/scala-stm_2.11-0.7.jar, /Users/phanthavong/Documents/PlayFramework/activator-dist-1.3.9/repository/com.typesafe/config/1.3.0/bundles/config.jar, /Users/phanthavong/.ivy2/cache/com.typesafe.play/play-json_2.11/jars/play-json_2.11-2.5.1.jar, /Users/phanthavong/.ivy2/cache/com.typesafe.play/play-functional_2.11/jars/play-functional_2.11-2.5.1.jar, /Users/phanthavong/.ivy2/cache/com.typesafe.play/play-datacommons_2.11/jars/play-datacommons_2.11-2.5.1.jar, /Users/phanthavong/Documents/PlayFramework/activator-dist-1.3.9/repository/joda-time/joda-time/2.9.2/jars/joda-time.jar, /Users/phanthavong/Documents/PlayFramework/activator-dist-1.3.9/repository/org.joda/joda-convert/1.8.1/jars/joda-convert.jar, /Users/phanthavong/.ivy2/cache/org.scala-lang/scala-reflect/jars/scala-reflect-2.11.7.jar, /Users/phanthavong/Documents/PlayFramework/activator-dist-1.3.9/repository/com.fasterxml.jackson.core/jackson-core/2.7.1/bundles/jackson-core.jar, /Users/phanthavong/Documents/PlayFramework/activator-dist-1.3.9/repository/com.fasterxml.jackson.core/jackson-annotations/2.7.1/bundles/jackson-annotations.jar, /Users/phanthavong/Documents/PlayFramework/activator-dist-1.3.9/repository/com.fasterxml.jackson.core/jackson-databind/2.7.1/bundles/jackson-databind.jar, /Users/phanthavong/Documents/PlayFramework/activator-dist-1.3.9/repository/com.fasterxml.jackson.datatype/jackson-datatype-jdk8/2.7.1/bundles/jackson-datatype-jdk8.jar, /Users/phanthavong/Documents/PlayFramework/activator-dist-1.3.9/repository/com.fasterxml.jackson.datatype/jackson-datatype-jsr310/2.7.1/bundles/jackson-datatype-jsr310.jar, /Users/phanthavong/.ivy2/cache/com.typesafe.play/play-netty-utils/jars/play-netty-utils-2.5.1.jar, /Users/phanthavong/Documents/PlayFramework/activator-dist-1.3.9/repository/org.slf4j/slf4j-api/1.7.16/jars/slf4j-api.jar, /Users/phanthavong/Documents/PlayFramework/activator-dist-1.3.9/repository/org.slf4j/jul-to-slf4j/1.7.16/jars/jul-to-slf4j.jar, /Users/phanthavong/Documents/PlayFramework/activator-dist-1.3.9/repository/org.slf4j/jcl-over-slf4j/1.7.16/jars/jcl-over-slf4j.jar, /Users/phanthavong/.ivy2/cache/com.typesafe.play/play-streams_2.11/jars/play-streams_2.11-2.5.1.jar, /Users/phanthavong/Documents/PlayFramework/activator-dist-1.3.9/repository/org.reactivestreams/reactive-streams/1.0.0/jars/reactive-streams.jar, /Users/phanthavong/Documents/PlayFramework/activator-dist-1.3.9/repository/com.typesafe.akka/akka-stream_2.11/2.4.2/jars/akka-stream_2.11.jar, /Users/phanthavong/Documents/PlayFramework/activator-dist-1.3.9/repository/com.typesafe.akka/akka-actor_2.11/2.4.2/jars/akka-actor_2.11.jar, /Users/phanthavong/Documents/PlayFramework/activator-dist-1.3.9/repository/org.scala-lang.modules/scala-java8-compat_2.11/0.7.0/bundles/scala-java8-compat_2.11.jar, /Users/phanthavong/Documents/PlayFramework/activator-dist-1.3.9/repository/com.typesafe/ssl-config-akka_2.11/0.1.3/bundles/ssl-config-akka_2.11.jar, /Users/phanthavong/Documents/PlayFramework/activator-dist-1.3.9/repository/com.typesafe/ssl-config-core_2.11/0.1.3/bundles/ssl-config-core_2.11.jar, /Users/phanthavong/.ivy2/cache/org.scala-lang.modules/scala-parser-combinators_2.11/bundles/scala-parser-combinators_2.11-1.0.4.jar, /Users/phanthavong/Documents/PlayFramework/activator-dist-1.3.9/repository/com.typesafe.akka/akka-slf4j_2.11/2.4.2/jars/akka-slf4j_2.11.jar, /Users/phanthavong/Documents/PlayFramework/activator-dist-1.3.9/repository/commons-codec/commons-codec/1.10/jars/commons-codec.jar, /Users/phanthavong/.ivy2/cache/xerces/xercesImpl/jars/xercesImpl-2.11.0.jar, /Users/phanthavong/.ivy2/cache/xml-apis/xml-apis/jars/xml-apis-1.4.01.jar, /Users/phanthavong/.ivy2/cache/javax.transaction/jta/jars/jta-1.1.jar, /Users/phanthavong/Documents/PlayFramework/activator-dist-1.3.9/repository/com.google.inject/guice/4.0/jars/guice.jar, /Users/phanthavong/Documents/PlayFramework/activator-dist-1.3.9/repository/javax.inject/javax.inject/1/jars/javax.inject.jar, /Users/phanthavong/Documents/PlayFramework/activator-dist-1.3.9/repository/aopalliance/aopalliance/1.0/jars/aopalliance.jar, /Users/phanthavong/Documents/PlayFramework/activator-dist-1.3.9/repository/com.google.inject.extensions/guice-assistedinject/4.0/jars/guice-assistedinject.jar, /Users/phanthavong/.ivy2/cache/com.typesafe.play/play-java_2.11/jars/play-java_2.11-2.5.1.jar, /Users/phanthavong/Documents/PlayFramework/activator-dist-1.3.9/repository/org.yaml/snakeyaml/1.16/bundles/snakeyaml.jar, /Users/phanthavong/Documents/PlayFramework/activator-dist-1.3.9/repository/org.hibernate/hibernate-validator/5.2.4.Final/jars/hibernate-validator.jar, /Users/phanthavong/Documents/PlayFramework/activator-dist-1.3.9/repository/javax.validation/validation-api/1.1.0.Final/jars/validation-api.jar, /Users/phanthavong/Documents/PlayFramework/activator-dist-1.3.9/repository/org.jboss.logging/jboss-logging/3.2.1.Final/jars/jboss-logging.jar, /Users/phanthavong/Documents/PlayFramework/activator-dist-1.3.9/repository/com.fasterxml/classmate/1.1.0/bundles/classmate.jar, /Users/phanthavong/Documents/PlayFramework/activator-dist-1.3.9/repository/javax.el/javax.el-api/3.0.0/jars/javax.el-api.jar, /Users/phanthavong/Documents/PlayFramework/activator-dist-1.3.9/repository/org.springframework/spring-context/4.2.4.RELEASE/jars/spring-context.jar, /Users/phanthavong/Documents/PlayFramework/activator-dist-1.3.9/repository/org.springframework/spring-core/4.2.4.RELEASE/jars/spring-core.jar, /Users/phanthavong/Documents/PlayFramework/activator-dist-1.3.9/repository/org.springframework/spring-beans/4.2.4.RELEASE/jars/spring-beans.jar, /Users/phanthavong/Documents/PlayFramework/activator-dist-1.3.9/repository/org.reflections/reflections/0.9.10/jars/reflections.jar, /Users/phanthavong/Documents/PlayFramework/activator-dist-1.3.9/repository/com.google.guava/guava/19.0/bundles/guava.jar, /Users/phanthavong/Documents/PlayFramework/activator-dist-1.3.9/repository/net.jodah/typetools/0.4.4/bundles/typetools.jar, /Users/phanthavong/Documents/PlayFramework/activator-dist-1.3.9/repository/com.google.code.findbugs/jsr305/3.0.1/jars/jsr305.jar, /Users/phanthavong/Documents/PlayFramework/activator-dist-1.3.9/repository/org.apache.tomcat/tomcat-servlet-api/8.0.32/jars/tomcat-servlet-api.jar, /Users/phanthavong/.ivy2/cache/com.typesafe.play/play-netty-server_2.11/jars/play-netty-server_2.11-2.5.1.jar, /Users/phanthavong/.ivy2/cache/com.typesafe.netty/netty-reactive-streams-http/jars/netty-reactive-streams-http-1.0.5.jar, /Users/phanthavong/.ivy2/cache/com.typesafe.netty/netty-reactive-streams/jars/netty-reactive-streams-1.0.5.jar, /Users/phanthavong/Documents/PlayFramework/activator-dist-1.3.9/repository/io.netty/netty-handler/4.0.34.Final/jars/netty-handler.jar, /Users/phanthavong/Documents/PlayFramework/activator-dist-1.3.9/repository/io.netty/netty-buffer/4.0.34.Final/jars/netty-buffer.jar, /Users/phanthavong/Documents/PlayFramework/activator-dist-1.3.9/repository/io.netty/netty-common/4.0.34.Final/jars/netty-common.jar, /Users/phanthavong/Documents/PlayFramework/activator-dist-1.3.9/repository/io.netty/netty-transport/4.0.34.Final/jars/netty-transport.jar, /Users/phanthavong/Documents/PlayFramework/activator-dist-1.3.9/repository/io.netty/netty-codec/4.0.34.Final/jars/netty-codec.jar, /Users/phanthavong/Documents/PlayFramework/activator-dist-1.3.9/repository/io.netty/netty-codec-http/4.0.34.Final/jars/netty-codec-http.jar, /Users/phanthavong/.ivy2/cache/io.netty/netty-transport-native-epoll/jars/netty-transport-native-epoll-4.0.34.Final-linux-x86_64.jar, /Users/phanthavong/.ivy2/cache/com.typesafe.play/play-logback_2.11/jars/play-logback_2.11-2.5.1.jar, /Users/phanthavong/Documents/PlayFramework/activator-dist-1.3.9/repository/ch.qos.logback/logback-core/1.1.4/jars/logback-core.jar, /Users/phanthavong/Documents/PlayFramework/activator-dist-1.3.9/repository/ch.qos.logback/logback-classic/1.1.4/jars/logback-classic.jar, /Users/phanthavong/.ivy2/cache/com.typesafe.play/play-java-jdbc_2.11/jars/play-java-jdbc_2.11-2.5.1.jar, /Users/phanthavong/.ivy2/cache/com.typesafe.play/play-jdbc_2.11/jars/play-jdbc_2.11-2.5.1.jar, /Users/phanthavong/.ivy2/cache/com.typesafe.play/play-jdbc-api_2.11/jars/play-jdbc-api_2.11-2.5.1.jar, /Users/phanthavong/Documents/PlayFramework/activator-dist-1.3.9/repository/com.jolbox/bonecp/0.8.0.RELEASE/bundles/bonecp.jar, /Users/phanthavong/Documents/PlayFramework/activator-dist-1.3.9/repository/com.zaxxer/HikariCP/2.4.3/bundles/HikariCP.jar, /Users/phanthavong/Documents/PlayFramework/activator-dist-1.3.9/repository/com.googlecode.usc/jdbcdslog/1.0.6.2/jars/jdbcdslog.jar, /Users/phanthavong/Documents/PlayFramework/activator-dist-1.3.9/repository/com.h2database/h2/1.4.191/jars/h2.jar, /Users/phanthavong/Documents/PlayFramework/activator-dist-1.3.9/repository/tyrex/tyrex/1.0.1/jars/tyrex.jar, /Users/phanthavong/.ivy2/cache/com.typesafe.play/play-cache_2.11/jars/play-cache_2.11-2.5.1.jar, /Users/phanthavong/Documents/PlayFramework/activator-dist-1.3.9/repository/net.sf.ehcache/ehcache-core/2.6.11/jars/ehcache-core.jar, /Users/phanthavong/.ivy2/cache/com.typesafe.play/play-java-ws_2.11/jars/play-java-ws_2.11-2.5.1.jar, /Users/phanthavong/.ivy2/cache/com.typesafe.play/play-ws_2.11/jars/play-ws_2.11-2.5.1.jar, /Users/phanthavong/.ivy2/cache/org.asynchttpclient/async-http-client/jars/async-http-client-2.0.0-RC16.jar, /Users/phanthavong/.ivy2/cache/org.asynchttpclient/netty-resolver-dns/jars/netty-resolver-dns-2.0.0-RC16.jar, /Users/phanthavong/.ivy2/cache/org.asynchttpclient/netty-resolver/jars/netty-resolver-2.0.0-RC16.jar, /Users/phanthavong/.ivy2/cache/org.asynchttpclient/netty-codec-dns/jars/netty-codec-dns-2.0.0-RC16.jar, /Users/phanthavong/Documents/PlayFramework/activator-dist-1.3.9/repository/org.javassist/javassist/3.20.0-GA/bundles/javassist.jar, /Users/phanthavong/.ivy2/cache/oauth.signpost/signpost-core/jars/signpost-core-1.2.1.2.jar, /Users/phanthavong/.ivy2/cache/oauth.signpost/signpost-commonshttp4/jars/signpost-commonshttp4-1.2.1.2.jar, /Users/phanthavong/Documents/PlayFramework/activator-dist-1.3.9/repository/org.apache.httpcomponents/httpcore/4.0.1/jars/httpcore.jar, /Users/phanthavong/Documents/PlayFramework/activator-dist-1.3.9/repository/org.apache.httpcomponents/httpclient/4.0.1/jars/httpclient.jar, /Users/phanthavong/.ivy2/cache/commons-logging/commons-logging/jars/commons-logging-1.1.1.jar),List((public/,/Users/phanthavong/play-java/target/web/public/main)),List(/Users/phanthavong/.ivy2/cache/com.typesafe.play/play-omnidoc_2.11/jars/play-omnidoc_2.11-2.5.1.jar, /Users/phanthavong/.ivy2/cache/org.scala-lang/scala-library/jars/scala-library-2.11.7.jar, /Users/phanthavong/.ivy2/cache/com.typesafe.play/play-docs_2.11/jars/play-docs_2.11-2.5.1.jar, /Users/phanthavong/.ivy2/cache/com.typesafe.play/play-netty-server_2.11/jars/play-netty-server_2.11-2.5.1.jar, /Users/phanthavong/.ivy2/cache/com.typesafe.play/play-server_2.11/jars/play-server_2.11-2.5.1.jar, /Users/phanthavong/.ivy2/cache/com.typesafe.play/play_2.11/jars/play_2.11-2.5.1.jar, /Users/phanthavong/.ivy2/cache/com.typesafe.play/build-link/jars/build-link-2.5.1.jar, /Users/phanthavong/.ivy2/cache/com.typesafe.play/play-exceptions/jars/play-exceptions-2.5.1.jar, /Users/phanthavong/.ivy2/cache/com.typesafe.play/play-iteratees_2.11/jars/play-iteratees_2.11-2.5.1.jar, /Users/phanthavong/.ivy2/cache/org.scala-stm/scala-stm_2.11/jars/scala-stm_2.11-0.7.jar, /Users/phanthavong/Documents/PlayFramework/activator-dist-1.3.9/repository/com.typesafe/config/1.3.0/bundles/config.jar, /Users/phanthavong/.ivy2/cache/com.typesafe.play/play-json_2.11/jars/play-json_2.11-2.5.1.jar, /Users/phanthavong/.ivy2/cache/com.typesafe.play/play-functional_2.11/jars/play-functional_2.11-2.5.1.jar, /Users/phanthavong/.ivy2/cache/com.typesafe.play/play-datacommons_2.11/jars/play-datacommons_2.11-2.5.1.jar, /Users/phanthavong/Documents/PlayFramework/activator-dist-1.3.9/repository/joda-time/joda-time/2.9.2/jars/joda-time.jar, /Users/phanthavong/Documents/PlayFramework/activator-dist-1.3.9/repository/org.joda/joda-convert/1.8.1/jars/joda-convert.jar, /Users/phanthavong/.ivy2/cache/org.scala-lang/scala-reflect/jars/scala-reflect-2.11.7.jar, /Users/phanthavong/Documents/PlayFramework/activator-dist-1.3.9/repository/com.fasterxml.jackson.core/jackson-core/2.7.1/bundles/jackson-core.jar, /Users/phanthavong/Documents/PlayFramework/activator-dist-1.3.9/repository/com.fasterxml.jackson.core/jackson-annotations/2.7.1/bundles/jackson-annotations.jar, /Users/phanthavong/Documents/PlayFramework/activator-dist-1.3.9/repository/com.fasterxml.jackson.core/jackson-databind/2.7.1/bundles/jackson-databind.jar, /Users/phanthavong/Documents/PlayFramework/activator-dist-1.3.9/repository/com.fasterxml.jackson.datatype/jackson-datatype-jdk8/2.7.1/bundles/jackson-datatype-jdk8.jar, /Users/phanthavong/Documents/PlayFramework/activator-dist-1.3.9/repository/com.fasterxml.jackson.datatype/jackson-datatype-jsr310/2.7.1/bundles/jackson-datatype-jsr310.jar, /Users/phanthavong/.ivy2/cache/com.typesafe.play/play-netty-utils/jars/play-netty-utils-2.5.1.jar, /Users/phanthavong/Documents/PlayFramework/activator-dist-1.3.9/repository/org.slf4j/slf4j-api/1.7.16/jars/slf4j-api.jar, /Users/phanthavong/Documents/PlayFramework/activator-dist-1.3.9/repository/org.slf4j/jul-to-slf4j/1.7.16/jars/jul-to-slf4j.jar, /Users/phanthavong/Documents/PlayFramework/activator-dist-1.3.9/repository/org.slf4j/jcl-over-slf4j/1.7.16/jars/jcl-over-slf4j.jar, /Users/phanthavong/.ivy2/cache/com.typesafe.play/play-streams_2.11/jars/play-streams_2.11-2.5.1.jar, /Users/phanthavong/Documents/PlayFramework/activator-dist-1.3.9/repository/org.reactivestreams/reactive-streams/1.0.0/jars/reactive-streams.jar, /Users/phanthavong/Documents/PlayFramework/activator-dist-1.3.9/repository/com.typesafe.akka/akka-stream_2.11/2.4.2/jars/akka-stream_2.11.jar, /Users/phanthavong/Documents/PlayFramework/activator-dist-1.3.9/repository/com.typesafe.akka/akka-actor_2.11/2.4.2/jars/akka-actor_2.11.jar, /Users/phanthavong/Documents/PlayFramework/activator-dist-1.3.9/repository/org.scala-lang.modules/scala-java8-compat_2.11/0.7.0/bundles/scala-java8-compat_2.11.jar, /Users/phanthavong/Documents/PlayFramework/activator-dist-1.3.9/repository/com.typesafe/ssl-config-akka_2.11/0.1.3/bundles/ssl-config-akka_2.11.jar, /Users/phanthavong/Documents/PlayFramework/activator-dist-1.3.9/repository/com.typesafe/ssl-config-core_2.11/0.1.3/bundles/ssl-config-core_2.11.jar, /Users/phanthavong/.ivy2/cache/org.scala-lang.modules/scala-parser-combinators_2.11/bundles/scala-parser-combinators_2.11-1.0.4.jar, /Users/phanthavong/Documents/PlayFramework/activator-dist-1.3.9/repository/com.typesafe.play/twirl-api_2.11/1.1.1/jars/twirl-api_2.11.jar, /Users/phanthavong/Documents/PlayFramework/activator-dist-1.3.9/repository/org.apache.commons/commons-lang3/3.4/jars/commons-lang3.jar, /Users/phanthavong/.ivy2/cache/org.scala-lang.modules/scala-xml_2.11/bundles/scala-xml_2.11-1.0.1.jar, /Users/phanthavong/Documents/PlayFramework/activator-dist-1.3.9/repository/com.typesafe.akka/akka-slf4j_2.11/2.4.2/jars/akka-slf4j_2.11.jar, /Users/phanthavong/Documents/PlayFramework/activator-dist-1.3.9/repository/commons-codec/commons-codec/1.10/jars/commons-codec.jar, /Users/phanthavong/.ivy2/cache/xerces/xercesImpl/jars/xercesImpl-2.11.0.jar, /Users/phanthavong/.ivy2/cache/xml-apis/xml-apis/jars/xml-apis-1.4.01.jar, /Users/phanthavong/.ivy2/cache/javax.transaction/jta/jars/jta-1.1.jar, /Users/phanthavong/Documents/PlayFramework/activator-dist-1.3.9/repository/com.google.inject/guice/4.0/jars/guice.jar, /Users/phanthavong/Documents/PlayFramework/activator-dist-1.3.9/repository/javax.inject/javax.inject/1/jars/javax.inject.jar, /Users/phanthavong/Documents/PlayFramework/activator-dist-1.3.9/repository/aopalliance/aopalliance/1.0/jars/aopalliance.jar, /Users/phanthavong/.ivy2/cache/com.google.guava/guava/bundles/guava-16.0.1.jar, /Users/phanthavong/Documents/PlayFramework/activator-dist-1.3.9/repository/com.google.inject.extensions/guice-assistedinject/4.0/jars/guice-assistedinject.jar, /Users/phanthavong/.ivy2/cache/com.typesafe.netty/netty-reactive-streams-http/jars/netty-reactive-streams-http-1.0.5.jar, /Users/phanthavong/.ivy2/cache/com.typesafe.netty/netty-reactive-streams/jars/netty-reactive-streams-1.0.5.jar, /Users/phanthavong/Documents/PlayFramework/activator-dist-1.3.9/repository/io.netty/netty-handler/4.0.34.Final/jars/netty-handler.jar, /Users/phanthavong/Documents/PlayFramework/activator-dist-1.3.9/repository/io.netty/netty-buffer/4.0.34.Final/jars/netty-buffer.jar, /Users/phanthavong/Documents/PlayFramework/activator-dist-1.3.9/repository/io.netty/netty-common/4.0.34.Final/jars/netty-common.jar, /Users/phanthavong/Documents/PlayFramework/activator-dist-1.3.9/repository/io.netty/netty-transport/4.0.34.Final/jars/netty-transport.jar, /Users/phanthavong/Documents/PlayFramework/activator-dist-1.3.9/repository/io.netty/netty-codec/4.0.34.Final/jars/netty-codec.jar, /Users/phanthavong/Documents/PlayFramework/activator-dist-1.3.9/repository/io.netty/netty-codec-http/4.0.34.Final/jars/netty-codec-http.jar, /Users/phanthavong/.ivy2/cache/io.netty/netty-transport-native-epoll/jars/netty-transport-native-epoll-4.0.34.Final-linux-x86_64.jar, /Users/phanthavong/Documents/PlayFramework/activator-dist-1.3.9/repository/com.typesafe.play/play-doc_2.11/1.2.2/jars/play-doc_2.11.jar, /Users/phanthavong/Documents/PlayFramework/activator-dist-1.3.9/repository/org.pegdown/pegdown/1.4.0/jars/pegdown.jar, /Users/phanthavong/Documents/PlayFramework/activator-dist-1.3.9/repository/org.parboiled/parboiled-java/1.1.5/bundles/parboiled-java.jar, /Users/phanthavong/Documents/PlayFramework/activator-dist-1.3.9/repository/org.parboiled/parboiled-core/1.1.5/bundles/parboiled-core.jar, /Users/phanthavong/Documents/PlayFramework/activator-dist-1.3.9/repository/org.ow2.asm/asm/4.1/jars/asm.jar, /Users/phanthavong/Documents/PlayFramework/activator-dist-1.3.9/repository/org.ow2.asm/asm-tree/4.1/jars/asm-tree.jar, /Users/phanthavong/Documents/PlayFramework/activator-dist-1.3.9/repository/org.ow2.asm/asm-analysis/4.1/jars/asm-analysis.jar, /Users/phanthavong/Documents/PlayFramework/activator-dist-1.3.9/repository/org.ow2.asm/asm-util/4.1/jars/asm-util.jar, /Users/phanthavong/Documents/PlayFramework/activator-dist-1.3.9/repository/commons-io/commons-io/2.4/jars/commons-io.jar),Some(/Users/phanthavong/.ivy2/cache/com.typesafe.play/play-omnidoc_2.11/jars/play-omnidoc_2.11-2.5.1.jar),List(),9000,0.0.0.0,DefaultWatchService,List(/Users/phanthavong/play-java/public, /Users/phanthavong/play-java/conf, /Users/phanthavong/play-java/app),/Users/phanthavong/play-java/target,500,root/playForkNotifyStart,root/playForkReload,300000,play.core.server.DevServerStart))))
Sending msg to client play-fork-run-0d331219-2bfd-4120-9be0-1d1ab6e1fcc6: TaskStarted(13,1325,None)
Sending msg to client play-fork-run-0d331219-2bfd-4120-9be0-1d1ab6e1fcc6: TaskFinished(13,1325,None,true,None)
Sending msg to client play-fork-run-0d331219-2bfd-4120-9be0-1d1ab6e1fcc6: TaskStarted(13,1324,None)
Sending msg to client play-fork-run-0d331219-2bfd-4120-9be0-1d1ab6e1fcc6: TaskFinished(13,1324,None,true,None)
Sending msg to client play-fork-run-0d331219-2bfd-4120-9be0-1d1ab6e1fcc6: DetachedLogEvent(LogMessage(debug,cancel strategy finish enabled=false lastCommand=Some(LastCommand(CommandExecutionWork(ExecutionId(13),{file:/Users/phanthavong/play-java/}root/*:playForkConfig,Set(LiveClient(play-fork-run 0d331219-2bfd-4120-9be0-1d1ab6e1fcc6)),sbt.server.WorkCancellationStatus$$anon$1@75ca2e11)))))
Sending msg to client play-fork-run-0d331219-2bfd-4120-9be0-1d1ab6e1fcc6: DetachedLogEvent(LogSuccess(Total time: 0 s, completed 8 avr. 2016 11:08:26))
Sending msg to client play-fork-run-0d331219-2bfd-4120-9be0-1d1ab6e1fcc6: DetachedLogEvent(LogMessage(debug,> server-post-command-cleanup))
Sending msg to client play-fork-run-0d331219-2bfd-4120-9be0-1d1ab6e1fcc6: ExecutionSuccess(13)
Sending msg to client play-fork-run-0d331219-2bfd-4120-9be0-1d1ab6e1fcc6: DetachedLogEvent(LogMessage(debug,> server-handle-next-server-request))
Sending msg to client play-fork-run-0d331219-2bfd-4120-9be0-1d1ab6e1fcc6: BackgroundJobLogEvent(2,LogMessage(info,))
Sending msg to client play-fork-run-0d331219-2bfd-4120-9be0-1d1ab6e1fcc6: BackgroundJobLogEvent(2,LogMessage(info,[35m--- (Running the application, auto-reloading is enabled) ---[0m))
Sending msg to client play-fork-run-0d331219-2bfd-4120-9be0-1d1ab6e1fcc6: BackgroundJobLogEvent(2,LogMessage(info,))
Sending msg to client play-fork-run-0d331219-2bfd-4120-9be0-1d1ab6e1fcc6: BackgroundJobLogEvent(2,LogMessage(info,p.c.s.NettyServer - Listening for HTTP on /0:0:0:0:0:0:0:0:9000))
Sending msg to client play-fork-run-0d331219-2bfd-4120-9be0-1d1ab6e1fcc6: BackgroundJobLogEvent(2,LogMessage(info,))
Got request: ExecutionRequest(root/playForkNotifyStart http://localhost:9000)
Reading next message from client.
Sending msg to client play-fork-run-0d331219-2bfd-4120-9be0-1d1ab6e1fcc6: (8,ExecutionRequestReceived(14))
Sending msg to client play-fork-run-0d331219-2bfd-4120-9be0-1d1ab6e1fcc6: ExecutionWaiting(14,root/playForkNotifyStart http://localhost:9000,ClientInfo(0d331219-2bfd-4120-9be0-1d1ab6e1fcc6,play-fork-run,Play Fork Run,1,Vector()))
Sending msg to client play-fork-run-0d331219-2bfd-4120-9be0-1d1ab6e1fcc6: ExecutionStarting(14)
Sending msg to client play-fork-run-0d331219-2bfd-4120-9be0-1d1ab6e1fcc6: DetachedLogEvent(LogMessage(debug,> root/playForkNotifyStart http://localhost:9000))
Sending msg to client play-fork-run-0d331219-2bfd-4120-9be0-1d1ab6e1fcc6: BackgroundJobLogEvent(2,LogMessage(info,[32m(Server started, use Ctrl+D to stop and go back to the console...)[0m))
Sending msg to client play-fork-run-0d331219-2bfd-4120-9be0-1d1ab6e1fcc6: BackgroundJobLogEvent(2,LogMessage(info,))
Sending msg to client play-fork-run-0d331219-2bfd-4120-9be0-1d1ab6e1fcc6: DetachedLogEvent(LogMessage(debug,Evaluating tasks: *:playForkNotifyStart))
Sending msg to client play-fork-run-0d331219-2bfd-4120-9be0-1d1ab6e1fcc6: DetachedLogEvent(LogMessage(debug,Running task... Cancel: sbt.server.ServerTaskCancellation@4adb9955, check cycles: false))
Sending msg to client play-fork-run-0d331219-2bfd-4120-9be0-1d1ab6e1fcc6: DetachedLogEvent(LogMessage(debug,cancel strategy start enabled=true lastCommand=Some(LastCommand(CommandExecutionWork(ExecutionId(14),root/playForkNotifyStart http://localhost:9000,Set(LiveClient(play-fork-run 0d331219-2bfd-4120-9be0-1d1ab6e1fcc6)),sbt.server.WorkCancellationStatus$$anon$1@532a29c3)))))
Sending msg to client play-fork-run-0d331219-2bfd-4120-9be0-1d1ab6e1fcc6: TaskStarted(14,1404,Some(AttributeKey[sbt.SendEventService]("sendEventService") in Scope(Global)))
Sending msg to client play-fork-run-0d331219-2bfd-4120-9be0-1d1ab6e1fcc6: TaskFinished(14,1404,Some(AttributeKey[sbt.SendEventService]("sendEventService") in Scope(Global)),true,None)
Sending msg to client play-fork-run-0d331219-2bfd-4120-9be0-1d1ab6e1fcc6: TaskStarted(14,1403,Some(AttributeKey[scala.Function1[java.lang.String,void]]("playForkStarted") in Scope(Build: file:/Users/phanthavong/play-java/, , Project: ProjectReference(file:/Users/phanthavong/play-java/,root))))
Sending msg to client play-fork-run-0d331219-2bfd-4120-9be0-1d1ab6e1fcc6: TaskFinished(14,1403,Some(AttributeKey[scala.Function1[java.lang.String,void]]("playForkStarted") in Scope(Build: file:/Users/phanthavong/play-java/, , Project: ProjectReference(file:/Users/phanthavong/play-java/,root))),true,None)
Sending msg to client play-fork-run-0d331219-2bfd-4120-9be0-1d1ab6e1fcc6: TaskStarted(14,1402,Some(AttributeKey[void]("playForkNotifyStart") in Scope(Build: file:/Users/phanthavong/play-java/, , Project: ProjectReference(file:/Users/phanthavong/play-java/,root))))
Sending msg to client play-fork-run-0d331219-2bfd-4120-9be0-1d1ab6e1fcc6: TaskEvent(1402,LazyValue(PlayServerStarted(http://localhost:9000),play.forkrun.protocol.Serializers$PlayForkrunProtocolPlayServerStartedPickler1$2$@54ebeae2))
Sending msg to client play-fork-run-0d331219-2bfd-4120-9be0-1d1ab6e1fcc6: TaskFinished(14,1402,Some(AttributeKey[void]("playForkNotifyStart") in Scope(Build: file:/Users/phanthavong/play-java/, , Project: ProjectReference(file:/Users/phanthavong/play-java/,root))),true,None)
Sending msg to client play-fork-run-0d331219-2bfd-4120-9be0-1d1ab6e1fcc6: TaskStarted(14,1401,None)
Sending msg to client play-fork-run-0d331219-2bfd-4120-9be0-1d1ab6e1fcc6: TaskFinished(14,1401,None,true,None)
Sending msg to client play-fork-run-0d331219-2bfd-4120-9be0-1d1ab6e1fcc6: TaskStarted(14,1400,None)
Sending msg to client play-fork-run-0d331219-2bfd-4120-9be0-1d1ab6e1fcc6: TaskFinished(14,1400,None,true,None)
Sending msg to client play-fork-run-0d331219-2bfd-4120-9be0-1d1ab6e1fcc6: DetachedLogEvent(LogMessage(debug,cancel strategy finish enabled=false lastCommand=Some(LastCommand(CommandExecutionWork(ExecutionId(14),root/playForkNotifyStart http://localhost:9000,Set(LiveClient(play-fork-run 0d331219-2bfd-4120-9be0-1d1ab6e1fcc6)),sbt.server.WorkCancellationStatus$$anon$1@532a29c3)))))
Sending msg to client play-fork-run-0d331219-2bfd-4120-9be0-1d1ab6e1fcc6: DetachedLogEvent(LogSuccess(Total time: 0 s, completed 8 avr. 2016 11:08:28))
Sending msg to client play-fork-run-0d331219-2bfd-4120-9be0-1d1ab6e1fcc6: DetachedLogEvent(LogMessage(debug,> server-post-command-cleanup))
Sending msg to client play-fork-run-0d331219-2bfd-4120-9be0-1d1ab6e1fcc6: ExecutionSuccess(14)
Sending msg to client play-fork-run-0d331219-2bfd-4120-9be0-1d1ab6e1fcc6: DetachedLogEvent(LogMessage(debug,> server-handle-next-server-request))
