2016-05-11 20:04:59,621 [INFO] from play.core.server.NettyServer in play-fork-run-akka.actor.default-dispatcher-2 - Listening for HTTP on /0:0:0:0:0:0:0:0:9000
2016-05-11 20:07:12,877 [ERROR] from application in netty-event-loop-3 - 

! @703n15p3h - Internal server error, for (GET) [/] ->
 
play.forkrun.protocol.Serializers$playExceptionPickler$$anon$1: Compilation error[not found: value userName]
	at play.forkrun.protocol.Serializers$playExceptionPickler$.unpickle(Serializers.scala:159)
	at play.forkrun.protocol.Serializers$PlayRunsupportReloaderCompileFailureUnpickler$macro$56$2$.unpickle(Serializers.scala:175)
	at play.forkrun.protocol.Serializers$PlayRunsupportReloaderCompileResultUnpickler$macro$66$2$.unpickle(Serializers.scala:181)
	at scala.pickling.Unpickler$class.unpickleEntry(Pickler.scala:79)
	at play.forkrun.protocol.Serializers$PlayRunsupportReloaderCompileResultUnpickler$macro$66$2$.unpickleEntry(Serializers.scala:181)
	at scala.pickling.functions$.unpickle(functions.scala:11)
	at sbt.serialization.JsonValue$$anonfun$parse$1.apply(SerializedValue.scala:104)
	at scala.util.Try$.apply(Try.scala:192)
	at sbt.serialization.JsonValue.parse(SerializedValue.scala:104)
	at sbt.protocol.BuildValue.value(Values.scala:11)
	at sbt.protocol.TaskSuccess.resultWithCustomThrowable(Values.scala:65)
	at sbt.protocol.TaskResult$class.result(Values.scala:56)
	at sbt.protocol.TaskSuccess.result(Values.scala:62)
	at play.forkrun.ForkRun$$anonfun$reloading$1.applyOrElse(ForkRun.scala:198)
	at akka.actor.Actor$class.aroundReceive(Actor.scala:465)
	at play.forkrun.ForkRun.aroundReceive(ForkRun.scala:153)
	at akka.actor.ActorCell.receiveMessage(ActorCell.scala:516)
	at akka.actor.ActorCell.invoke(ActorCell.scala:487)
	at akka.dispatch.Mailbox.processMailbox(Mailbox.scala:254)
	at akka.dispatch.Mailbox.run(Mailbox.scala:221)
	at akka.dispatch.Mailbox.exec(Mailbox.scala:231)
	at scala.concurrent.forkjoin.ForkJoinTask.doExec(ForkJoinTask.java:260)
	at scala.concurrent.forkjoin.ForkJoinPool$WorkQueue.runTask(ForkJoinPool.java:1339)
	at scala.concurrent.forkjoin.ForkJoinPool.runWorker(ForkJoinPool.java:1979)
	at scala.concurrent.forkjoin.ForkJoinWorkerThread.run(ForkJoinWorkerThread.java:107)
2016-05-11 20:07:22,111 [ERROR] from application in netty-event-loop-3 - 

! @703n16cl9 - Internal server error, for (GET) [/] ->
 
play.forkrun.protocol.Serializers$playExceptionPickler$$anon$1: Compilation error[not found: value userName]
	at play.forkrun.protocol.Serializers$playExceptionPickler$.unpickle(Serializers.scala:159)
	at play.forkrun.protocol.Serializers$PlayRunsupportReloaderCompileFailureUnpickler$macro$56$2$.unpickle(Serializers.scala:175)
	at play.forkrun.protocol.Serializers$PlayRunsupportReloaderCompileResultUnpickler$macro$66$2$.unpickle(Serializers.scala:181)
	at scala.pickling.Unpickler$class.unpickleEntry(Pickler.scala:79)
	at play.forkrun.protocol.Serializers$PlayRunsupportReloaderCompileResultUnpickler$macro$66$2$.unpickleEntry(Serializers.scala:181)
	at scala.pickling.functions$.unpickle(functions.scala:11)
	at sbt.serialization.JsonValue$$anonfun$parse$1.apply(SerializedValue.scala:104)
	at scala.util.Try$.apply(Try.scala:192)
	at sbt.serialization.JsonValue.parse(SerializedValue.scala:104)
	at sbt.protocol.BuildValue.value(Values.scala:11)
	at sbt.protocol.TaskSuccess.resultWithCustomThrowable(Values.scala:65)
	at sbt.protocol.TaskResult$class.result(Values.scala:56)
	at sbt.protocol.TaskSuccess.result(Values.scala:62)
	at play.forkrun.ForkRun$$anonfun$reloading$1.applyOrElse(ForkRun.scala:198)
	at akka.actor.Actor$class.aroundReceive(Actor.scala:465)
	at play.forkrun.ForkRun.aroundReceive(ForkRun.scala:153)
	at akka.actor.ActorCell.receiveMessage(ActorCell.scala:516)
	at akka.actor.ActorCell.invoke(ActorCell.scala:487)
	at akka.dispatch.Mailbox.processMailbox(Mailbox.scala:254)
	at akka.dispatch.Mailbox.run(Mailbox.scala:221)
	at akka.dispatch.Mailbox.exec(Mailbox.scala:231)
	at scala.concurrent.forkjoin.ForkJoinTask.doExec(ForkJoinTask.java:260)
	at scala.concurrent.forkjoin.ForkJoinPool$WorkQueue.runTask(ForkJoinPool.java:1339)
	at scala.concurrent.forkjoin.ForkJoinPool.runWorker(ForkJoinPool.java:1979)
	at scala.concurrent.forkjoin.ForkJoinWorkerThread.run(ForkJoinWorkerThread.java:107)
2016-05-11 20:08:14,403 [ERROR] from application in netty-event-loop-3 - 

! @703n19c4e - Internal server error, for (GET) [/] ->
 
play.forkrun.protocol.Serializers$playExceptionPickler$$anon$1: Compilation error[not found: value test]
	at play.forkrun.protocol.Serializers$playExceptionPickler$.unpickle(Serializers.scala:159)
	at play.forkrun.protocol.Serializers$PlayRunsupportReloaderCompileFailureUnpickler$macro$56$2$.unpickle(Serializers.scala:175)
	at play.forkrun.protocol.Serializers$PlayRunsupportReloaderCompileResultUnpickler$macro$66$2$.unpickle(Serializers.scala:181)
	at scala.pickling.Unpickler$class.unpickleEntry(Pickler.scala:79)
	at play.forkrun.protocol.Serializers$PlayRunsupportReloaderCompileResultUnpickler$macro$66$2$.unpickleEntry(Serializers.scala:181)
	at scala.pickling.functions$.unpickle(functions.scala:11)
	at sbt.serialization.JsonValue$$anonfun$parse$1.apply(SerializedValue.scala:104)
	at scala.util.Try$.apply(Try.scala:192)
	at sbt.serialization.JsonValue.parse(SerializedValue.scala:104)
	at sbt.protocol.BuildValue.value(Values.scala:11)
	at sbt.protocol.TaskSuccess.resultWithCustomThrowable(Values.scala:65)
	at sbt.protocol.TaskResult$class.result(Values.scala:56)
	at sbt.protocol.TaskSuccess.result(Values.scala:62)
	at play.forkrun.ForkRun$$anonfun$reloading$1.applyOrElse(ForkRun.scala:198)
	at akka.actor.Actor$class.aroundReceive(Actor.scala:465)
	at play.forkrun.ForkRun.aroundReceive(ForkRun.scala:153)
	at akka.actor.ActorCell.receiveMessage(ActorCell.scala:516)
	at akka.actor.ActorCell.invoke(ActorCell.scala:487)
	at akka.dispatch.Mailbox.processMailbox(Mailbox.scala:254)
	at akka.dispatch.Mailbox.run(Mailbox.scala:221)
	at akka.dispatch.Mailbox.exec(Mailbox.scala:231)
	at scala.concurrent.forkjoin.ForkJoinTask.doExec(ForkJoinTask.java:260)
	at scala.concurrent.forkjoin.ForkJoinPool$WorkQueue.pollAndExecAll(ForkJoinPool.java:1253)
	at scala.concurrent.forkjoin.ForkJoinPool$WorkQueue.runTask(ForkJoinPool.java:1346)
	at scala.concurrent.forkjoin.ForkJoinPool.runWorker(ForkJoinPool.java:1979)
	at scala.concurrent.forkjoin.ForkJoinWorkerThread.run(ForkJoinWorkerThread.java:107)
2016-05-11 20:08:22,698 [ERROR] from application in netty-event-loop-3 - 

! @703n19obh - Internal server error, for (GET) [/] ->
 
play.forkrun.protocol.Serializers$playExceptionPickler$$anon$1: Compilation error[not found: value test]
	at play.forkrun.protocol.Serializers$playExceptionPickler$.unpickle(Serializers.scala:159)
	at play.forkrun.protocol.Serializers$PlayRunsupportReloaderCompileFailureUnpickler$macro$56$2$.unpickle(Serializers.scala:175)
	at play.forkrun.protocol.Serializers$PlayRunsupportReloaderCompileResultUnpickler$macro$66$2$.unpickle(Serializers.scala:181)
	at scala.pickling.Unpickler$class.unpickleEntry(Pickler.scala:79)
	at play.forkrun.protocol.Serializers$PlayRunsupportReloaderCompileResultUnpickler$macro$66$2$.unpickleEntry(Serializers.scala:181)
	at scala.pickling.functions$.unpickle(functions.scala:11)
	at sbt.serialization.JsonValue$$anonfun$parse$1.apply(SerializedValue.scala:104)
	at scala.util.Try$.apply(Try.scala:192)
	at sbt.serialization.JsonValue.parse(SerializedValue.scala:104)
	at sbt.protocol.BuildValue.value(Values.scala:11)
	at sbt.protocol.TaskSuccess.resultWithCustomThrowable(Values.scala:65)
	at sbt.protocol.TaskResult$class.result(Values.scala:56)
	at sbt.protocol.TaskSuccess.result(Values.scala:62)
	at play.forkrun.ForkRun$$anonfun$reloading$1.applyOrElse(ForkRun.scala:198)
	at akka.actor.Actor$class.aroundReceive(Actor.scala:465)
	at play.forkrun.ForkRun.aroundReceive(ForkRun.scala:153)
	at akka.actor.ActorCell.receiveMessage(ActorCell.scala:516)
	at akka.actor.ActorCell.invoke(ActorCell.scala:487)
	at akka.dispatch.Mailbox.processMailbox(Mailbox.scala:254)
	at akka.dispatch.Mailbox.run(Mailbox.scala:221)
	at akka.dispatch.Mailbox.exec(Mailbox.scala:231)
	at scala.concurrent.forkjoin.ForkJoinTask.doExec(ForkJoinTask.java:260)
	at scala.concurrent.forkjoin.ForkJoinPool$WorkQueue.runTask(ForkJoinPool.java:1339)
	at scala.concurrent.forkjoin.ForkJoinPool.runWorker(ForkJoinPool.java:1979)
	at scala.concurrent.forkjoin.ForkJoinWorkerThread.run(ForkJoinWorkerThread.java:107)
2016-05-11 20:12:20,268 [ERROR] from application in netty-event-loop-3 - 

! @703n1nbmp - Internal server error, for (GET) [/] ->
 
play.forkrun.protocol.Serializers$playExceptionPickler$$anon$1: Compilation error[not found: value userName]
	at play.forkrun.protocol.Serializers$playExceptionPickler$.unpickle(Serializers.scala:159)
	at play.forkrun.protocol.Serializers$PlayRunsupportReloaderCompileFailureUnpickler$macro$56$2$.unpickle(Serializers.scala:175)
	at play.forkrun.protocol.Serializers$PlayRunsupportReloaderCompileResultUnpickler$macro$66$2$.unpickle(Serializers.scala:181)
	at scala.pickling.Unpickler$class.unpickleEntry(Pickler.scala:79)
	at play.forkrun.protocol.Serializers$PlayRunsupportReloaderCompileResultUnpickler$macro$66$2$.unpickleEntry(Serializers.scala:181)
	at scala.pickling.functions$.unpickle(functions.scala:11)
	at sbt.serialization.JsonValue$$anonfun$parse$1.apply(SerializedValue.scala:104)
	at scala.util.Try$.apply(Try.scala:192)
	at sbt.serialization.JsonValue.parse(SerializedValue.scala:104)
	at sbt.protocol.BuildValue.value(Values.scala:11)
	at sbt.protocol.TaskSuccess.resultWithCustomThrowable(Values.scala:65)
	at sbt.protocol.TaskResult$class.result(Values.scala:56)
	at sbt.protocol.TaskSuccess.result(Values.scala:62)
	at play.forkrun.ForkRun$$anonfun$reloading$1.applyOrElse(ForkRun.scala:198)
	at akka.actor.Actor$class.aroundReceive(Actor.scala:465)
	at play.forkrun.ForkRun.aroundReceive(ForkRun.scala:153)
	at akka.actor.ActorCell.receiveMessage(ActorCell.scala:516)
	at akka.actor.ActorCell.invoke(ActorCell.scala:487)
	at akka.dispatch.Mailbox.processMailbox(Mailbox.scala:254)
	at akka.dispatch.Mailbox.run(Mailbox.scala:221)
	at akka.dispatch.Mailbox.exec(Mailbox.scala:231)
	at scala.concurrent.forkjoin.ForkJoinTask.doExec(ForkJoinTask.java:260)
	at scala.concurrent.forkjoin.ForkJoinPool$WorkQueue.pollAndExecAll(ForkJoinPool.java:1253)
	at scala.concurrent.forkjoin.ForkJoinPool$WorkQueue.runTask(ForkJoinPool.java:1346)
	at scala.concurrent.forkjoin.ForkJoinPool.runWorker(ForkJoinPool.java:1979)
	at scala.concurrent.forkjoin.ForkJoinWorkerThread.run(ForkJoinWorkerThread.java:107)
2016-05-11 20:12:24,186 [ERROR] from application in netty-event-loop-3 - 

! @703n1nhhh - Internal server error, for (GET) [/] ->
 
play.forkrun.protocol.Serializers$playExceptionPickler$$anon$1: Compilation error[not found: value userName]
	at play.forkrun.protocol.Serializers$playExceptionPickler$.unpickle(Serializers.scala:159)
	at play.forkrun.protocol.Serializers$PlayRunsupportReloaderCompileFailureUnpickler$macro$56$2$.unpickle(Serializers.scala:175)
	at play.forkrun.protocol.Serializers$PlayRunsupportReloaderCompileResultUnpickler$macro$66$2$.unpickle(Serializers.scala:181)
	at scala.pickling.Unpickler$class.unpickleEntry(Pickler.scala:79)
	at play.forkrun.protocol.Serializers$PlayRunsupportReloaderCompileResultUnpickler$macro$66$2$.unpickleEntry(Serializers.scala:181)
	at scala.pickling.functions$.unpickle(functions.scala:11)
	at sbt.serialization.JsonValue$$anonfun$parse$1.apply(SerializedValue.scala:104)
	at scala.util.Try$.apply(Try.scala:192)
	at sbt.serialization.JsonValue.parse(SerializedValue.scala:104)
	at sbt.protocol.BuildValue.value(Values.scala:11)
	at sbt.protocol.TaskSuccess.resultWithCustomThrowable(Values.scala:65)
	at sbt.protocol.TaskResult$class.result(Values.scala:56)
	at sbt.protocol.TaskSuccess.result(Values.scala:62)
	at play.forkrun.ForkRun$$anonfun$reloading$1.applyOrElse(ForkRun.scala:198)
	at akka.actor.Actor$class.aroundReceive(Actor.scala:465)
	at play.forkrun.ForkRun.aroundReceive(ForkRun.scala:153)
	at akka.actor.ActorCell.receiveMessage(ActorCell.scala:516)
	at akka.actor.ActorCell.invoke(ActorCell.scala:487)
	at akka.dispatch.Mailbox.processMailbox(Mailbox.scala:254)
	at akka.dispatch.Mailbox.run(Mailbox.scala:221)
	at akka.dispatch.Mailbox.exec(Mailbox.scala:231)
	at scala.concurrent.forkjoin.ForkJoinTask.doExec(ForkJoinTask.java:260)
	at scala.concurrent.forkjoin.ForkJoinPool$WorkQueue.pollAndExecAll(ForkJoinPool.java:1253)
	at scala.concurrent.forkjoin.ForkJoinPool$WorkQueue.runTask(ForkJoinPool.java:1346)
	at scala.concurrent.forkjoin.ForkJoinPool.runWorker(ForkJoinPool.java:1979)
	at scala.concurrent.forkjoin.ForkJoinWorkerThread.run(ForkJoinWorkerThread.java:107)
2016-05-11 20:12:30,290 [ERROR] from application in netty-event-loop-3 - 

! @703n1o0ib - Internal server error, for (GET) [/] ->
 
play.forkrun.protocol.Serializers$playExceptionPickler$$anon$1: Compilation error[not found: value userName]
	at play.forkrun.protocol.Serializers$playExceptionPickler$.unpickle(Serializers.scala:159)
	at play.forkrun.protocol.Serializers$PlayRunsupportReloaderCompileFailureUnpickler$macro$56$2$.unpickle(Serializers.scala:175)
	at play.forkrun.protocol.Serializers$PlayRunsupportReloaderCompileResultUnpickler$macro$66$2$.unpickle(Serializers.scala:181)
	at scala.pickling.Unpickler$class.unpickleEntry(Pickler.scala:79)
	at play.forkrun.protocol.Serializers$PlayRunsupportReloaderCompileResultUnpickler$macro$66$2$.unpickleEntry(Serializers.scala:181)
	at scala.pickling.functions$.unpickle(functions.scala:11)
	at sbt.serialization.JsonValue$$anonfun$parse$1.apply(SerializedValue.scala:104)
	at scala.util.Try$.apply(Try.scala:192)
	at sbt.serialization.JsonValue.parse(SerializedValue.scala:104)
	at sbt.protocol.BuildValue.value(Values.scala:11)
	at sbt.protocol.TaskSuccess.resultWithCustomThrowable(Values.scala:65)
	at sbt.protocol.TaskResult$class.result(Values.scala:56)
	at sbt.protocol.TaskSuccess.result(Values.scala:62)
	at play.forkrun.ForkRun$$anonfun$reloading$1.applyOrElse(ForkRun.scala:198)
	at akka.actor.Actor$class.aroundReceive(Actor.scala:465)
	at play.forkrun.ForkRun.aroundReceive(ForkRun.scala:153)
	at akka.actor.ActorCell.receiveMessage(ActorCell.scala:516)
	at akka.actor.ActorCell.invoke(ActorCell.scala:487)
	at akka.dispatch.Mailbox.processMailbox(Mailbox.scala:254)
	at akka.dispatch.Mailbox.run(Mailbox.scala:221)
	at akka.dispatch.Mailbox.exec(Mailbox.scala:231)
	at scala.concurrent.forkjoin.ForkJoinTask.doExec(ForkJoinTask.java:260)
	at scala.concurrent.forkjoin.ForkJoinPool$WorkQueue.runTask(ForkJoinPool.java:1339)
	at scala.concurrent.forkjoin.ForkJoinPool.runWorker(ForkJoinPool.java:1979)
	at scala.concurrent.forkjoin.ForkJoinWorkerThread.run(ForkJoinWorkerThread.java:107)
2016-05-11 20:12:38,462 [ERROR] from application in netty-event-loop-3 - 

! @703n1ockj - Internal server error, for (GET) [/] ->
 
play.forkrun.protocol.Serializers$playExceptionPickler$$anon$1: Compilation error[not found: value userName]
	at play.forkrun.protocol.Serializers$playExceptionPickler$.unpickle(Serializers.scala:159)
	at play.forkrun.protocol.Serializers$PlayRunsupportReloaderCompileFailureUnpickler$macro$56$2$.unpickle(Serializers.scala:175)
	at play.forkrun.protocol.Serializers$PlayRunsupportReloaderCompileResultUnpickler$macro$66$2$.unpickle(Serializers.scala:181)
	at scala.pickling.Unpickler$class.unpickleEntry(Pickler.scala:79)
	at play.forkrun.protocol.Serializers$PlayRunsupportReloaderCompileResultUnpickler$macro$66$2$.unpickleEntry(Serializers.scala:181)
	at scala.pickling.functions$.unpickle(functions.scala:11)
	at sbt.serialization.JsonValue$$anonfun$parse$1.apply(SerializedValue.scala:104)
	at scala.util.Try$.apply(Try.scala:192)
	at sbt.serialization.JsonValue.parse(SerializedValue.scala:104)
	at sbt.protocol.BuildValue.value(Values.scala:11)
	at sbt.protocol.TaskSuccess.resultWithCustomThrowable(Values.scala:65)
	at sbt.protocol.TaskResult$class.result(Values.scala:56)
	at sbt.protocol.TaskSuccess.result(Values.scala:62)
	at play.forkrun.ForkRun$$anonfun$reloading$1.applyOrElse(ForkRun.scala:198)
	at akka.actor.Actor$class.aroundReceive(Actor.scala:465)
	at play.forkrun.ForkRun.aroundReceive(ForkRun.scala:153)
	at akka.actor.ActorCell.receiveMessage(ActorCell.scala:516)
	at akka.actor.ActorCell.invoke(ActorCell.scala:487)
	at akka.dispatch.Mailbox.processMailbox(Mailbox.scala:254)
	at akka.dispatch.Mailbox.run(Mailbox.scala:221)
	at akka.dispatch.Mailbox.exec(Mailbox.scala:231)
	at scala.concurrent.forkjoin.ForkJoinTask.doExec(ForkJoinTask.java:260)
	at scala.concurrent.forkjoin.ForkJoinPool$WorkQueue.runTask(ForkJoinPool.java:1339)
	at scala.concurrent.forkjoin.ForkJoinPool.runWorker(ForkJoinPool.java:1979)
	at scala.concurrent.forkjoin.ForkJoinWorkerThread.run(ForkJoinWorkerThread.java:107)
2016-05-11 20:14:32,137 [ERROR] from application in netty-event-loop-3 - 

! @703n24oom - Internal server error, for (GET) [/] ->
 
play.forkrun.protocol.Serializers$playExceptionPickler$$anon$1: Compilation error[cannot find symbol
  symbol:   variable labels
  location: class controllers.AccueilController]
	at play.forkrun.protocol.Serializers$playExceptionPickler$.unpickle(Serializers.scala:159)
	at play.forkrun.protocol.Serializers$PlayRunsupportReloaderCompileFailureUnpickler$macro$56$2$.unpickle(Serializers.scala:175)
	at play.forkrun.protocol.Serializers$PlayRunsupportReloaderCompileResultUnpickler$macro$66$2$.unpickle(Serializers.scala:181)
	at scala.pickling.Unpickler$class.unpickleEntry(Pickler.scala:79)
	at play.forkrun.protocol.Serializers$PlayRunsupportReloaderCompileResultUnpickler$macro$66$2$.unpickleEntry(Serializers.scala:181)
	at scala.pickling.functions$.unpickle(functions.scala:11)
	at sbt.serialization.JsonValue$$anonfun$parse$1.apply(SerializedValue.scala:104)
	at scala.util.Try$.apply(Try.scala:192)
	at sbt.serialization.JsonValue.parse(SerializedValue.scala:104)
	at sbt.protocol.BuildValue.value(Values.scala:11)
	at sbt.protocol.TaskSuccess.resultWithCustomThrowable(Values.scala:65)
	at sbt.protocol.TaskResult$class.result(Values.scala:56)
	at sbt.protocol.TaskSuccess.result(Values.scala:62)
	at play.forkrun.ForkRun$$anonfun$reloading$1.applyOrElse(ForkRun.scala:198)
	at akka.actor.Actor$class.aroundReceive(Actor.scala:465)
	at play.forkrun.ForkRun.aroundReceive(ForkRun.scala:153)
	at akka.actor.ActorCell.receiveMessage(ActorCell.scala:516)
	at akka.actor.ActorCell.invoke(ActorCell.scala:487)
	at akka.dispatch.Mailbox.processMailbox(Mailbox.scala:254)
	at akka.dispatch.Mailbox.run(Mailbox.scala:221)
	at akka.dispatch.Mailbox.exec(Mailbox.scala:231)
	at scala.concurrent.forkjoin.ForkJoinTask.doExec(ForkJoinTask.java:260)
	at scala.concurrent.forkjoin.ForkJoinPool$WorkQueue.runTask(ForkJoinPool.java:1339)
	at scala.concurrent.forkjoin.ForkJoinPool.runWorker(ForkJoinPool.java:1979)
	at scala.concurrent.forkjoin.ForkJoinWorkerThread.run(ForkJoinWorkerThread.java:107)
2016-05-11 20:14:50,724 [ERROR] from application in netty-event-loop-3 - 

! @703n260bj - Internal server error, for (GET) [/] ->
 
play.forkrun.protocol.Serializers$playExceptionPickler$$anon$1: Compilation error[cannot find symbol
  symbol:   variable labels
  location: class controllers.AccueilController]
	at play.forkrun.protocol.Serializers$playExceptionPickler$.unpickle(Serializers.scala:159)
	at play.forkrun.protocol.Serializers$PlayRunsupportReloaderCompileFailureUnpickler$macro$56$2$.unpickle(Serializers.scala:175)
	at play.forkrun.protocol.Serializers$PlayRunsupportReloaderCompileResultUnpickler$macro$66$2$.unpickle(Serializers.scala:181)
	at scala.pickling.Unpickler$class.unpickleEntry(Pickler.scala:79)
	at play.forkrun.protocol.Serializers$PlayRunsupportReloaderCompileResultUnpickler$macro$66$2$.unpickleEntry(Serializers.scala:181)
	at scala.pickling.functions$.unpickle(functions.scala:11)
	at sbt.serialization.JsonValue$$anonfun$parse$1.apply(SerializedValue.scala:104)
	at scala.util.Try$.apply(Try.scala:192)
	at sbt.serialization.JsonValue.parse(SerializedValue.scala:104)
	at sbt.protocol.BuildValue.value(Values.scala:11)
	at sbt.protocol.TaskSuccess.resultWithCustomThrowable(Values.scala:65)
	at sbt.protocol.TaskResult$class.result(Values.scala:56)
	at sbt.protocol.TaskSuccess.result(Values.scala:62)
	at play.forkrun.ForkRun$$anonfun$reloading$1.applyOrElse(ForkRun.scala:198)
	at akka.actor.Actor$class.aroundReceive(Actor.scala:465)
	at play.forkrun.ForkRun.aroundReceive(ForkRun.scala:153)
	at akka.actor.ActorCell.receiveMessage(ActorCell.scala:516)
	at akka.actor.ActorCell.invoke(ActorCell.scala:487)
	at akka.dispatch.Mailbox.processMailbox(Mailbox.scala:254)
	at akka.dispatch.Mailbox.run(Mailbox.scala:221)
	at akka.dispatch.Mailbox.exec(Mailbox.scala:231)
	at scala.concurrent.forkjoin.ForkJoinTask.doExec(ForkJoinTask.java:260)
	at scala.concurrent.forkjoin.ForkJoinPool$WorkQueue.pollAndExecAll(ForkJoinPool.java:1253)
	at scala.concurrent.forkjoin.ForkJoinPool$WorkQueue.runTask(ForkJoinPool.java:1346)
	at scala.concurrent.forkjoin.ForkJoinPool.runWorker(ForkJoinPool.java:1979)
	at scala.concurrent.forkjoin.ForkJoinWorkerThread.run(ForkJoinWorkerThread.java:107)
2016-05-11 20:15:12,093 [ERROR] from application in netty-event-loop-3 - 

! @703n2761g - Internal server error, for (GET) [/] ->
 
play.forkrun.protocol.Serializers$playExceptionPickler$$anon$1: Compilation error[cannot find symbol
  symbol:   variable labels
  location: class controllers.AccueilController]
	at play.forkrun.protocol.Serializers$playExceptionPickler$.unpickle(Serializers.scala:159)
	at play.forkrun.protocol.Serializers$PlayRunsupportReloaderCompileFailureUnpickler$macro$56$2$.unpickle(Serializers.scala:175)
	at play.forkrun.protocol.Serializers$PlayRunsupportReloaderCompileResultUnpickler$macro$66$2$.unpickle(Serializers.scala:181)
	at scala.pickling.Unpickler$class.unpickleEntry(Pickler.scala:79)
	at play.forkrun.protocol.Serializers$PlayRunsupportReloaderCompileResultUnpickler$macro$66$2$.unpickleEntry(Serializers.scala:181)
	at scala.pickling.functions$.unpickle(functions.scala:11)
	at sbt.serialization.JsonValue$$anonfun$parse$1.apply(SerializedValue.scala:104)
	at scala.util.Try$.apply(Try.scala:192)
	at sbt.serialization.JsonValue.parse(SerializedValue.scala:104)
	at sbt.protocol.BuildValue.value(Values.scala:11)
	at sbt.protocol.TaskSuccess.resultWithCustomThrowable(Values.scala:65)
	at sbt.protocol.TaskResult$class.result(Values.scala:56)
	at sbt.protocol.TaskSuccess.result(Values.scala:62)
	at play.forkrun.ForkRun$$anonfun$reloading$1.applyOrElse(ForkRun.scala:198)
	at akka.actor.Actor$class.aroundReceive(Actor.scala:465)
	at play.forkrun.ForkRun.aroundReceive(ForkRun.scala:153)
	at akka.actor.ActorCell.receiveMessage(ActorCell.scala:516)
	at akka.actor.ActorCell.invoke(ActorCell.scala:487)
	at akka.dispatch.Mailbox.processMailbox(Mailbox.scala:254)
	at akka.dispatch.Mailbox.run(Mailbox.scala:221)
	at akka.dispatch.Mailbox.exec(Mailbox.scala:231)
	at scala.concurrent.forkjoin.ForkJoinTask.doExec(ForkJoinTask.java:260)
	at scala.concurrent.forkjoin.ForkJoinPool$WorkQueue.pollAndExecAll(ForkJoinPool.java:1253)
	at scala.concurrent.forkjoin.ForkJoinPool$WorkQueue.runTask(ForkJoinPool.java:1346)
	at scala.concurrent.forkjoin.ForkJoinPool.runWorker(ForkJoinPool.java:1979)
	at scala.concurrent.forkjoin.ForkJoinWorkerThread.run(ForkJoinWorkerThread.java:107)
2016-05-11 20:15:40,644 [ERROR] from application in netty-event-loop-3 - 

! @703n28m7j - Internal server error, for (GET) [/] ->
 
play.forkrun.protocol.Serializers$playExceptionPickler$$anon$1: Compilation error[<identifier> expected]
	at play.forkrun.protocol.Serializers$playExceptionPickler$.unpickle(Serializers.scala:159)
	at play.forkrun.protocol.Serializers$PlayRunsupportReloaderCompileFailureUnpickler$macro$56$2$.unpickle(Serializers.scala:175)
	at play.forkrun.protocol.Serializers$PlayRunsupportReloaderCompileResultUnpickler$macro$66$2$.unpickle(Serializers.scala:181)
	at scala.pickling.Unpickler$class.unpickleEntry(Pickler.scala:79)
	at play.forkrun.protocol.Serializers$PlayRunsupportReloaderCompileResultUnpickler$macro$66$2$.unpickleEntry(Serializers.scala:181)
	at scala.pickling.functions$.unpickle(functions.scala:11)
	at sbt.serialization.JsonValue$$anonfun$parse$1.apply(SerializedValue.scala:104)
	at scala.util.Try$.apply(Try.scala:192)
	at sbt.serialization.JsonValue.parse(SerializedValue.scala:104)
	at sbt.protocol.BuildValue.value(Values.scala:11)
	at sbt.protocol.TaskSuccess.resultWithCustomThrowable(Values.scala:65)
	at sbt.protocol.TaskResult$class.result(Values.scala:56)
	at sbt.protocol.TaskSuccess.result(Values.scala:62)
	at play.forkrun.ForkRun$$anonfun$reloading$1.applyOrElse(ForkRun.scala:198)
	at akka.actor.Actor$class.aroundReceive(Actor.scala:465)
	at play.forkrun.ForkRun.aroundReceive(ForkRun.scala:153)
	at akka.actor.ActorCell.receiveMessage(ActorCell.scala:516)
	at akka.actor.ActorCell.invoke(ActorCell.scala:487)
	at akka.dispatch.Mailbox.processMailbox(Mailbox.scala:254)
	at akka.dispatch.Mailbox.run(Mailbox.scala:221)
	at akka.dispatch.Mailbox.exec(Mailbox.scala:231)
	at scala.concurrent.forkjoin.ForkJoinTask.doExec(ForkJoinTask.java:260)
	at scala.concurrent.forkjoin.ForkJoinPool$WorkQueue.runTask(ForkJoinPool.java:1339)
	at scala.concurrent.forkjoin.ForkJoinPool.runWorker(ForkJoinPool.java:1979)
	at scala.concurrent.forkjoin.ForkJoinWorkerThread.run(ForkJoinWorkerThread.java:107)
2016-05-11 20:16:06,769 [ERROR] from application in netty-event-loop-3 - 

! @703n2a8oe - Internal server error, for (GET) [/] ->
 
play.forkrun.protocol.Serializers$playExceptionPickler$$anon$1: Compilation error[cannot find symbol
  symbol:   class Map
  location: class controllers.AccueilController]
	at play.forkrun.protocol.Serializers$playExceptionPickler$.unpickle(Serializers.scala:159)
	at play.forkrun.protocol.Serializers$PlayRunsupportReloaderCompileFailureUnpickler$macro$56$2$.unpickle(Serializers.scala:175)
	at play.forkrun.protocol.Serializers$PlayRunsupportReloaderCompileResultUnpickler$macro$66$2$.unpickle(Serializers.scala:181)
	at scala.pickling.Unpickler$class.unpickleEntry(Pickler.scala:79)
	at play.forkrun.protocol.Serializers$PlayRunsupportReloaderCompileResultUnpickler$macro$66$2$.unpickleEntry(Serializers.scala:181)
	at scala.pickling.functions$.unpickle(functions.scala:11)
	at sbt.serialization.JsonValue$$anonfun$parse$1.apply(SerializedValue.scala:104)
	at scala.util.Try$.apply(Try.scala:192)
	at sbt.serialization.JsonValue.parse(SerializedValue.scala:104)
	at sbt.protocol.BuildValue.value(Values.scala:11)
	at sbt.protocol.TaskSuccess.resultWithCustomThrowable(Values.scala:65)
	at sbt.protocol.TaskResult$class.result(Values.scala:56)
	at sbt.protocol.TaskSuccess.result(Values.scala:62)
	at play.forkrun.ForkRun$$anonfun$reloading$1.applyOrElse(ForkRun.scala:198)
	at akka.actor.Actor$class.aroundReceive(Actor.scala:465)
	at play.forkrun.ForkRun.aroundReceive(ForkRun.scala:153)
	at akka.actor.ActorCell.receiveMessage(ActorCell.scala:516)
	at akka.actor.ActorCell.invoke(ActorCell.scala:487)
	at akka.dispatch.Mailbox.processMailbox(Mailbox.scala:254)
	at akka.dispatch.Mailbox.run(Mailbox.scala:221)
	at akka.dispatch.Mailbox.exec(Mailbox.scala:231)
	at scala.concurrent.forkjoin.ForkJoinTask.doExec(ForkJoinTask.java:260)
	at scala.concurrent.forkjoin.ForkJoinPool$WorkQueue.pollAndExecAll(ForkJoinPool.java:1253)
	at scala.concurrent.forkjoin.ForkJoinPool$WorkQueue.runTask(ForkJoinPool.java:1346)
	at scala.concurrent.forkjoin.ForkJoinPool.runWorker(ForkJoinPool.java:1979)
	at scala.concurrent.forkjoin.ForkJoinWorkerThread.run(ForkJoinWorkerThread.java:107)
2016-05-11 20:17:50,224 [ERROR] from application in netty-event-loop-3 - 

! @703n2g5pf - Internal server error, for (GET) [/] ->
 
play.forkrun.protocol.Serializers$playExceptionPickler$$anon$1: Compilation error[method render in class views.html.accueil cannot be applied to given types;
  required: java.lang.String,java.lang.String
  found: java.util.Map<java.lang.String,java.lang.String>
  reason: actual and formal argument lists differ in length]
	at play.forkrun.protocol.Serializers$playExceptionPickler$.unpickle(Serializers.scala:159)
	at play.forkrun.protocol.Serializers$PlayRunsupportReloaderCompileFailureUnpickler$macro$56$2$.unpickle(Serializers.scala:175)
	at play.forkrun.protocol.Serializers$PlayRunsupportReloaderCompileResultUnpickler$macro$66$2$.unpickle(Serializers.scala:181)
	at scala.pickling.Unpickler$class.unpickleEntry(Pickler.scala:79)
	at play.forkrun.protocol.Serializers$PlayRunsupportReloaderCompileResultUnpickler$macro$66$2$.unpickleEntry(Serializers.scala:181)
	at scala.pickling.functions$.unpickle(functions.scala:11)
	at sbt.serialization.JsonValue$$anonfun$parse$1.apply(SerializedValue.scala:104)
	at scala.util.Try$.apply(Try.scala:192)
	at sbt.serialization.JsonValue.parse(SerializedValue.scala:104)
	at sbt.protocol.BuildValue.value(Values.scala:11)
	at sbt.protocol.TaskSuccess.resultWithCustomThrowable(Values.scala:65)
	at sbt.protocol.TaskResult$class.result(Values.scala:56)
	at sbt.protocol.TaskSuccess.result(Values.scala:62)
	at play.forkrun.ForkRun$$anonfun$reloading$1.applyOrElse(ForkRun.scala:198)
	at akka.actor.Actor$class.aroundReceive(Actor.scala:465)
	at play.forkrun.ForkRun.aroundReceive(ForkRun.scala:153)
	at akka.actor.ActorCell.receiveMessage(ActorCell.scala:516)
	at akka.actor.ActorCell.invoke(ActorCell.scala:487)
	at akka.dispatch.Mailbox.processMailbox(Mailbox.scala:254)
	at akka.dispatch.Mailbox.run(Mailbox.scala:221)
	at akka.dispatch.Mailbox.exec(Mailbox.scala:231)
	at scala.concurrent.forkjoin.ForkJoinTask.doExec(ForkJoinTask.java:260)
	at scala.concurrent.forkjoin.ForkJoinPool$WorkQueue.runTask(ForkJoinPool.java:1339)
	at scala.concurrent.forkjoin.ForkJoinPool.runWorker(ForkJoinPool.java:1979)
	at scala.concurrent.forkjoin.ForkJoinWorkerThread.run(ForkJoinWorkerThread.java:107)
2016-05-11 20:18:31,952 [ERROR] from application in netty-event-loop-3 - 

! @703n2ifid - Internal server error, for (GET) [/] ->
 
play.forkrun.protocol.Serializers$playExceptionPickler$$anon$1: Compilation error[cannot find symbol
  symbol:   class Map
  location: class controllers.AccueilController]
	at play.forkrun.protocol.Serializers$playExceptionPickler$.unpickle(Serializers.scala:159)
	at play.forkrun.protocol.Serializers$PlayRunsupportReloaderCompileFailureUnpickler$macro$56$2$.unpickle(Serializers.scala:175)
	at play.forkrun.protocol.Serializers$PlayRunsupportReloaderCompileResultUnpickler$macro$66$2$.unpickle(Serializers.scala:181)
	at scala.pickling.Unpickler$class.unpickleEntry(Pickler.scala:79)
	at play.forkrun.protocol.Serializers$PlayRunsupportReloaderCompileResultUnpickler$macro$66$2$.unpickleEntry(Serializers.scala:181)
	at scala.pickling.functions$.unpickle(functions.scala:11)
	at sbt.serialization.JsonValue$$anonfun$parse$1.apply(SerializedValue.scala:104)
	at scala.util.Try$.apply(Try.scala:192)
	at sbt.serialization.JsonValue.parse(SerializedValue.scala:104)
	at sbt.protocol.BuildValue.value(Values.scala:11)
	at sbt.protocol.TaskSuccess.resultWithCustomThrowable(Values.scala:65)
	at sbt.protocol.TaskResult$class.result(Values.scala:56)
	at sbt.protocol.TaskSuccess.result(Values.scala:62)
	at play.forkrun.ForkRun$$anonfun$reloading$1.applyOrElse(ForkRun.scala:198)
	at akka.actor.Actor$class.aroundReceive(Actor.scala:465)
	at play.forkrun.ForkRun.aroundReceive(ForkRun.scala:153)
	at akka.actor.ActorCell.receiveMessage(ActorCell.scala:516)
	at akka.actor.ActorCell.invoke(ActorCell.scala:487)
	at akka.dispatch.Mailbox.processMailbox(Mailbox.scala:254)
	at akka.dispatch.Mailbox.run(Mailbox.scala:221)
	at akka.dispatch.Mailbox.exec(Mailbox.scala:231)
	at scala.concurrent.forkjoin.ForkJoinTask.doExec(ForkJoinTask.java:260)
	at scala.concurrent.forkjoin.ForkJoinPool$WorkQueue.pollAndExecAll(ForkJoinPool.java:1253)
	at scala.concurrent.forkjoin.ForkJoinPool$WorkQueue.runTask(ForkJoinPool.java:1346)
	at scala.concurrent.forkjoin.ForkJoinPool.runWorker(ForkJoinPool.java:1979)
	at scala.concurrent.forkjoin.ForkJoinWorkerThread.run(ForkJoinWorkerThread.java:107)
2016-05-11 20:19:21,056 [INFO] from application in ForkJoinPool-1-worker-3 - ApplicationTimer demo: Starting application at 2016-05-11T18:19:21.055Z
2016-05-11 20:19:21,226 [INFO] from play.api.Play in ForkJoinPool-1-worker-3 - Application started (Dev)
2016-05-11 20:23:20,621 [INFO] from application in application-akka.actor.default-dispatcher-7 - ApplicationTimer demo: Stopping application at 2016-05-11T18:23:20.621Z after 239s.
2016-05-11 20:23:20,808 [INFO] from application in application-akka.actor.default-dispatcher-7 - ApplicationTimer demo: Starting application at 2016-05-11T18:23:20.808Z
2016-05-11 20:23:20,901 [INFO] from play.api.Play in application-akka.actor.default-dispatcher-7 - Application started (Dev)
2016-05-11 20:24:32,354 [INFO] from application in application-akka.actor.default-dispatcher-4 - ApplicationTimer demo: Stopping application at 2016-05-11T18:24:32.353Z after 72s.
2016-05-11 20:24:32,562 [INFO] from application in application-akka.actor.default-dispatcher-4 - ApplicationTimer demo: Starting application at 2016-05-11T18:24:32.562Z
2016-05-11 20:24:32,726 [INFO] from play.api.Play in application-akka.actor.default-dispatcher-4 - Application started (Dev)
2016-05-11 20:24:37,174 [INFO] from application in application-akka.actor.default-dispatcher-4 - ApplicationTimer demo: Stopping application at 2016-05-11T18:24:37.174Z after 5s.
2016-05-11 20:24:37,310 [INFO] from application in application-akka.actor.default-dispatcher-4 - ApplicationTimer demo: Starting application at 2016-05-11T18:24:37.310Z
2016-05-11 20:24:37,378 [INFO] from play.api.Play in application-akka.actor.default-dispatcher-4 - Application started (Dev)
2016-05-11 20:26:07,310 [INFO] from application in application-akka.actor.default-dispatcher-13 - ApplicationTimer demo: Stopping application at 2016-05-11T18:26:07.310Z after 90s.
2016-05-11 20:26:07,453 [INFO] from application in application-akka.actor.default-dispatcher-13 - ApplicationTimer demo: Starting application at 2016-05-11T18:26:07.452Z
2016-05-11 20:26:07,545 [INFO] from play.api.Play in application-akka.actor.default-dispatcher-13 - Application started (Dev)
2016-05-11 20:26:53,453 [INFO] from application in application-akka.actor.default-dispatcher-4 - ApplicationTimer demo: Stopping application at 2016-05-11T18:26:53.453Z after 46s.
2016-05-11 20:26:53,571 [INFO] from application in application-akka.actor.default-dispatcher-4 - ApplicationTimer demo: Starting application at 2016-05-11T18:26:53.571Z
2016-05-11 20:26:53,634 [INFO] from play.api.Play in application-akka.actor.default-dispatcher-4 - Application started (Dev)
2016-05-11 20:27:48,763 [ERROR] from application in netty-event-loop-2 - 

! @703n3o7a6 - Internal server error, for (GET) [/] ->
 
play.forkrun.protocol.Serializers$playExceptionPickler$$anon$1: Compilation error[value Accueil is not a member of object controllers.routes]
	at play.forkrun.protocol.Serializers$playExceptionPickler$.unpickle(Serializers.scala:159)
	at play.forkrun.protocol.Serializers$PlayRunsupportReloaderCompileFailureUnpickler$macro$56$2$.unpickle(Serializers.scala:175)
	at play.forkrun.protocol.Serializers$PlayRunsupportReloaderCompileResultUnpickler$macro$66$2$.unpickle(Serializers.scala:181)
	at scala.pickling.Unpickler$class.unpickleEntry(Pickler.scala:79)
	at play.forkrun.protocol.Serializers$PlayRunsupportReloaderCompileResultUnpickler$macro$66$2$.unpickleEntry(Serializers.scala:181)
	at scala.pickling.functions$.unpickle(functions.scala:11)
	at sbt.serialization.JsonValue$$anonfun$parse$1.apply(SerializedValue.scala:104)
	at scala.util.Try$.apply(Try.scala:192)
	at sbt.serialization.JsonValue.parse(SerializedValue.scala:104)
	at sbt.protocol.BuildValue.value(Values.scala:11)
	at sbt.protocol.TaskSuccess.resultWithCustomThrowable(Values.scala:65)
	at sbt.protocol.TaskResult$class.result(Values.scala:56)
	at sbt.protocol.TaskSuccess.result(Values.scala:62)
	at play.forkrun.ForkRun$$anonfun$reloading$1.applyOrElse(ForkRun.scala:198)
	at akka.actor.Actor$class.aroundReceive(Actor.scala:465)
	at play.forkrun.ForkRun.aroundReceive(ForkRun.scala:153)
	at akka.actor.ActorCell.receiveMessage(ActorCell.scala:516)
	at akka.actor.ActorCell.invoke(ActorCell.scala:487)
	at akka.dispatch.Mailbox.processMailbox(Mailbox.scala:254)
	at akka.dispatch.Mailbox.run(Mailbox.scala:221)
	at akka.dispatch.Mailbox.exec(Mailbox.scala:231)
	at scala.concurrent.forkjoin.ForkJoinTask.doExec(ForkJoinTask.java:260)
	at scala.concurrent.forkjoin.ForkJoinPool$WorkQueue.runTask(ForkJoinPool.java:1339)
	at scala.concurrent.forkjoin.ForkJoinPool.runWorker(ForkJoinPool.java:1979)
	at scala.concurrent.forkjoin.ForkJoinWorkerThread.run(ForkJoinWorkerThread.java:107)
2016-05-11 20:28:05,508 [ERROR] from application in netty-event-loop-2 - 

! @703n3p647 - Internal server error, for (GET) [/] ->
 
play.forkrun.protocol.Serializers$playExceptionPickler$$anon$1: Compilation error[value accueil is not a member of object controllers.routes]
	at play.forkrun.protocol.Serializers$playExceptionPickler$.unpickle(Serializers.scala:159)
	at play.forkrun.protocol.Serializers$PlayRunsupportReloaderCompileFailureUnpickler$macro$56$2$.unpickle(Serializers.scala:175)
	at play.forkrun.protocol.Serializers$PlayRunsupportReloaderCompileResultUnpickler$macro$66$2$.unpickle(Serializers.scala:181)
	at scala.pickling.Unpickler$class.unpickleEntry(Pickler.scala:79)
	at play.forkrun.protocol.Serializers$PlayRunsupportReloaderCompileResultUnpickler$macro$66$2$.unpickleEntry(Serializers.scala:181)
	at scala.pickling.functions$.unpickle(functions.scala:11)
	at sbt.serialization.JsonValue$$anonfun$parse$1.apply(SerializedValue.scala:104)
	at scala.util.Try$.apply(Try.scala:192)
	at sbt.serialization.JsonValue.parse(SerializedValue.scala:104)
	at sbt.protocol.BuildValue.value(Values.scala:11)
	at sbt.protocol.TaskSuccess.resultWithCustomThrowable(Values.scala:65)
	at sbt.protocol.TaskResult$class.result(Values.scala:56)
	at sbt.protocol.TaskSuccess.result(Values.scala:62)
	at play.forkrun.ForkRun$$anonfun$reloading$1.applyOrElse(ForkRun.scala:198)
	at akka.actor.Actor$class.aroundReceive(Actor.scala:465)
	at play.forkrun.ForkRun.aroundReceive(ForkRun.scala:153)
	at akka.actor.ActorCell.receiveMessage(ActorCell.scala:516)
	at akka.actor.ActorCell.invoke(ActorCell.scala:487)
	at akka.dispatch.Mailbox.processMailbox(Mailbox.scala:254)
	at akka.dispatch.Mailbox.run(Mailbox.scala:221)
	at akka.dispatch.Mailbox.exec(Mailbox.scala:231)
	at scala.concurrent.forkjoin.ForkJoinTask.doExec(ForkJoinTask.java:260)
	at scala.concurrent.forkjoin.ForkJoinPool$WorkQueue.pollAndExecAll(ForkJoinPool.java:1253)
	at scala.concurrent.forkjoin.ForkJoinPool$WorkQueue.runTask(ForkJoinPool.java:1346)
	at scala.concurrent.forkjoin.ForkJoinPool.runWorker(ForkJoinPool.java:1979)
	at scala.concurrent.forkjoin.ForkJoinWorkerThread.run(ForkJoinWorkerThread.java:107)
2016-05-11 20:31:21,334 [INFO] from application in application-akka.actor.default-dispatcher-6 - ApplicationTimer demo: Stopping application at 2016-05-11T18:31:21.334Z after 268s.
2016-05-11 20:31:21,439 [INFO] from application in application-akka.actor.default-dispatcher-6 - ApplicationTimer demo: Starting application at 2016-05-11T18:31:21.438Z
2016-05-11 20:31:21,504 [INFO] from play.api.Play in application-akka.actor.default-dispatcher-6 - Application started (Dev)
2016-05-11 20:32:17,207 [INFO] from application in application-akka.actor.default-dispatcher-10 - ApplicationTimer demo: Stopping application at 2016-05-11T18:32:17.207Z after 56s.
2016-05-11 20:32:17,309 [INFO] from application in application-akka.actor.default-dispatcher-10 - ApplicationTimer demo: Starting application at 2016-05-11T18:32:17.309Z
2016-05-11 20:32:17,397 [INFO] from play.api.Play in application-akka.actor.default-dispatcher-10 - Application started (Dev)
2016-05-11 20:33:08,809 [INFO] from application in application-akka.actor.default-dispatcher-4 - ApplicationTimer demo: Stopping application at 2016-05-11T18:33:08.809Z after 51s.
2016-05-11 20:33:08,895 [INFO] from application in application-akka.actor.default-dispatcher-4 - ApplicationTimer demo: Starting application at 2016-05-11T18:33:08.895Z
2016-05-11 20:33:08,959 [INFO] from play.api.Play in application-akka.actor.default-dispatcher-4 - Application started (Dev)
2016-05-11 20:33:42,425 [INFO] from application in application-akka.actor.default-dispatcher-3 - ApplicationTimer demo: Stopping application at 2016-05-11T18:33:42.425Z after 34s.
2016-05-11 20:33:42,508 [INFO] from application in application-akka.actor.default-dispatcher-3 - ApplicationTimer demo: Starting application at 2016-05-11T18:33:42.508Z
2016-05-11 20:33:42,565 [INFO] from play.api.Play in application-akka.actor.default-dispatcher-3 - Application started (Dev)
2016-05-11 20:34:44,880 [INFO] from application in application-akka.actor.default-dispatcher-3 - ApplicationTimer demo: Stopping application at 2016-05-11T18:34:44.880Z after 62s.
2016-05-11 20:34:44,963 [INFO] from application in application-akka.actor.default-dispatcher-3 - ApplicationTimer demo: Starting application at 2016-05-11T18:34:44.963Z
2016-05-11 20:34:45,038 [INFO] from play.api.Play in application-akka.actor.default-dispatcher-3 - Application started (Dev)
2016-05-11 20:35:49,585 [INFO] from application in application-akka.actor.default-dispatcher-9 - ApplicationTimer demo: Stopping application at 2016-05-11T18:35:49.585Z after 65s.
2016-05-11 20:35:49,669 [INFO] from application in application-akka.actor.default-dispatcher-9 - ApplicationTimer demo: Starting application at 2016-05-11T18:35:49.669Z
2016-05-11 20:35:49,736 [INFO] from play.api.Play in application-akka.actor.default-dispatcher-9 - Application started (Dev)
2016-05-11 20:36:08,255 [INFO] from application in application-akka.actor.default-dispatcher-10 - ApplicationTimer demo: Stopping application at 2016-05-11T18:36:08.255Z after 19s.
2016-05-11 20:36:08,337 [INFO] from application in application-akka.actor.default-dispatcher-10 - ApplicationTimer demo: Starting application at 2016-05-11T18:36:08.337Z
2016-05-11 20:36:08,397 [INFO] from play.api.Play in application-akka.actor.default-dispatcher-10 - Application started (Dev)
2016-05-11 20:36:46,438 [INFO] from application in application-akka.actor.default-dispatcher-2 - ApplicationTimer demo: Stopping application at 2016-05-11T18:36:46.438Z after 38s.
2016-05-11 20:36:46,518 [INFO] from application in application-akka.actor.default-dispatcher-2 - ApplicationTimer demo: Starting application at 2016-05-11T18:36:46.517Z
2016-05-11 20:36:46,571 [INFO] from play.api.Play in application-akka.actor.default-dispatcher-2 - Application started (Dev)
2016-05-11 20:37:34,543 [ERROR] from application in netty-event-loop-3 - 

! @703n55fo9 - Internal server error, for (GET) [/assets/stylesheets/bootstrap.min.css] ->
 
play.forkrun.protocol.Serializers$playExceptionPickler$$anon$1: Compilation error[not found: value test]
	at play.forkrun.protocol.Serializers$playExceptionPickler$.unpickle(Serializers.scala:159)
	at play.forkrun.protocol.Serializers$PlayRunsupportReloaderCompileFailureUnpickler$macro$56$2$.unpickle(Serializers.scala:175)
	at play.forkrun.protocol.Serializers$PlayRunsupportReloaderCompileResultUnpickler$macro$66$2$.unpickle(Serializers.scala:181)
	at scala.pickling.Unpickler$class.unpickleEntry(Pickler.scala:79)
	at play.forkrun.protocol.Serializers$PlayRunsupportReloaderCompileResultUnpickler$macro$66$2$.unpickleEntry(Serializers.scala:181)
	at scala.pickling.functions$.unpickle(functions.scala:11)
	at sbt.serialization.JsonValue$$anonfun$parse$1.apply(SerializedValue.scala:104)
	at scala.util.Try$.apply(Try.scala:192)
	at sbt.serialization.JsonValue.parse(SerializedValue.scala:104)
	at sbt.protocol.BuildValue.value(Values.scala:11)
	at sbt.protocol.TaskSuccess.resultWithCustomThrowable(Values.scala:65)
	at sbt.protocol.TaskResult$class.result(Values.scala:56)
	at sbt.protocol.TaskSuccess.result(Values.scala:62)
	at play.forkrun.ForkRun$$anonfun$reloading$1.applyOrElse(ForkRun.scala:198)
	at akka.actor.Actor$class.aroundReceive(Actor.scala:465)
	at play.forkrun.ForkRun.aroundReceive(ForkRun.scala:153)
	at akka.actor.ActorCell.receiveMessage(ActorCell.scala:516)
	at akka.actor.ActorCell.invoke(ActorCell.scala:487)
	at akka.dispatch.Mailbox.processMailbox(Mailbox.scala:254)
	at akka.dispatch.Mailbox.run(Mailbox.scala:221)
	at akka.dispatch.Mailbox.exec(Mailbox.scala:231)
	at scala.concurrent.forkjoin.ForkJoinTask.doExec(ForkJoinTask.java:260)
	at scala.concurrent.forkjoin.ForkJoinPool$WorkQueue.pollAndExecAll(ForkJoinPool.java:1253)
	at scala.concurrent.forkjoin.ForkJoinPool$WorkQueue.runTask(ForkJoinPool.java:1346)
	at scala.concurrent.forkjoin.ForkJoinPool.runWorker(ForkJoinPool.java:1979)
	at scala.concurrent.forkjoin.ForkJoinWorkerThread.run(ForkJoinWorkerThread.java:107)
2016-05-11 20:37:35,311 [ERROR] from application in netty-event-loop-6 - 

! @703n55h1m - Internal server error, for (GET) [/assets/javascripts/bootstrap.min.js] ->
 
play.forkrun.protocol.Serializers$playExceptionPickler$$anon$1: Compilation error[not found: value test]
	at play.forkrun.protocol.Serializers$playExceptionPickler$.unpickle(Serializers.scala:159)
	at play.forkrun.protocol.Serializers$PlayRunsupportReloaderCompileFailureUnpickler$macro$56$2$.unpickle(Serializers.scala:175)
	at play.forkrun.protocol.Serializers$PlayRunsupportReloaderCompileResultUnpickler$macro$66$2$.unpickle(Serializers.scala:181)
	at scala.pickling.Unpickler$class.unpickleEntry(Pickler.scala:79)
	at play.forkrun.protocol.Serializers$PlayRunsupportReloaderCompileResultUnpickler$macro$66$2$.unpickleEntry(Serializers.scala:181)
	at scala.pickling.functions$.unpickle(functions.scala:11)
	at sbt.serialization.JsonValue$$anonfun$parse$1.apply(SerializedValue.scala:104)
	at scala.util.Try$.apply(Try.scala:192)
	at sbt.serialization.JsonValue.parse(SerializedValue.scala:104)
	at sbt.protocol.BuildValue.value(Values.scala:11)
	at sbt.protocol.TaskSuccess.resultWithCustomThrowable(Values.scala:65)
	at sbt.protocol.TaskResult$class.result(Values.scala:56)
	at sbt.protocol.TaskSuccess.result(Values.scala:62)
	at play.forkrun.ForkRun$$anonfun$reloading$1.applyOrElse(ForkRun.scala:198)
	at akka.actor.Actor$class.aroundReceive(Actor.scala:465)
	at play.forkrun.ForkRun.aroundReceive(ForkRun.scala:153)
	at akka.actor.ActorCell.receiveMessage(ActorCell.scala:516)
	at akka.actor.ActorCell.invoke(ActorCell.scala:487)
	at akka.dispatch.Mailbox.processMailbox(Mailbox.scala:254)
	at akka.dispatch.Mailbox.run(Mailbox.scala:221)
	at akka.dispatch.Mailbox.exec(Mailbox.scala:231)
	at scala.concurrent.forkjoin.ForkJoinTask.doExec(ForkJoinTask.java:260)
	at scala.concurrent.forkjoin.ForkJoinPool$WorkQueue.runTask(ForkJoinPool.java:1339)
	at scala.concurrent.forkjoin.ForkJoinPool.runWorker(ForkJoinPool.java:1979)
	at scala.concurrent.forkjoin.ForkJoinWorkerThread.run(ForkJoinWorkerThread.java:107)
2016-05-11 20:37:36,028 [ERROR] from application in netty-event-loop-7 - 

! @703n55i3b - Internal server error, for (GET) [/assets/javascripts/jquery.js] ->
 
play.forkrun.protocol.Serializers$playExceptionPickler$$anon$1: Compilation error[not found: value test]
	at play.forkrun.protocol.Serializers$playExceptionPickler$.unpickle(Serializers.scala:159)
	at play.forkrun.protocol.Serializers$PlayRunsupportReloaderCompileFailureUnpickler$macro$56$2$.unpickle(Serializers.scala:175)
	at play.forkrun.protocol.Serializers$PlayRunsupportReloaderCompileResultUnpickler$macro$66$2$.unpickle(Serializers.scala:181)
	at scala.pickling.Unpickler$class.unpickleEntry(Pickler.scala:79)
	at play.forkrun.protocol.Serializers$PlayRunsupportReloaderCompileResultUnpickler$macro$66$2$.unpickleEntry(Serializers.scala:181)
	at scala.pickling.functions$.unpickle(functions.scala:11)
	at sbt.serialization.JsonValue$$anonfun$parse$1.apply(SerializedValue.scala:104)
	at scala.util.Try$.apply(Try.scala:192)
	at sbt.serialization.JsonValue.parse(SerializedValue.scala:104)
	at sbt.protocol.BuildValue.value(Values.scala:11)
	at sbt.protocol.TaskSuccess.resultWithCustomThrowable(Values.scala:65)
	at sbt.protocol.TaskResult$class.result(Values.scala:56)
	at sbt.protocol.TaskSuccess.result(Values.scala:62)
	at play.forkrun.ForkRun$$anonfun$reloading$1.applyOrElse(ForkRun.scala:198)
	at akka.actor.Actor$class.aroundReceive(Actor.scala:465)
	at play.forkrun.ForkRun.aroundReceive(ForkRun.scala:153)
	at akka.actor.ActorCell.receiveMessage(ActorCell.scala:516)
	at akka.actor.ActorCell.invoke(ActorCell.scala:487)
	at akka.dispatch.Mailbox.processMailbox(Mailbox.scala:254)
	at akka.dispatch.Mailbox.run(Mailbox.scala:221)
	at akka.dispatch.Mailbox.exec(Mailbox.scala:231)
	at scala.concurrent.forkjoin.ForkJoinTask.doExec(ForkJoinTask.java:260)
	at scala.concurrent.forkjoin.ForkJoinPool$WorkQueue.pollAndExecAll(ForkJoinPool.java:1253)
	at scala.concurrent.forkjoin.ForkJoinPool$WorkQueue.runTask(ForkJoinPool.java:1346)
	at scala.concurrent.forkjoin.ForkJoinPool.runWorker(ForkJoinPool.java:1979)
	at scala.concurrent.forkjoin.ForkJoinWorkerThread.run(ForkJoinWorkerThread.java:107)
2016-05-11 20:37:36,777 [ERROR] from application in netty-event-loop-4 - 

! @703n55j67 - Internal server error, for (GET) [/assets/font-awesome/css/font-awesome.min.css] ->
 
play.forkrun.protocol.Serializers$playExceptionPickler$$anon$1: Compilation error[not found: value test]
	at play.forkrun.protocol.Serializers$playExceptionPickler$.unpickle(Serializers.scala:159)
	at play.forkrun.protocol.Serializers$PlayRunsupportReloaderCompileFailureUnpickler$macro$56$2$.unpickle(Serializers.scala:175)
	at play.forkrun.protocol.Serializers$PlayRunsupportReloaderCompileResultUnpickler$macro$66$2$.unpickle(Serializers.scala:181)
	at scala.pickling.Unpickler$class.unpickleEntry(Pickler.scala:79)
	at play.forkrun.protocol.Serializers$PlayRunsupportReloaderCompileResultUnpickler$macro$66$2$.unpickleEntry(Serializers.scala:181)
	at scala.pickling.functions$.unpickle(functions.scala:11)
	at sbt.serialization.JsonValue$$anonfun$parse$1.apply(SerializedValue.scala:104)
	at scala.util.Try$.apply(Try.scala:192)
	at sbt.serialization.JsonValue.parse(SerializedValue.scala:104)
	at sbt.protocol.BuildValue.value(Values.scala:11)
	at sbt.protocol.TaskSuccess.resultWithCustomThrowable(Values.scala:65)
	at sbt.protocol.TaskResult$class.result(Values.scala:56)
	at sbt.protocol.TaskSuccess.result(Values.scala:62)
	at play.forkrun.ForkRun$$anonfun$reloading$1.applyOrElse(ForkRun.scala:198)
	at akka.actor.Actor$class.aroundReceive(Actor.scala:465)
	at play.forkrun.ForkRun.aroundReceive(ForkRun.scala:153)
	at akka.actor.ActorCell.receiveMessage(ActorCell.scala:516)
	at akka.actor.ActorCell.invoke(ActorCell.scala:487)
	at akka.dispatch.Mailbox.processMailbox(Mailbox.scala:254)
	at akka.dispatch.Mailbox.run(Mailbox.scala:221)
	at akka.dispatch.Mailbox.exec(Mailbox.scala:231)
	at scala.concurrent.forkjoin.ForkJoinTask.doExec(ForkJoinTask.java:260)
	at scala.concurrent.forkjoin.ForkJoinPool$WorkQueue.runTask(ForkJoinPool.java:1339)
	at scala.concurrent.forkjoin.ForkJoinPool.runWorker(ForkJoinPool.java:1979)
	at scala.concurrent.forkjoin.ForkJoinWorkerThread.run(ForkJoinWorkerThread.java:107)
2016-05-11 20:37:37,499 [ERROR] from application in netty-event-loop-2 - 

! @703n55k80 - Internal server error, for (GET) [/assets/stylesheets/morris.css] ->
 
play.forkrun.protocol.Serializers$playExceptionPickler$$anon$1: Compilation error[not found: value test]
	at play.forkrun.protocol.Serializers$playExceptionPickler$.unpickle(Serializers.scala:159)
	at play.forkrun.protocol.Serializers$PlayRunsupportReloaderCompileFailureUnpickler$macro$56$2$.unpickle(Serializers.scala:175)
	at play.forkrun.protocol.Serializers$PlayRunsupportReloaderCompileResultUnpickler$macro$66$2$.unpickle(Serializers.scala:181)
	at scala.pickling.Unpickler$class.unpickleEntry(Pickler.scala:79)
	at play.forkrun.protocol.Serializers$PlayRunsupportReloaderCompileResultUnpickler$macro$66$2$.unpickleEntry(Serializers.scala:181)
	at scala.pickling.functions$.unpickle(functions.scala:11)
	at sbt.serialization.JsonValue$$anonfun$parse$1.apply(SerializedValue.scala:104)
	at scala.util.Try$.apply(Try.scala:192)
	at sbt.serialization.JsonValue.parse(SerializedValue.scala:104)
	at sbt.protocol.BuildValue.value(Values.scala:11)
	at sbt.protocol.TaskSuccess.resultWithCustomThrowable(Values.scala:65)
	at sbt.protocol.TaskResult$class.result(Values.scala:56)
	at sbt.protocol.TaskSuccess.result(Values.scala:62)
	at play.forkrun.ForkRun$$anonfun$reloading$1.applyOrElse(ForkRun.scala:198)
	at akka.actor.Actor$class.aroundReceive(Actor.scala:465)
	at play.forkrun.ForkRun.aroundReceive(ForkRun.scala:153)
	at akka.actor.ActorCell.receiveMessage(ActorCell.scala:516)
	at akka.actor.ActorCell.invoke(ActorCell.scala:487)
	at akka.dispatch.Mailbox.processMailbox(Mailbox.scala:254)
	at akka.dispatch.Mailbox.run(Mailbox.scala:221)
	at akka.dispatch.Mailbox.exec(Mailbox.scala:231)
	at scala.concurrent.forkjoin.ForkJoinTask.doExec(ForkJoinTask.java:260)
	at scala.concurrent.forkjoin.ForkJoinPool$WorkQueue.runTask(ForkJoinPool.java:1339)
	at scala.concurrent.forkjoin.ForkJoinPool.runWorker(ForkJoinPool.java:1979)
	at scala.concurrent.forkjoin.ForkJoinWorkerThread.run(ForkJoinWorkerThread.java:107)
2016-05-11 20:37:38,307 [ERROR] from application in netty-event-loop-5 - 

! @703n55ld3 - Internal server error, for (GET) [/assets/stylesheets/sb-admin.css] ->
 
play.forkrun.protocol.Serializers$playExceptionPickler$$anon$1: Compilation error[not found: value test]
	at play.forkrun.protocol.Serializers$playExceptionPickler$.unpickle(Serializers.scala:159)
	at play.forkrun.protocol.Serializers$PlayRunsupportReloaderCompileFailureUnpickler$macro$56$2$.unpickle(Serializers.scala:175)
	at play.forkrun.protocol.Serializers$PlayRunsupportReloaderCompileResultUnpickler$macro$66$2$.unpickle(Serializers.scala:181)
	at scala.pickling.Unpickler$class.unpickleEntry(Pickler.scala:79)
	at play.forkrun.protocol.Serializers$PlayRunsupportReloaderCompileResultUnpickler$macro$66$2$.unpickleEntry(Serializers.scala:181)
	at scala.pickling.functions$.unpickle(functions.scala:11)
	at sbt.serialization.JsonValue$$anonfun$parse$1.apply(SerializedValue.scala:104)
	at scala.util.Try$.apply(Try.scala:192)
	at sbt.serialization.JsonValue.parse(SerializedValue.scala:104)
	at sbt.protocol.BuildValue.value(Values.scala:11)
	at sbt.protocol.TaskSuccess.resultWithCustomThrowable(Values.scala:65)
	at sbt.protocol.TaskResult$class.result(Values.scala:56)
	at sbt.protocol.TaskSuccess.result(Values.scala:62)
	at play.forkrun.ForkRun$$anonfun$reloading$1.applyOrElse(ForkRun.scala:198)
	at akka.actor.Actor$class.aroundReceive(Actor.scala:465)
	at play.forkrun.ForkRun.aroundReceive(ForkRun.scala:153)
	at akka.actor.ActorCell.receiveMessage(ActorCell.scala:516)
	at akka.actor.ActorCell.invoke(ActorCell.scala:487)
	at akka.dispatch.Mailbox.processMailbox(Mailbox.scala:254)
	at akka.dispatch.Mailbox.run(Mailbox.scala:221)
	at akka.dispatch.Mailbox.exec(Mailbox.scala:231)
	at scala.concurrent.forkjoin.ForkJoinTask.doExec(ForkJoinTask.java:260)
	at scala.concurrent.forkjoin.ForkJoinPool$WorkQueue.runTask(ForkJoinPool.java:1339)
	at scala.concurrent.forkjoin.ForkJoinPool.runWorker(ForkJoinPool.java:1979)
	at scala.concurrent.forkjoin.ForkJoinWorkerThread.run(ForkJoinWorkerThread.java:107)
2016-05-11 20:37:41,370 [ERROR] from application in netty-event-loop-5 - 

! @703n5600n - Internal server error, for (GET) [/] ->
 
play.forkrun.protocol.Serializers$playExceptionPickler$$anon$1: Compilation error[not found: value test]
	at play.forkrun.protocol.Serializers$playExceptionPickler$.unpickle(Serializers.scala:159)
	at play.forkrun.protocol.Serializers$PlayRunsupportReloaderCompileFailureUnpickler$macro$56$2$.unpickle(Serializers.scala:175)
	at play.forkrun.protocol.Serializers$PlayRunsupportReloaderCompileResultUnpickler$macro$66$2$.unpickle(Serializers.scala:181)
	at scala.pickling.Unpickler$class.unpickleEntry(Pickler.scala:79)
	at play.forkrun.protocol.Serializers$PlayRunsupportReloaderCompileResultUnpickler$macro$66$2$.unpickleEntry(Serializers.scala:181)
	at scala.pickling.functions$.unpickle(functions.scala:11)
	at sbt.serialization.JsonValue$$anonfun$parse$1.apply(SerializedValue.scala:104)
	at scala.util.Try$.apply(Try.scala:192)
	at sbt.serialization.JsonValue.parse(SerializedValue.scala:104)
	at sbt.protocol.BuildValue.value(Values.scala:11)
	at sbt.protocol.TaskSuccess.resultWithCustomThrowable(Values.scala:65)
	at sbt.protocol.TaskResult$class.result(Values.scala:56)
	at sbt.protocol.TaskSuccess.result(Values.scala:62)
	at play.forkrun.ForkRun$$anonfun$reloading$1.applyOrElse(ForkRun.scala:198)
	at akka.actor.Actor$class.aroundReceive(Actor.scala:465)
	at play.forkrun.ForkRun.aroundReceive(ForkRun.scala:153)
	at akka.actor.ActorCell.receiveMessage(ActorCell.scala:516)
	at akka.actor.ActorCell.invoke(ActorCell.scala:487)
	at akka.dispatch.Mailbox.processMailbox(Mailbox.scala:254)
	at akka.dispatch.Mailbox.run(Mailbox.scala:221)
	at akka.dispatch.Mailbox.exec(Mailbox.scala:231)
	at scala.concurrent.forkjoin.ForkJoinTask.doExec(ForkJoinTask.java:260)
	at scala.concurrent.forkjoin.ForkJoinPool$WorkQueue.runTask(ForkJoinPool.java:1339)
	at scala.concurrent.forkjoin.ForkJoinPool.runWorker(ForkJoinPool.java:1979)
	at scala.concurrent.forkjoin.ForkJoinWorkerThread.run(ForkJoinWorkerThread.java:107)
2016-05-11 20:38:45,699 [ERROR] from application in netty-event-loop-5 - 

! @703n59h51 - Internal server error, for (GET) [/] ->
 
play.forkrun.protocol.Serializers$playExceptionPickler$$anon$1: Compilation error[not found: value userName]
	at play.forkrun.protocol.Serializers$playExceptionPickler$.unpickle(Serializers.scala:159)
	at play.forkrun.protocol.Serializers$PlayRunsupportReloaderCompileFailureUnpickler$macro$56$2$.unpickle(Serializers.scala:175)
	at play.forkrun.protocol.Serializers$PlayRunsupportReloaderCompileResultUnpickler$macro$66$2$.unpickle(Serializers.scala:181)
	at scala.pickling.Unpickler$class.unpickleEntry(Pickler.scala:79)
	at play.forkrun.protocol.Serializers$PlayRunsupportReloaderCompileResultUnpickler$macro$66$2$.unpickleEntry(Serializers.scala:181)
	at scala.pickling.functions$.unpickle(functions.scala:11)
	at sbt.serialization.JsonValue$$anonfun$parse$1.apply(SerializedValue.scala:104)
	at scala.util.Try$.apply(Try.scala:192)
	at sbt.serialization.JsonValue.parse(SerializedValue.scala:104)
	at sbt.protocol.BuildValue.value(Values.scala:11)
	at sbt.protocol.TaskSuccess.resultWithCustomThrowable(Values.scala:65)
	at sbt.protocol.TaskResult$class.result(Values.scala:56)
	at sbt.protocol.TaskSuccess.result(Values.scala:62)
	at play.forkrun.ForkRun$$anonfun$reloading$1.applyOrElse(ForkRun.scala:198)
	at akka.actor.Actor$class.aroundReceive(Actor.scala:465)
	at play.forkrun.ForkRun.aroundReceive(ForkRun.scala:153)
	at akka.actor.ActorCell.receiveMessage(ActorCell.scala:516)
	at akka.actor.ActorCell.invoke(ActorCell.scala:487)
	at akka.dispatch.Mailbox.processMailbox(Mailbox.scala:254)
	at akka.dispatch.Mailbox.run(Mailbox.scala:221)
	at akka.dispatch.Mailbox.exec(Mailbox.scala:231)
	at scala.concurrent.forkjoin.ForkJoinTask.doExec(ForkJoinTask.java:260)
	at scala.concurrent.forkjoin.ForkJoinPool$WorkQueue.pollAndExecAll(ForkJoinPool.java:1253)
	at scala.concurrent.forkjoin.ForkJoinPool$WorkQueue.runTask(ForkJoinPool.java:1346)
	at scala.concurrent.forkjoin.ForkJoinPool.runWorker(ForkJoinPool.java:1979)
	at scala.concurrent.forkjoin.ForkJoinWorkerThread.run(ForkJoinWorkerThread.java:107)
2016-05-11 20:38:50,497 [ERROR] from application in netty-event-loop-5 - 

! @703n59o7h - Internal server error, for (GET) [/] ->
 
play.forkrun.protocol.Serializers$playExceptionPickler$$anon$1: Compilation error[not found: value userName]
	at play.forkrun.protocol.Serializers$playExceptionPickler$.unpickle(Serializers.scala:159)
	at play.forkrun.protocol.Serializers$PlayRunsupportReloaderCompileFailureUnpickler$macro$56$2$.unpickle(Serializers.scala:175)
	at play.forkrun.protocol.Serializers$PlayRunsupportReloaderCompileResultUnpickler$macro$66$2$.unpickle(Serializers.scala:181)
	at scala.pickling.Unpickler$class.unpickleEntry(Pickler.scala:79)
	at play.forkrun.protocol.Serializers$PlayRunsupportReloaderCompileResultUnpickler$macro$66$2$.unpickleEntry(Serializers.scala:181)
	at scala.pickling.functions$.unpickle(functions.scala:11)
	at sbt.serialization.JsonValue$$anonfun$parse$1.apply(SerializedValue.scala:104)
	at scala.util.Try$.apply(Try.scala:192)
	at sbt.serialization.JsonValue.parse(SerializedValue.scala:104)
	at sbt.protocol.BuildValue.value(Values.scala:11)
	at sbt.protocol.TaskSuccess.resultWithCustomThrowable(Values.scala:65)
	at sbt.protocol.TaskResult$class.result(Values.scala:56)
	at sbt.protocol.TaskSuccess.result(Values.scala:62)
	at play.forkrun.ForkRun$$anonfun$reloading$1.applyOrElse(ForkRun.scala:198)
	at akka.actor.Actor$class.aroundReceive(Actor.scala:465)
	at play.forkrun.ForkRun.aroundReceive(ForkRun.scala:153)
	at akka.actor.ActorCell.receiveMessage(ActorCell.scala:516)
	at akka.actor.ActorCell.invoke(ActorCell.scala:487)
	at akka.dispatch.Mailbox.processMailbox(Mailbox.scala:254)
	at akka.dispatch.Mailbox.run(Mailbox.scala:221)
	at akka.dispatch.Mailbox.exec(Mailbox.scala:231)
	at scala.concurrent.forkjoin.ForkJoinTask.doExec(ForkJoinTask.java:260)
	at scala.concurrent.forkjoin.ForkJoinPool$WorkQueue.pollAndExecAll(ForkJoinPool.java:1253)
	at scala.concurrent.forkjoin.ForkJoinPool$WorkQueue.runTask(ForkJoinPool.java:1346)
	at scala.concurrent.forkjoin.ForkJoinPool.runWorker(ForkJoinPool.java:1979)
	at scala.concurrent.forkjoin.ForkJoinWorkerThread.run(ForkJoinWorkerThread.java:107)
2016-05-11 20:38:59,040 [ERROR] from application in netty-event-loop-5 - 

! @703n5aao6 - Internal server error, for (GET) [/] ->
 
play.forkrun.protocol.Serializers$playExceptionPickler$$anon$1: Compilation error[not found: value userName]
	at play.forkrun.protocol.Serializers$playExceptionPickler$.unpickle(Serializers.scala:159)
	at play.forkrun.protocol.Serializers$PlayRunsupportReloaderCompileFailureUnpickler$macro$56$2$.unpickle(Serializers.scala:175)
	at play.forkrun.protocol.Serializers$PlayRunsupportReloaderCompileResultUnpickler$macro$66$2$.unpickle(Serializers.scala:181)
	at scala.pickling.Unpickler$class.unpickleEntry(Pickler.scala:79)
	at play.forkrun.protocol.Serializers$PlayRunsupportReloaderCompileResultUnpickler$macro$66$2$.unpickleEntry(Serializers.scala:181)
	at scala.pickling.functions$.unpickle(functions.scala:11)
	at sbt.serialization.JsonValue$$anonfun$parse$1.apply(SerializedValue.scala:104)
	at scala.util.Try$.apply(Try.scala:192)
	at sbt.serialization.JsonValue.parse(SerializedValue.scala:104)
	at sbt.protocol.BuildValue.value(Values.scala:11)
	at sbt.protocol.TaskSuccess.resultWithCustomThrowable(Values.scala:65)
	at sbt.protocol.TaskResult$class.result(Values.scala:56)
	at sbt.protocol.TaskSuccess.result(Values.scala:62)
	at play.forkrun.ForkRun$$anonfun$reloading$1.applyOrElse(ForkRun.scala:198)
	at akka.actor.Actor$class.aroundReceive(Actor.scala:465)
	at play.forkrun.ForkRun.aroundReceive(ForkRun.scala:153)
	at akka.actor.ActorCell.receiveMessage(ActorCell.scala:516)
	at akka.actor.ActorCell.invoke(ActorCell.scala:487)
	at akka.dispatch.Mailbox.processMailbox(Mailbox.scala:254)
	at akka.dispatch.Mailbox.run(Mailbox.scala:221)
	at akka.dispatch.Mailbox.exec(Mailbox.scala:231)
	at scala.concurrent.forkjoin.ForkJoinTask.doExec(ForkJoinTask.java:260)
	at scala.concurrent.forkjoin.ForkJoinPool$WorkQueue.runTask(ForkJoinPool.java:1339)
	at scala.concurrent.forkjoin.ForkJoinPool.runWorker(ForkJoinPool.java:1979)
	at scala.concurrent.forkjoin.ForkJoinWorkerThread.run(ForkJoinWorkerThread.java:107)
2016-05-11 20:44:24,595 [ERROR] from application in netty-event-loop-8 - 

! @703n62ode - Internal server error, for (GET) [/] ->
 
play.forkrun.protocol.Serializers$playExceptionPickler$$anon$1: Compilation error[not found: value userName]
	at play.forkrun.protocol.Serializers$playExceptionPickler$.unpickle(Serializers.scala:159)
	at play.forkrun.protocol.Serializers$PlayRunsupportReloaderCompileFailureUnpickler$macro$56$2$.unpickle(Serializers.scala:175)
	at play.forkrun.protocol.Serializers$PlayRunsupportReloaderCompileResultUnpickler$macro$66$2$.unpickle(Serializers.scala:181)
	at scala.pickling.Unpickler$class.unpickleEntry(Pickler.scala:79)
	at play.forkrun.protocol.Serializers$PlayRunsupportReloaderCompileResultUnpickler$macro$66$2$.unpickleEntry(Serializers.scala:181)
	at scala.pickling.functions$.unpickle(functions.scala:11)
	at sbt.serialization.JsonValue$$anonfun$parse$1.apply(SerializedValue.scala:104)
	at scala.util.Try$.apply(Try.scala:192)
	at sbt.serialization.JsonValue.parse(SerializedValue.scala:104)
	at sbt.protocol.BuildValue.value(Values.scala:11)
	at sbt.protocol.TaskSuccess.resultWithCustomThrowable(Values.scala:65)
	at sbt.protocol.TaskResult$class.result(Values.scala:56)
	at sbt.protocol.TaskSuccess.result(Values.scala:62)
	at play.forkrun.ForkRun$$anonfun$reloading$1.applyOrElse(ForkRun.scala:198)
	at akka.actor.Actor$class.aroundReceive(Actor.scala:465)
	at play.forkrun.ForkRun.aroundReceive(ForkRun.scala:153)
	at akka.actor.ActorCell.receiveMessage(ActorCell.scala:516)
	at akka.actor.ActorCell.invoke(ActorCell.scala:487)
	at akka.dispatch.Mailbox.processMailbox(Mailbox.scala:254)
	at akka.dispatch.Mailbox.run(Mailbox.scala:221)
	at akka.dispatch.Mailbox.exec(Mailbox.scala:231)
	at scala.concurrent.forkjoin.ForkJoinTask.doExec(ForkJoinTask.java:260)
	at scala.concurrent.forkjoin.ForkJoinPool$WorkQueue.runTask(ForkJoinPool.java:1339)
	at scala.concurrent.forkjoin.ForkJoinPool.runWorker(ForkJoinPool.java:1979)
	at scala.concurrent.forkjoin.ForkJoinWorkerThread.run(ForkJoinWorkerThread.java:107)
2016-05-11 20:44:45,565 [INFO] from application in application-akka.actor.default-dispatcher-10 - ApplicationTimer demo: Stopping application at 2016-05-11T18:44:45.565Z after 479s.
2016-05-11 20:44:45,636 [INFO] from application in application-akka.actor.default-dispatcher-10 - ApplicationTimer demo: Starting application at 2016-05-11T18:44:45.636Z
2016-05-11 20:44:45,672 [INFO] from play.api.Play in application-akka.actor.default-dispatcher-10 - Application started (Dev)
2016-05-11 20:49:12,236 [INFO] from application in application-akka.actor.default-dispatcher-7 - ApplicationTimer demo: Stopping application at 2016-05-11T18:49:12.235Z after 267s.
2016-05-11 20:49:12,398 [INFO] from application in application-akka.actor.default-dispatcher-7 - ApplicationTimer demo: Starting application at 2016-05-11T18:49:12.398Z
2016-05-11 20:49:12,443 [INFO] from play.api.Play in application-akka.actor.default-dispatcher-7 - Application started (Dev)
2016-05-11 20:49:33,376 [INFO] from application in application-akka.actor.default-dispatcher-5 - ApplicationTimer demo: Stopping application at 2016-05-11T18:49:33.376Z after 21s.
2016-05-11 20:49:33,443 [INFO] from application in application-akka.actor.default-dispatcher-5 - ApplicationTimer demo: Starting application at 2016-05-11T18:49:33.443Z
2016-05-11 20:49:33,498 [INFO] from play.api.Play in application-akka.actor.default-dispatcher-5 - Application started (Dev)
2016-05-11 20:49:50,697 [INFO] from application in application-akka.actor.default-dispatcher-3 - ApplicationTimer demo: Stopping application at 2016-05-11T18:49:50.697Z after 17s.
2016-05-11 20:49:50,794 [INFO] from application in application-akka.actor.default-dispatcher-3 - ApplicationTimer demo: Starting application at 2016-05-11T18:49:50.794Z
2016-05-11 20:49:50,844 [INFO] from play.api.Play in application-akka.actor.default-dispatcher-3 - Application started (Dev)
2016-05-11 21:16:32,360 [INFO] from application in application-akka.actor.default-dispatcher-4 - ApplicationTimer demo: Stopping application at 2016-05-11T19:16:32.359Z after 1602s.
2016-05-11 21:16:32,407 [INFO] from application in application-akka.actor.default-dispatcher-4 - ApplicationTimer demo: Starting application at 2016-05-11T19:16:32.407Z
2016-05-11 21:16:32,446 [INFO] from play.api.Play in application-akka.actor.default-dispatcher-4 - Application started (Dev)
2016-05-11 21:18:37,015 [INFO] from application in application-akka.actor.default-dispatcher-3 - ApplicationTimer demo: Stopping application at 2016-05-11T19:18:37.015Z after 125s.
2016-05-11 21:18:37,065 [INFO] from application in application-akka.actor.default-dispatcher-3 - ApplicationTimer demo: Starting application at 2016-05-11T19:18:37.065Z
2016-05-11 21:18:37,101 [INFO] from play.api.Play in application-akka.actor.default-dispatcher-3 - Application started (Dev)
2016-05-11 21:18:56,683 [INFO] from application in application-akka.actor.default-dispatcher-9 - ApplicationTimer demo: Stopping application at 2016-05-11T19:18:56.683Z after 19s.
2016-05-11 21:18:56,736 [INFO] from application in application-akka.actor.default-dispatcher-9 - ApplicationTimer demo: Starting application at 2016-05-11T19:18:56.736Z
2016-05-11 21:18:56,769 [INFO] from play.api.Play in application-akka.actor.default-dispatcher-9 - Application started (Dev)
2016-05-11 21:19:07,254 [INFO] from application in application-akka.actor.default-dispatcher-6 - ApplicationTimer demo: Stopping application at 2016-05-11T19:19:07.254Z after 11s.
2016-05-11 21:19:07,326 [INFO] from application in application-akka.actor.default-dispatcher-6 - ApplicationTimer demo: Starting application at 2016-05-11T19:19:07.326Z
2016-05-11 21:19:07,378 [INFO] from play.api.Play in application-akka.actor.default-dispatcher-6 - Application started (Dev)
2016-05-11 21:19:28,339 [INFO] from application in application-akka.actor.default-dispatcher-8 - ApplicationTimer demo: Stopping application at 2016-05-11T19:19:28.339Z after 21s.
2016-05-11 21:19:28,412 [INFO] from application in application-akka.actor.default-dispatcher-8 - ApplicationTimer demo: Starting application at 2016-05-11T19:19:28.412Z
2016-05-11 21:19:28,444 [INFO] from play.api.Play in application-akka.actor.default-dispatcher-8 - Application started (Dev)
2016-05-11 21:19:38,892 [INFO] from application in application-akka.actor.default-dispatcher-7 - ApplicationTimer demo: Stopping application at 2016-05-11T19:19:38.891Z after 10s.
2016-05-11 21:19:38,941 [INFO] from application in application-akka.actor.default-dispatcher-7 - ApplicationTimer demo: Starting application at 2016-05-11T19:19:38.941Z
2016-05-11 21:19:38,986 [INFO] from play.api.Play in application-akka.actor.default-dispatcher-7 - Application started (Dev)
2016-05-11 21:21:01,501 [INFO] from application in application-akka.actor.default-dispatcher-4 - ApplicationTimer demo: Stopping application at 2016-05-11T19:21:01.501Z after 83s.
2016-05-11 21:21:01,574 [INFO] from application in application-akka.actor.default-dispatcher-4 - ApplicationTimer demo: Starting application at 2016-05-11T19:21:01.574Z
2016-05-11 21:21:01,631 [INFO] from play.api.Play in application-akka.actor.default-dispatcher-4 - Application started (Dev)
2016-05-11 21:22:04,232 [INFO] from application in application-akka.actor.default-dispatcher-9 - ApplicationTimer demo: Stopping application at 2016-05-11T19:22:04.232Z after 63s.
2016-05-11 21:22:04,284 [INFO] from application in application-akka.actor.default-dispatcher-9 - ApplicationTimer demo: Starting application at 2016-05-11T19:22:04.284Z
2016-05-11 21:22:04,318 [INFO] from play.api.Play in application-akka.actor.default-dispatcher-9 - Application started (Dev)
2016-05-11 21:22:49,655 [INFO] from application in application-akka.actor.default-dispatcher-3 - ApplicationTimer demo: Stopping application at 2016-05-11T19:22:49.655Z after 45s.
2016-05-11 21:22:49,704 [INFO] from application in application-akka.actor.default-dispatcher-3 - ApplicationTimer demo: Starting application at 2016-05-11T19:22:49.704Z
2016-05-11 21:22:49,736 [INFO] from play.api.Play in application-akka.actor.default-dispatcher-3 - Application started (Dev)
2016-05-11 21:25:42,808 [INFO] from application in application-akka.actor.default-dispatcher-6 - ApplicationTimer demo: Stopping application at 2016-05-11T19:25:42.808Z after 173s.
2016-05-11 21:25:42,861 [INFO] from application in application-akka.actor.default-dispatcher-6 - ApplicationTimer demo: Starting application at 2016-05-11T19:25:42.861Z
2016-05-11 21:25:42,896 [INFO] from play.api.Play in application-akka.actor.default-dispatcher-6 - Application started (Dev)
2016-05-11 21:26:07,123 [INFO] from application in application-akka.actor.default-dispatcher-6 - ApplicationTimer demo: Stopping application at 2016-05-11T19:26:07.123Z after 25s.
2016-05-11 21:26:07,184 [INFO] from application in application-akka.actor.default-dispatcher-6 - ApplicationTimer demo: Starting application at 2016-05-11T19:26:07.183Z
2016-05-11 21:26:07,220 [INFO] from play.api.Play in application-akka.actor.default-dispatcher-6 - Application started (Dev)
2016-05-11 21:27:31,228 [INFO] from application in application-akka.actor.default-dispatcher-13 - ApplicationTimer demo: Stopping application at 2016-05-11T19:27:31.227Z after 84s.
2016-05-11 21:27:31,282 [INFO] from application in application-akka.actor.default-dispatcher-13 - ApplicationTimer demo: Starting application at 2016-05-11T19:27:31.282Z
2016-05-11 21:27:31,320 [INFO] from play.api.Play in application-akka.actor.default-dispatcher-13 - Application started (Dev)
2016-05-11 21:27:38,724 [INFO] from application in application-akka.actor.default-dispatcher-7 - ApplicationTimer demo: Stopping application at 2016-05-11T19:27:38.724Z after 7s.
2016-05-11 21:27:38,781 [INFO] from application in application-akka.actor.default-dispatcher-7 - ApplicationTimer demo: Starting application at 2016-05-11T19:27:38.781Z
2016-05-11 21:27:38,824 [INFO] from play.api.Play in application-akka.actor.default-dispatcher-7 - Application started (Dev)
2016-05-11 21:30:10,537 [INFO] from application in application-akka.actor.default-dispatcher-5 - ApplicationTimer demo: Stopping application at 2016-05-11T19:30:10.537Z after 152s.
2016-05-11 21:30:10,608 [INFO] from application in application-akka.actor.default-dispatcher-5 - ApplicationTimer demo: Starting application at 2016-05-11T19:30:10.607Z
2016-05-11 21:30:10,663 [INFO] from play.api.Play in application-akka.actor.default-dispatcher-5 - Application started (Dev)
2016-05-11 21:30:18,067 [INFO] from application in application-akka.actor.default-dispatcher-9 - ApplicationTimer demo: Stopping application at 2016-05-11T19:30:18.067Z after 8s.
2016-05-11 21:30:18,121 [INFO] from application in application-akka.actor.default-dispatcher-9 - ApplicationTimer demo: Starting application at 2016-05-11T19:30:18.121Z
2016-05-11 21:30:18,163 [INFO] from play.api.Play in application-akka.actor.default-dispatcher-9 - Application started (Dev)
2016-05-11 21:30:29,617 [INFO] from application in application-akka.actor.default-dispatcher-4 - ApplicationTimer demo: Stopping application at 2016-05-11T19:30:29.617Z after 11s.
2016-05-11 21:30:29,670 [INFO] from application in application-akka.actor.default-dispatcher-4 - ApplicationTimer demo: Starting application at 2016-05-11T19:30:29.670Z
2016-05-11 21:30:29,708 [INFO] from play.api.Play in application-akka.actor.default-dispatcher-4 - Application started (Dev)
2016-05-11 21:30:56,483 [INFO] from application in application-akka.actor.default-dispatcher-7 - ApplicationTimer demo: Stopping application at 2016-05-11T19:30:56.483Z after 27s.
2016-05-11 21:30:56,537 [INFO] from application in application-akka.actor.default-dispatcher-7 - ApplicationTimer demo: Starting application at 2016-05-11T19:30:56.536Z
2016-05-11 21:30:56,573 [INFO] from play.api.Play in application-akka.actor.default-dispatcher-7 - Application started (Dev)
2016-05-11 21:33:05,313 [INFO] from application in application-akka.actor.default-dispatcher-9 - ApplicationTimer demo: Stopping application at 2016-05-11T19:33:05.313Z after 129s.
2016-05-11 21:33:05,364 [INFO] from application in application-akka.actor.default-dispatcher-9 - ApplicationTimer demo: Starting application at 2016-05-11T19:33:05.364Z
2016-05-11 21:33:05,412 [INFO] from play.api.Play in application-akka.actor.default-dispatcher-9 - Application started (Dev)
2016-05-11 21:34:07,660 [INFO] from application in application-akka.actor.default-dispatcher-9 - ApplicationTimer demo: Stopping application at 2016-05-11T19:34:07.660Z after 62s.
2016-05-11 21:34:07,712 [INFO] from application in application-akka.actor.default-dispatcher-9 - ApplicationTimer demo: Starting application at 2016-05-11T19:34:07.712Z
2016-05-11 21:34:07,745 [INFO] from play.api.Play in application-akka.actor.default-dispatcher-9 - Application started (Dev)
2016-05-11 21:35:05,673 [INFO] from application in application-akka.actor.default-dispatcher-5 - ApplicationTimer demo: Stopping application at 2016-05-11T19:35:05.673Z after 58s.
2016-05-11 21:35:05,727 [INFO] from application in application-akka.actor.default-dispatcher-5 - ApplicationTimer demo: Starting application at 2016-05-11T19:35:05.727Z
2016-05-11 21:35:05,761 [INFO] from play.api.Play in application-akka.actor.default-dispatcher-5 - Application started (Dev)
2016-05-11 21:37:16,671 [INFO] from application in application-akka.actor.default-dispatcher-13 - ApplicationTimer demo: Stopping application at 2016-05-11T19:37:16.671Z after 131s.
2016-05-11 21:37:16,735 [INFO] from application in application-akka.actor.default-dispatcher-13 - ApplicationTimer demo: Starting application at 2016-05-11T19:37:16.734Z
2016-05-11 21:37:16,780 [INFO] from play.api.Play in application-akka.actor.default-dispatcher-13 - Application started (Dev)
2016-05-11 21:38:03,379 [INFO] from application in application-akka.actor.default-dispatcher-10 - ApplicationTimer demo: Stopping application at 2016-05-11T19:38:03.379Z after 47s.
2016-05-11 21:38:03,431 [INFO] from application in application-akka.actor.default-dispatcher-10 - ApplicationTimer demo: Starting application at 2016-05-11T19:38:03.431Z
2016-05-11 21:38:03,467 [INFO] from play.api.Play in application-akka.actor.default-dispatcher-10 - Application started (Dev)
2016-05-11 21:41:31,798 [INFO] from application in application-akka.actor.default-dispatcher-16 - ApplicationTimer demo: Stopping application at 2016-05-11T19:41:31.798Z after 208s.
2016-05-11 21:41:31,843 [INFO] from application in application-akka.actor.default-dispatcher-16 - ApplicationTimer demo: Starting application at 2016-05-11T19:41:31.843Z
2016-05-11 21:41:31,877 [INFO] from play.api.Play in application-akka.actor.default-dispatcher-16 - Application started (Dev)
2016-05-11 21:42:41,964 [INFO] from application in application-akka.actor.default-dispatcher-11 - ApplicationTimer demo: Stopping application at 2016-05-11T19:42:41.964Z after 70s.
2016-05-11 21:42:42,013 [INFO] from application in application-akka.actor.default-dispatcher-11 - ApplicationTimer demo: Starting application at 2016-05-11T19:42:42.013Z
2016-05-11 21:42:42,059 [INFO] from play.api.Play in application-akka.actor.default-dispatcher-11 - Application started (Dev)
